#
# A fatal error has been detected by the Java Runtime Environment:
#
#  SIGSEGV (0xb) at pc=0x00007fd91533a5da, pid=9419, tid=140570344937216
#
# JRE version: Java(TM) SE Runtime Environment (7.0_80-b15) (build 1.7.0_80-b15)
# Java VM: Java HotSpot(TM) 64-Bit Server VM (24.80-b11 mixed mode linux-amd64 compressed oops)
# Problematic frame:
# C  [librxtxSerial.so+0x75da]  Java_gnu_io_RXTXPort_nativeDrain+0xea
#
# Failed to write core dump. Core dumps have been disabled. To enable core dumping, try "ulimit -c unlimited" before starting Java again
#
# If you would like to submit a bug report, please visit:
#   http://bugreport.java.com/bugreport/crash.jsp
# The crash happened outside the Java Virtual Machine in native code.
# See problematic frame for where to report the bug.
#

---------------  T H R E A D  ---------------

Current thread (0x00007fd8fc047800):  JavaThread "Thread-0" [_thread_in_native, id=9777, stack(0x00007fd91569d000,0x00007fd91579e000)]

siginfo:si_signo=SIGSEGV: si_errno=0, si_code=1 (SEGV_MAPERR), si_addr=0x00000000153316ac

Registers:
RAX=0x000000000000001c, RBX=0x00007fd91579c500, RCX=0x000000007fffffe4, RDX=0x00007fd91533ce94
RSP=0x00007fd91579c330, RBP=0x0000000000000000, RSI=0x0000000000000001, RDI=0x00007fd91579c500
R8 =0x0000000000000000, R9 =0x000000000000001c, R10=0x0000000000000000, R11=0x0000000000000000
R12=0x0000000000000000, R13=0x00007fd8fc0479e8, R14=0x00000000153316a0, R15=0x000000000000000a
RIP=0x00007fd91533a5da, EFLAGS=0x0000000000010206, CSGSFS=0x0000000000000033, ERR=0x0000000000000004
  TRAPNO=0x000000000000000e

Top of Stack: (sp=0x00007fd91579c330)
0x00007fd91579c330:   00007fd92406e308 00007fd91579c610
0x00007fd91579c340:   00000000bf61d3c8 00007fd92406e300
0x00007fd91579c350:   00007fd91579c410 00007fd9498b9469
0x00007fd91579c360:   00007fd8fc047800 00007fd92406e2f8
0x00007fd91579c370:   00007fd91579c54f 00007fd92406e2f8
0x00007fd91579c380:   00007fd949ec0390 0000005000000000
0x00007fd91579c390:   0000000000000020 0000000000000000
0x00007fd91579c3a0:   0000000000000000 00007fd9180010a0
0x00007fd91579c3b0:   0000000000000020 0000000000000100
0x00007fd91579c3c0:   0000000000000000 0000000000000000
0x00007fd91579c3d0:   000000000000000b 00007fd91533a4f0
0x00007fd91579c3e0:   0000000000000020 00007fd92406e2f8
0x00007fd91579c3f0:   0000000000000000 00007fd8fc047800
0x00007fd91579c400:   00007fd91579c54f 0000000000000003
0x00007fd91579c410:   00007fd91579c470 00007fd9498b9c1e
0x00007fd91579c420:   00007fd8fc047800 00007fd91579c460
0x00007fd91579c430:   00007fd918001070 00007fd918000f60
0x00007fd91579c440:   00007fd918000f70 00007fd8fc040430
0x00007fd91579c450:   00007fd92406e2f8 00007fd8fc047800
0x00007fd91579c460:   00007fd918000f60 00007fd92406e2f8
0x00007fd91579c470:   00007fd91579c4d0 00007fd9498ba17e
0x00007fd91579c480:   00007fd91579c54f 00007fd918000f70
0x00007fd91579c490:   00007fd949ec50f0 00007fd93e4d1b70
0x00007fd91579c4a0:   0000000000000003 00007fd91579c54f
0x00007fd91579c4b0:   0000000000001428 00007fd800000009
0x00007fd91579c4c0:   00007fd92406e2f8 00007fd91579c54f
0x00007fd91579c4d0:   00007fd91579c530 00007fd9498ba293
0x00007fd91579c4e0:   00007fd91579c668 00007fd91579c608
0x00007fd91579c4f0:   00007fd91579c608 00007fd940bf34c3
0x00007fd91579c500:   74726f5058545852 29286e696172643a
0x00007fd91579c510:   736e727574657220 000000000a30203a
0x00007fd91579c520:   00007fd91579c9b0 00007fd8fc03fb30 

Instructions: (pc=0x00007fd91533a5da)
0x00007fd91533a5ba:   00 00 48 8d 35 7f 25 00 00 48 89 c1 4c 89 ef e8
0x00007fd91533a5ca:   a2 c2 ff ff 80 7c 24 07 00 75 3b 4d 85 f6 74 36
0x00007fd91533a5da:   45 8b 7e 0c 45 85 ff 74 2d 48 8d 5c 24 10 48 8d
0x00007fd91533a5ea:   54 24 08 4c 89 ee 4c 89 f1 48 89 df e8 a5 c3 ff 

Register to memory mapping:

RAX=0x000000000000001c is an unknown value
RBX=0x00007fd91579c500 is pointing into the stack for thread: 0x00007fd8fc047800
RCX=0x000000007fffffe4 is an unknown value
RDX=0x00007fd91533ce94: <offset 0x9e94> in /usr/lib/jvm/java-7-oracle/jre/lib/amd64/librxtxSerial.so at 0x00007fd915333000
RSP=0x00007fd91579c330 is pointing into the stack for thread: 0x00007fd8fc047800
RBP=0x0000000000000000 is an unknown value
RSI=0x0000000000000001 is an unknown value
RDI=0x00007fd91579c500 is pointing into the stack for thread: 0x00007fd8fc047800
R8 =0x0000000000000000 is an unknown value
R9 =0x000000000000001c is an unknown value
R10=0x0000000000000000 is an unknown value
R11=0x0000000000000000 is an unknown value
R12=0x0000000000000000 is an unknown value
R13=0x00007fd8fc0479e8 is an unknown value
R14=0x00000000153316a0 is an unknown value
R15=0x000000000000000a is an unknown value


Stack: [0x00007fd91569d000,0x00007fd91579e000],  sp=0x00007fd91579c330,  free space=1020k
Native frames: (J=compiled Java code, j=interpreted, Vv=VM code, C=native code)
C  [librxtxSerial.so+0x75da]  Java_gnu_io_RXTXPort_nativeDrain+0xea

[error occurred during error reporting (printing native stack), id 0xb]

Java frames: (J=compiled Java code, j=interpreted, Vv=VM code)
j  gnu.io.RXTXPort.nativeDrain(Z)Z+0
j  gnu.io.RXTXPort$SerialOutputStream.flush()V+92
j  s3games.robot.RobotSerialPort.print(Ljava/lang/String;)V+24
j  s3games.robot.Robot.open()V+48
j  s3games.robot.Robot.<init>(Ljava/lang/String;Ls3games/engine/GameSpecification;)V+38
j  s3games.Controller.run()V+165
j  java.lang.Thread.run()V+11
v  ~StubRoutines::call_stub

---------------  P R O C E S S  ---------------

Java Threads: ( => current thread )
  0x00007fd8fc08d800 JavaThread "Thread-2" daemon [_thread_in_native, id=9787, stack(0x00007fd915232000,0x00007fd915333000)]
=>0x00007fd8fc047800 JavaThread "Thread-0" [_thread_in_native, id=9777, stack(0x00007fd91569d000,0x00007fd91579e000)]
  0x00007fd8fc018800 JavaThread "TimerQueue" daemon [_thread_blocked, id=9511, stack(0x00007fd91579e000,0x00007fd91589f000)]
  0x00007fd94400a000 JavaThread "DestroyJavaVM" [_thread_blocked, id=9423, stack(0x00007fd94aa46000,0x00007fd94ab47000)]
  0x00007fd9441ba800 JavaThread "AWT-EventQueue-0" [_thread_blocked, id=9447, stack(0x00007fd916755000,0x00007fd916856000)]
  0x00007fd9441b9800 JavaThread "AWT-Shutdown" [_thread_blocked, id=9446, stack(0x00007fd916856000,0x00007fd916957000)]
  0x00007fd94417c800 JavaThread "AWT-XAWT" daemon [_thread_in_native, id=9443, stack(0x00007fd916957000,0x00007fd916a58000)]
  0x00007fd94415b800 JavaThread "Java2D Disposer" daemon [_thread_blocked, id=9441, stack(0x00007fd93c0d4000,0x00007fd93c1d5000)]
  0x00007fd944095000 JavaThread "Service Thread" daemon [_thread_blocked, id=9435, stack(0x00007fd93c7fd000,0x00007fd93c8fe000)]
  0x00007fd944092800 JavaThread "C2 CompilerThread1" daemon [_thread_blocked, id=9434, stack(0x00007fd93c8fe000,0x00007fd93c9ff000)]
  0x00007fd94408f800 JavaThread "C2 CompilerThread0" daemon [_thread_in_native, id=9433, stack(0x00007fd93c9ff000,0x00007fd93cb00000)]
  0x00007fd94408d800 JavaThread "Signal Dispatcher" daemon [_thread_blocked, id=9432, stack(0x00007fd93cb00000,0x00007fd93cc01000)]
  0x00007fd94406b800 JavaThread "Finalizer" daemon [_thread_blocked, id=9430, stack(0x00007fd93d5dd000,0x00007fd93d6de000)]
  0x00007fd944069800 JavaThread "Reference Handler" daemon [_thread_blocked, id=9429, stack(0x00007fd93d6de000,0x00007fd93d7df000)]

Other Threads:
  0x00007fd944065000 VMThread [stack: 0x00007fd93d7df000,0x00007fd93d8e0000] [id=9427]
  0x00007fd94409f800 WatcherThread [stack: 0x00007fd93c6fc000,0x00007fd93c7fd000] [id=9436]

VM state:not at safepoint (normal execution)

VM Mutex/Monitor currently owned by a thread: None

Heap
 PSYoungGen      total 17920K, used 10362K [0x00000000ec280000, 0x00000000ee580000, 0x0000000100000000)
  eden space 15360K, 50% used [0x00000000ec280000,0x00000000eca257b8,0x00000000ed180000)
  from space 2560K, 98% used [0x00000000ed180000,0x00000000ed3f9060,0x00000000ed400000)
  to   space 2560K, 0% used [0x00000000ee300000,0x00000000ee300000,0x00000000ee580000)
 ParOldGen       total 40448K, used 178K [0x00000000c4800000, 0x00000000c6f80000, 0x00000000ec280000)
  object space 40448K, 0% used [0x00000000c4800000,0x00000000c482cbf0,0x00000000c6f80000)
 PSPermGen       total 21504K, used 13226K [0x00000000bf600000, 0x00000000c0b00000, 0x00000000c4800000)
  object space 21504K, 61% used [0x00000000bf600000,0x00000000c02ea898,0x00000000c0b00000)

Card table byte_map: [0x00007fd9409d0000,0x00007fd940bd6000] byte_map_base: 0x00007fd9403d5000

Polling page: 0x00007fd94ab6c000

Code Cache  [0x00007fd940bd6000, 0x00007fd940e46000, 0x00007fd943bd6000)
 total_blobs=643 nmethods=163 adapters=434 free_code_cache=48306Kb largest_free_block=49441408

Compilation events (10 events):
Event: 17.894 Thread 0x00007fd94408f800  171             java.lang.String::substring (56 bytes)
Event: 17.915 Thread 0x00007fd94408f800 nmethod 171 0x00007fd940c9af90 code [0x00007fd940c9b100, 0x00007fd940c9b458]
Event: 17.915 Thread 0x00007fd94408f800  172             java.lang.Character::toUpperCaseEx (30 bytes)
Event: 17.934 Thread 0x00007fd94408f800 nmethod 172 0x00007fd940c5ef10 code [0x00007fd940c5f080, 0x00007fd940c5f238]
Event: 17.934 Thread 0x00007fd94408f800  173             java.lang.CharacterDataLatin1::toUpperCaseEx (71 bytes)
Event: 17.935 Thread 0x00007fd94408f800 nmethod 173 0x00007fd940c66bd0 code [0x00007fd940c66d20, 0x00007fd940c66df8]
Event: 17.935 Thread 0x00007fd94408f800  174             java.lang.String::toLowerCase (8 bytes)
Event: 17.936 Thread 0x00007fd94408f800 nmethod 174 0x00007fd940c9acd0 code [0x00007fd940c9ae20, 0x00007fd940c9aec8]
Event: 17.936 Thread 0x00007fd94408f800  175             gnu.io.RXTXCommDriver::registerValidPorts (228 bytes)
Event: 17.940 Thread 0x00007fd944092800 nmethod 168 0x00007fd940caaa50 code [0x00007fd940caac20, 0x00007fd940cab3b8]

GC Heap History (2 events):
Event: 2.317 GC heap before
{Heap before GC invocations=1 (full 0):
 PSYoungGen      total 17920K, used 15360K [0x00000000ec280000, 0x00000000ed680000, 0x0000000100000000)
  eden space 15360K, 100% used [0x00000000ec280000,0x00000000ed180000,0x00000000ed180000)
  from space 2560K, 0% used [0x00000000ed400000,0x00000000ed400000,0x00000000ed680000)
  to   space 2560K, 0% used [0x00000000ed180000,0x00000000ed180000,0x00000000ed400000)
 ParOldGen       total 40448K, used 0K [0x00000000c4800000, 0x00000000c6f80000, 0x00000000ec280000)
  object space 40448K, 0% used [0x00000000c4800000,0x00000000c4800000,0x00000000c6f80000)
 PSPermGen       total 21504K, used 11229K [0x00000000bf600000, 0x00000000c0b00000, 0x00000000c4800000)
  object space 21504K, 52% used [0x00000000bf600000,0x00000000c00f7590,0x00000000c0b00000)
Event: 2.356 GC heap after
Heap after GC invocations=1 (full 0):
 PSYoungGen      total 17920K, used 2532K [0x00000000ec280000, 0x00000000ee580000, 0x0000000100000000)
  eden space 15360K, 0% used [0x00000000ec280000,0x00000000ec280000,0x00000000ed180000)
  from space 2560K, 98% used [0x00000000ed180000,0x00000000ed3f9060,0x00000000ed400000)
  to   space 2560K, 0% used [0x00000000ee300000,0x00000000ee300000,0x00000000ee580000)
 ParOldGen       total 40448K, used 178K [0x00000000c4800000, 0x00000000c6f80000, 0x00000000ec280000)
  object space 40448K, 0% used [0x00000000c4800000,0x00000000c482cbf0,0x00000000c6f80000)
 PSPermGen       total 21504K, used 11229K [0x00000000bf600000, 0x00000000c0b00000, 0x00000000c4800000)
  object space 21504K, 52% used [0x00000000bf600000,0x00000000c00f7590,0x00000000c0b00000)
}

Deoptimization events (10 events):
Event: 2.044 Thread 0x00007fd94400a000 Uncommon trap: reason=class_check action=maybe_recompile pc=0x00007fd940c50ad4 method=java.lang.String.equals(Ljava/lang/Object;)Z @ 8
Event: 2.058 Thread 0x00007fd94400a000 Uncommon trap: reason=class_check action=maybe_recompile pc=0x00007fd940c50ad4 method=java.lang.String.equals(Ljava/lang/Object;)Z @ 8
Event: 2.269 Thread 0x00007fd94417c800 Uncommon trap: reason=unstable_if action=reinterpret pc=0x00007fd940c76770 method=java.lang.ThreadLocal.get()Ljava/lang/Object; @ 11
Event: 2.358 Thread 0x00007fd94400a000 Uncommon trap: reason=unstable_if action=reinterpret pc=0x00007fd940c7b3c0 method=java.lang.ThreadLocal$ThreadLocalMap.getEntry(Ljava/lang/ThreadLocal;)Ljava/lang/ThreadLocal$ThreadLocalMap$Entry; @ 21
Event: 2.359 Thread 0x00007fd94400a000 Uncommon trap: reason=unstable_if action=reinterpret pc=0x00007fd940c59ba8 method=java.lang.String.indexOf([CII[CIII)I @ 3
Event: 2.367 Thread 0x00007fd94417c800 Uncommon trap: reason=unstable_if action=reinterpret pc=0x00007fd940c7affc method=java.lang.ThreadLocal$ThreadLocalMap.getEntry(Ljava/lang/ThreadLocal;)Ljava/lang/ThreadLocal$ThreadLocalMap$Entry; @ 21
Event: 17.587 Thread 0x00007fd8fc047800 Uncommon trap: reason=unstable_if action=reinterpret pc=0x00007fd940ca4408 method=java.lang.AbstractStringBuilder.append(Ljava/lang/String;)Ljava/lang/AbstractStringBuilder; @ 1
Event: 17.600 Thread 0x00007fd8fc047800 Uncommon trap: reason=unstable_if action=reinterpret pc=0x00007fd940c7f780 method=java.lang.AbstractStringBuilder.append(Ljava/lang/String;)Ljava/lang/AbstractStringBuilder; @ 1
Event: 17.818 Thread 0x00007fd8fc047800 Uncommon trap: reason=unstable_if action=reinterpret pc=0x00007fd940c5e184 method=java.io.UnixFileSystem.normalize(Ljava/lang/String;)Ljava/lang/String; @ 60
Event: 17.851 Thread 0x00007fd9441ba800 Uncommon trap: reason=unstable_if action=reinterpret pc=0x00007fd940ca9014 method=java.awt.Container.getMouseEventTargetImpl(IIZLjava/awt/Container$EventTargetFilter;ZZ)Ljava/awt/Component; @ 218

Internal exceptions (10 events):
Event: 17.925 Thread 0x00007fd8fc047800 Threw 0x00000000ec9a2328 at /HUDSON/workspace/7u-2-build-linux-amd64/jdk7u80/2329/hotspot/src/share/vm/prims/jni.cpp:717
Event: 17.930 Thread 0x00007fd8fc047800 Threw 0x00000000ec9da508 at /HUDSON/workspace/7u-2-build-linux-amd64/jdk7u80/2329/hotspot/src/share/vm/prims/jvm.cpp:1319
Event: 17.933 Thread 0x00007fd8fc047800 Threw 0x00000000ec9dc690 at /HUDSON/workspace/7u-2-build-linux-amd64/jdk7u80/2329/hotspot/src/share/vm/prims/jvm.cpp:1319
Event: 17.934 Thread 0x00007fd8fc047800 Threw 0x00000000ec9df610 at /HUDSON/workspace/7u-2-build-linux-amd64/jdk7u80/2329/hotspot/src/share/vm/prims/jvm.cpp:1319
Event: 17.936 Thread 0x00007fd8fc047800 Threw 0x00000000ec9e3af8 at /HUDSON/workspace/7u-2-build-linux-amd64/jdk7u80/2329/hotspot/src/share/vm/prims/jvm.cpp:1319
Event: 17.937 Thread 0x00007fd8fc047800 Threw 0x00000000ec9e6cb0 at /HUDSON/workspace/7u-2-build-linux-amd64/jdk7u80/2329/hotspot/src/share/vm/prims/jvm.cpp:1319
Event: 17.940 Thread 0x00007fd8fc047800 Threw 0x00000000ec9e90e8 at /HUDSON/workspace/7u-2-build-linux-amd64/jdk7u80/2329/hotspot/src/share/vm/prims/jvm.cpp:1319
Event: 17.949 Thread 0x00007fd8fc047800 Threw 0x00000000ec9ec248 at /HUDSON/workspace/7u-2-build-linux-amd64/jdk7u80/2329/hotspot/src/share/vm/prims/jvm.cpp:1319
Event: 17.951 Thread 0x00007fd8fc047800 Threw 0x00000000ec9efd18 at /HUDSON/workspace/7u-2-build-linux-amd64/jdk7u80/2329/hotspot/src/share/vm/prims/jvm.cpp:1319
Event: 17.953 Thread 0x00007fd8fc047800 Threw 0x00000000eca0c210 at /HUDSON/workspace/7u-2-build-linux-amd64/jdk7u80/2329/hotspot/src/share/vm/prims/jvm.cpp:1319

Events (10 events):
Event: 17.937 loading class 0x00007fd8fc090560 done
Event: 17.940 loading class 0x00007fd8fc0b0ac0
Event: 17.940 loading class 0x00007fd8fc0b0ac0 done
Event: 17.942 Thread 0x00007fd8fc08d800 Thread added: 0x00007fd8fc08d800
Event: 17.949 loading class 0x00007fd8fc083400
Event: 17.949 loading class 0x00007fd8fc083400 done
Event: 17.951 loading class 0x00007fd8fc083880
Event: 17.951 loading class 0x00007fd8fc083880 done
Event: 17.953 loading class 0x00007fd8fc08f320
Event: 17.953 loading class 0x00007fd8fc08f320 done


Dynamic libraries:
00400000-00401000 r-xp 00000000 fc:00 17170675                           /usr/lib/jvm/java-7-oracle/jre/bin/java
00600000-00601000 rw-p 00000000 fc:00 17170675                           /usr/lib/jvm/java-7-oracle/jre/bin/java
00e7d000-00e9e000 rw-p 00000000 00:00 0                                  [heap]
bf600000-c0b00000 rw-p 00000000 00:00 0 
c0b00000-c4800000 rw-p 00000000 00:00 0 
c4800000-c6f80000 rw-p 00000000 00:00 0 
c6f80000-ec280000 rw-p 00000000 00:00 0 
ec280000-ee580000 rw-p 00000000 00:00 0 
ee580000-100000000 rw-p 00000000 00:00 0 
7fd8fc000000-7fd8fc0b3000 rw-p 00000000 00:00 0 
7fd8fc0b3000-7fd900000000 ---p 00000000 00:00 0 
7fd904000000-7fd904021000 rw-p 00000000 00:00 0 
7fd904021000-7fd908000000 ---p 00000000 00:00 0 
7fd908000000-7fd908021000 rw-p 00000000 00:00 0 
7fd908021000-7fd90c000000 ---p 00000000 00:00 0 
7fd90c000000-7fd90c021000 rw-p 00000000 00:00 0 
7fd90c021000-7fd910000000 ---p 00000000 00:00 0 
7fd910000000-7fd910021000 rw-p 00000000 00:00 0 
7fd910021000-7fd914000000 ---p 00000000 00:00 0 
7fd914c78000-7fd914c7c000 r--s 00000000 fc:00 24118785                   /var/cache/fontconfig/6aa41aa22e18b8fa06a12da28ea9c28b-le64.cache-6
7fd914c7c000-7fd914c87000 r--s 00000000 fc:00 24120967                   /var/cache/fontconfig/945677eb7aeaf62f1d50efc3fb3ec7d8-le64.cache-6
7fd914c87000-7fd914c89000 r--s 00000000 fc:00 24124554                   /var/cache/fontconfig/99e8ed0e538f840c565b6ed5dad60d56-le64.cache-6
7fd914c89000-7fd914c92000 r--s 00000000 fc:00 24124553                   /var/cache/fontconfig/a6d8cf8e4ec09cdbc8633c31745a07dd-le64.cache-6
7fd914c92000-7fd914c98000 r--s 00000000 fc:00 24120964                   /var/cache/fontconfig/2cd17615ca594fa2959ae173292e504c-le64.cache-6
7fd914c98000-7fd914c99000 r--s 00000000 fc:00 24120573                   /var/cache/fontconfig/0d8c3b2ac0904cb8a57a757ad11a4a08-le64.cache-6
7fd914c99000-7fd914cae000 r--s 00000000 fc:00 24120572                   /var/cache/fontconfig/04aabc0a78ac019cf9454389977116d2-le64.cache-6
7fd914cae000-7fd914caf000 r--s 00000000 fc:00 24120571                   /var/cache/fontconfig/1ac9eb803944fde146138c791f5cc56a-le64.cache-6
7fd914caf000-7fd914cb3000 r--s 00000000 fc:00 24120570                   /var/cache/fontconfig/385c0604a188198f04d133e54aba7fe7-le64.cache-6
7fd914cb3000-7fd914cb4000 r--s 00000000 fc:00 24120569                   /var/cache/fontconfig/dc05db6664285cc2f12bf69c139ae4c3-le64.cache-6
7fd914cb4000-7fd914cb7000 r--s 00000000 fc:00 24120568                   /var/cache/fontconfig/767a8244fc0220cfb567a839d0392e0b-le64.cache-6
7fd914cb7000-7fd914cb8000 r--s 00000000 fc:00 24126356                   /var/cache/fontconfig/4794a0821666d79190d59a36cb4f44b5-le64.cache-6
7fd914cb8000-7fd914cbd000 r--s 00000000 fc:00 24120566                   /var/cache/fontconfig/8801497958630a81b71ace7c5f9b32a8-le64.cache-6
7fd914cbd000-7fd914cbe000 r--s 00000000 fc:00 24120429                   /var/cache/fontconfig/bab58bb527bb656aaa9f116d68a48d89-le64.cache-6
7fd914cbe000-7fd914cc5000 r--s 00000000 fc:00 24119877                   /var/cache/fontconfig/3047814df9a2f067bd2d96a2b9c36e5a-le64.cache-6
7fd914cc5000-7fd914ccd000 r--s 00000000 fc:00 24119863                   /var/cache/fontconfig/bf3b770c553c462765856025a94f1ce6-le64.cache-6
7fd914ccd000-7fd914cd3000 r--s 00000000 fc:00 24119518                   /var/cache/fontconfig/b47c4e1ecd0709278f4910c18777a504-le64.cache-6
7fd914cd3000-7fd914cdb000 r--s 00000000 fc:00 24124550                   /var/cache/fontconfig/52f7bdb7ce746bfd7eaa1985bd9cfa93-le64.cache-6
7fd914cdb000-7fd914cee000 r--s 00000000 fc:00 24119516                   /var/cache/fontconfig/d52a8644073d54c13679302ca1180695-le64.cache-6
7fd914cee000-7fd914cf9000 r--s 00000000 fc:00 24119507                   /var/cache/fontconfig/d589a48862398ed80a3d6066f4f56f4c-le64.cache-6
7fd914cf9000-7fd914cfc000 r--s 00000000 fc:00 24119372                   /var/cache/fontconfig/75114ca45c98e8a441da0ff356701271-le64.cache-6
7fd914cfc000-7fd914d07000 r--s 00000000 fc:00 24119064                   /var/cache/fontconfig/83bf95040141907cd45bb53cf7c1c148-le64.cache-6
7fd914d07000-7fd914d19000 r--s 00000000 fc:00 24118991                   /var/cache/fontconfig/9b89f8e3dae116d678bbf48e5f21f69b-le64.cache-6
7fd914d19000-7fd914d39000 r--s 00000000 fc:00 24118783                   /var/cache/fontconfig/e13b20fdb08344e0e664864cc2ede53d-le64.cache-6
7fd914d39000-7fd914d3d000 r--s 00000000 fc:00 24126361                   /var/cache/fontconfig/7ef2298fde41cc6eeb7af42e48b7d293-le64.cache-6
7fd914d3d000-7fd914d4a000 r--s 00000000 fc:00 24118776                   /var/cache/fontconfig/8f02d4cb045bd6ce15663e43f347c9f8-le64.cache-6
7fd915232000-7fd915235000 ---p 00000000 00:00 0 
7fd915235000-7fd915333000 rw-p 00000000 00:00 0 
7fd915333000-7fd915340000 r-xp 00000000 fc:00 15073411                   /usr/lib/jvm/java-7-oracle/jre/lib/amd64/librxtxSerial.so
7fd915340000-7fd91553f000 ---p 0000d000 fc:00 15073411                   /usr/lib/jvm/java-7-oracle/jre/lib/amd64/librxtxSerial.so
7fd91553f000-7fd915540000 rw-p 0000c000 fc:00 15073411                   /usr/lib/jvm/java-7-oracle/jre/lib/amd64/librxtxSerial.so
7fd915540000-7fd9155f2000 rw-s 00000000 00:05 6127639                    /SYSV00000000 (deleted)
7fd9155f2000-7fd91569d000 rw-s 00000000 00:05 6094867                    /SYSV00000000 (deleted)
7fd91569d000-7fd9156a0000 ---p 00000000 00:00 0 
7fd9156a0000-7fd91579e000 rw-p 00000000 00:00 0 
7fd91579e000-7fd9157a1000 ---p 00000000 00:00 0 
7fd9157a1000-7fd91589f000 rw-p 00000000 00:00 0 
7fd91589f000-7fd9158a0000 r--s 00000000 fc:00 24119839                   /var/cache/fontconfig/56cf4f4769d0f4abc89a4895d7bd3ae1-le64.cache-6
7fd9158a0000-7fd9158c1000 r--s 00000000 fc:00 24117528                   /var/cache/fontconfig/467c019e582ee353435ea5c21d137ef6-le64.cache-6
7fd91591e000-7fd915987000 r-xp 00000000 fc:00 15076811                   /usr/lib/jvm/java-7-oracle/jre/lib/amd64/libt2k.so
7fd915987000-7fd915b86000 ---p 00069000 fc:00 15076811                   /usr/lib/jvm/java-7-oracle/jre/lib/amd64/libt2k.so
7fd915b86000-7fd915b8d000 rw-p 00068000 fc:00 15076811                   /usr/lib/jvm/java-7-oracle/jre/lib/amd64/libt2k.so
7fd915b8d000-7fd915b9d000 rw-p 00000000 00:00 0 
7fd915b9d000-7fd915bad000 r-xp 00000000 fc:00 15076651                   /usr/lib/jvm/java-7-oracle/jre/lib/amd64/libnio.so
7fd915bad000-7fd915dad000 ---p 00010000 fc:00 15076651                   /usr/lib/jvm/java-7-oracle/jre/lib/amd64/libnio.so
7fd915dad000-7fd915dae000 rw-p 00010000 fc:00 15076651                   /usr/lib/jvm/java-7-oracle/jre/lib/amd64/libnio.so
7fd915dae000-7fd9160af000 rw-p 00000000 00:00 0 
7fd9160af000-7fd9160c6000 r-xp 00000000 fc:00 15076685                   /usr/lib/jvm/java-7-oracle/jre/lib/amd64/libnet.so
7fd9160c6000-7fd9162c5000 ---p 00017000 fc:00 15076685                   /usr/lib/jvm/java-7-oracle/jre/lib/amd64/libnet.so
7fd9162c5000-7fd9162c6000 rw-p 00016000 fc:00 15076685                   /usr/lib/jvm/java-7-oracle/jre/lib/amd64/libnet.so
7fd9162c6000-7fd9162dc000 r-xp 00000000 fc:00 33558887                   /lib/x86_64-linux-gnu/libgcc_s.so.1
7fd9162dc000-7fd9164db000 ---p 00016000 fc:00 33558887                   /lib/x86_64-linux-gnu/libgcc_s.so.1
7fd9164db000-7fd9164dc000 rw-p 00015000 fc:00 33558887                   /lib/x86_64-linux-gnu/libgcc_s.so.1
7fd9164dc000-7fd916541000 r-xp 00000000 fc:00 15076649                   /usr/lib/jvm/java-7-oracle/jre/lib/amd64/libfontmanager.so
7fd916541000-7fd916740000 ---p 00065000 fc:00 15076649                   /usr/lib/jvm/java-7-oracle/jre/lib/amd64/libfontmanager.so
7fd916740000-7fd916745000 rw-p 00064000 fc:00 15076649                   /usr/lib/jvm/java-7-oracle/jre/lib/amd64/libfontmanager.so
7fd916745000-7fd916755000 rw-p 00000000 00:00 0 
7fd916755000-7fd916758000 ---p 00000000 00:00 0 
7fd916758000-7fd916856000 rw-p 00000000 00:00 0 
7fd916856000-7fd916859000 ---p 00000000 00:00 0 
7fd916859000-7fd916957000 rw-p 00000000 00:00 0 
7fd916957000-7fd91695a000 ---p 00000000 00:00 0 
7fd91695a000-7fd916a58000 rw-p 00000000 00:00 0 
7fd916a58000-7fd916a5d000 r-xp 00000000 fc:00 14687917                   /usr/lib/x86_64-linux-gnu/libXfixes.so.3.1.0
7fd916a5d000-7fd916c5c000 ---p 00005000 fc:00 14687917                   /usr/lib/x86_64-linux-gnu/libXfixes.so.3.1.0
7fd916c5c000-7fd916c5d000 r--p 00004000 fc:00 14687917                   /usr/lib/x86_64-linux-gnu/libXfixes.so.3.1.0
7fd916c5d000-7fd916c5e000 rw-p 00005000 fc:00 14687917                   /usr/lib/x86_64-linux-gnu/libXfixes.so.3.1.0
7fd916c5e000-7fd916c67000 r-xp 00000000 fc:00 14687909                   /usr/lib/x86_64-linux-gnu/libXcursor.so.1.0.2
7fd916c67000-7fd916e66000 ---p 00009000 fc:00 14687909                   /usr/lib/x86_64-linux-gnu/libXcursor.so.1.0.2
7fd916e66000-7fd916e67000 r--p 00008000 fc:00 14687909                   /usr/lib/x86_64-linux-gnu/libXcursor.so.1.0.2
7fd916e67000-7fd916e68000 rw-p 00009000 fc:00 14687909                   /usr/lib/x86_64-linux-gnu/libXcursor.so.1.0.2
7fd916e68000-7fd916e6d000 r-xp 00000000 fc:00 14687913                   /usr/lib/x86_64-linux-gnu/libXdmcp.so.6.0.0
7fd916e6d000-7fd91706c000 ---p 00005000 fc:00 14687913                   /usr/lib/x86_64-linux-gnu/libXdmcp.so.6.0.0
7fd91706c000-7fd91706d000 r--p 00004000 fc:00 14687913                   /usr/lib/x86_64-linux-gnu/libXdmcp.so.6.0.0
7fd91706d000-7fd91706e000 rw-p 00005000 fc:00 14687913                   /usr/lib/x86_64-linux-gnu/libXdmcp.so.6.0.0
7fd91706e000-7fd917070000 r-xp 00000000 fc:00 14687902                   /usr/lib/x86_64-linux-gnu/libXau.so.6.0.0
7fd917070000-7fd917270000 ---p 00002000 fc:00 14687902                   /usr/lib/x86_64-linux-gnu/libXau.so.6.0.0
7fd917270000-7fd917271000 r--p 00002000 fc:00 14687902                   /usr/lib/x86_64-linux-gnu/libXau.so.6.0.0
7fd917271000-7fd917272000 rw-p 00003000 fc:00 14687902                   /usr/lib/x86_64-linux-gnu/libXau.so.6.0.0
7fd917272000-7fd917293000 r-xp 00000000 fc:00 14689280                   /usr/lib/x86_64-linux-gnu/libxcb.so.1.1.0
7fd917293000-7fd917492000 ---p 00021000 fc:00 14689280                   /usr/lib/x86_64-linux-gnu/libxcb.so.1.1.0
7fd917492000-7fd917493000 r--p 00020000 fc:00 14689280                   /usr/lib/x86_64-linux-gnu/libxcb.so.1.1.0
7fd917493000-7fd917494000 rw-p 00021000 fc:00 14689280                   /usr/lib/x86_64-linux-gnu/libxcb.so.1.1.0
7fd917494000-7fd9174a3000 r-xp 00000000 fc:00 14687923                   /usr/lib/x86_64-linux-gnu/libXi.so.6.1.0
7fd9174a3000-7fd9176a2000 ---p 0000f000 fc:00 14687923                   /usr/lib/x86_64-linux-gnu/libXi.so.6.1.0
7fd9176a2000-7fd9176a3000 r--p 0000e000 fc:00 14687923                   /usr/lib/x86_64-linux-gnu/libXi.so.6.1.0
7fd9176a3000-7fd9176a4000 rw-p 0000f000 fc:00 14687923                   /usr/lib/x86_64-linux-gnu/libXi.so.6.1.0
7fd9176a4000-7fd9176a9000 r-xp 00000000 fc:00 14687941                   /usr/lib/x86_64-linux-gnu/libXtst.so.6.1.0
7fd9176a9000-7fd9178a8000 ---p 00005000 fc:00 14687941                   /usr/lib/x86_64-linux-gnu/libXtst.so.6.1.0
7fd9178a8000-7fd9178a9000 r--p 00004000 fc:00 14687941                   /usr/lib/x86_64-linux-gnu/libXtst.so.6.1.0
7fd9178a9000-7fd9178aa000 rw-p 00005000 fc:00 14687941                   /usr/lib/x86_64-linux-gnu/libXtst.so.6.1.0
7fd9178aa000-7fd9178b3000 r-xp 00000000 fc:00 14687935                   /usr/lib/x86_64-linux-gnu/libXrender.so.1.3.0
7fd9178b3000-7fd917ab2000 ---p 00009000 fc:00 14687935                   /usr/lib/x86_64-linux-gnu/libXrender.so.1.3.0
7fd917ab2000-7fd917ab3000 r--p 00008000 fc:00 14687935                   /usr/lib/x86_64-linux-gnu/libXrender.so.1.3.0
7fd917ab3000-7fd917ab4000 rw-p 00009000 fc:00 14687935                   /usr/lib/x86_64-linux-gnu/libXrender.so.1.3.0
7fd917ab4000-7fd917be9000 r-xp 00000000 fc:00 14687898                   /usr/lib/x86_64-linux-gnu/libX11.so.6.3.0
7fd917be9000-7fd917de9000 ---p 00135000 fc:00 14687898                   /usr/lib/x86_64-linux-gnu/libX11.so.6.3.0
7fd917de9000-7fd917dea000 r--p 00135000 fc:00 14687898                   /usr/lib/x86_64-linux-gnu/libX11.so.6.3.0
7fd917dea000-7fd917dee000 rw-p 00136000 fc:00 14687898                   /usr/lib/x86_64-linux-gnu/libX11.so.6.3.0
7fd917dee000-7fd917dff000 r-xp 00000000 fc:00 14687915                   /usr/lib/x86_64-linux-gnu/libXext.so.6.4.0
7fd917dff000-7fd917ffe000 ---p 00011000 fc:00 14687915                   /usr/lib/x86_64-linux-gnu/libXext.so.6.4.0
7fd917ffe000-7fd917fff000 r--p 00010000 fc:00 14687915                   /usr/lib/x86_64-linux-gnu/libXext.so.6.4.0
7fd917fff000-7fd918000000 rw-p 00011000 fc:00 14687915                   /usr/lib/x86_64-linux-gnu/libXext.so.6.4.0
7fd918000000-7fd91878b000 rw-p 00000000 00:00 0 
7fd91878b000-7fd91c000000 ---p 00000000 00:00 0 
7fd91c000000-7fd91c021000 rw-p 00000000 00:00 0 
7fd91c021000-7fd920000000 ---p 00000000 00:00 0 
7fd920000000-7fd920021000 rw-p 00000000 00:00 0 
7fd920021000-7fd924000000 ---p 00000000 00:00 0 
7fd924000000-7fd924ac0000 rw-p 00000000 00:00 0 
7fd924ac0000-7fd928000000 ---p 00000000 00:00 0 
7fd928000000-7fd928021000 rw-p 00000000 00:00 0 
7fd928021000-7fd92c000000 ---p 00000000 00:00 0 
7fd92c000000-7fd92c021000 rw-p 00000000 00:00 0 
7fd92c021000-7fd930000000 ---p 00000000 00:00 0 
7fd930000000-7fd930021000 rw-p 00000000 00:00 0 
7fd930021000-7fd934000000 ---p 00000000 00:00 0 
7fd934000000-7fd934021000 rw-p 00000000 00:00 0 
7fd934021000-7fd938000000 ---p 00000000 00:00 0 
7fd938000000-7fd938021000 rw-p 00000000 00:00 0 
7fd938021000-7fd93c000000 ---p 00000000 00:00 0 
7fd93c000000-7fd93c00e000 r--s 00000000 fc:00 39065908                   /home/krtek/.cache/fontconfig/785a6cf33364f78b52aca8d4e1f525e7-le64.cache-6
7fd93c016000-7fd93c0d4000 rw-s 00000000 00:05 6062098                    /SYSV00000000 (deleted)
7fd93c0d4000-7fd93c0d7000 ---p 00000000 00:00 0 
7fd93c0d7000-7fd93c1d5000 rw-p 00000000 00:00 0 
7fd93c1d5000-7fd93c225000 r-xp 00000000 fc:00 15076664                   /usr/lib/jvm/java-7-oracle/jre/lib/amd64/xawt/libmawt.so
7fd93c225000-7fd93c425000 ---p 00050000 fc:00 15076664                   /usr/lib/jvm/java-7-oracle/jre/lib/amd64/xawt/libmawt.so
7fd93c425000-7fd93c429000 rw-p 00050000 fc:00 15076664                   /usr/lib/jvm/java-7-oracle/jre/lib/amd64/xawt/libmawt.so
7fd93c429000-7fd93c42a000 rw-p 00000000 00:00 0 
7fd93c42a000-7fd93c4cc000 r-xp 00000000 fc:00 15076684                   /usr/lib/jvm/java-7-oracle/jre/lib/amd64/libawt.so
7fd93c4cc000-7fd93c6cc000 ---p 000a2000 fc:00 15076684                   /usr/lib/jvm/java-7-oracle/jre/lib/amd64/libawt.so
7fd93c6cc000-7fd93c6d8000 rw-p 000a2000 fc:00 15076684                   /usr/lib/jvm/java-7-oracle/jre/lib/amd64/libawt.so
7fd93c6d8000-7fd93c6fc000 rw-p 00000000 00:00 0 
7fd93c6fc000-7fd93c6fd000 ---p 00000000 00:00 0 
7fd93c6fd000-7fd93c7fd000 rw-p 00000000 00:00 0 
7fd93c7fd000-7fd93c800000 ---p 00000000 00:00 0 
7fd93c800000-7fd93c8fe000 rw-p 00000000 00:00 0 
7fd93c8fe000-7fd93c901000 ---p 00000000 00:00 0 
7fd93c901000-7fd93c9ff000 rw-p 00000000 00:00 0 
7fd93c9ff000-7fd93ca02000 ---p 00000000 00:00 0 
7fd93ca02000-7fd93cb00000 rw-p 00000000 00:00 0 
7fd93cb00000-7fd93cb03000 ---p 00000000 00:00 0 
7fd93cb03000-7fd93cc01000 rw-p 00000000 00:00 0 
7fd93cc01000-7fd93d5dd000 r--p 00000000 fc:00 14687016                   /usr/lib/locale/locale-archive
7fd93d5dd000-7fd93d5e0000 ---p 00000000 00:00 0 
7fd93d5e0000-7fd93d6de000 rw-p 00000000 00:00 0 
7fd93d6de000-7fd93d6e1000 ---p 00000000 00:00 0 
7fd93d6e1000-7fd93d7df000 rw-p 00000000 00:00 0 
7fd93d7df000-7fd93d7e0000 ---p 00000000 00:00 0 
7fd93d7e0000-7fd93e297000 rw-p 00000000 00:00 0 
7fd93e297000-7fd93e457000 r--s 039fb000 fc:00 15077871                   /usr/lib/jvm/java-7-oracle/jre/lib/rt.jar
7fd93e457000-7fd9407a5000 rw-p 00000000 00:00 0 
7fd9407a5000-7fd9407a6000 ---p 00000000 00:00 0 
7fd9407a6000-7fd9408a6000 rw-p 00000000 00:00 0 
7fd9408a6000-7fd9408a7000 ---p 00000000 00:00 0 
7fd9408a7000-7fd9409b2000 rw-p 00000000 00:00 0 
7fd9409b2000-7fd9409d0000 rw-p 00000000 00:00 0 
7fd9409d0000-7fd9409db000 rw-p 00000000 00:00 0 
7fd9409db000-7fd9409f9000 rw-p 00000000 00:00 0 
7fd9409f9000-7fd940a0d000 rw-p 00000000 00:00 0 
7fd940a0d000-7fd940b36000 rw-p 00000000 00:00 0 
7fd940b36000-7fd940b48000 rw-p 00000000 00:00 0 
7fd940b48000-7fd940bd5000 rw-p 00000000 00:00 0 
7fd940bd5000-7fd940bd6000 rw-p 00000000 00:00 0 
7fd940bd6000-7fd940e46000 rwxp 00000000 00:00 0 
7fd940e46000-7fd943bd6000 rw-p 00000000 00:00 0 
7fd943bd6000-7fd943bed000 r-xp 00000000 fc:00 15076680                   /usr/lib/jvm/java-7-oracle/jre/lib/amd64/libzip.so
7fd943bed000-7fd943ded000 ---p 00017000 fc:00 15076680                   /usr/lib/jvm/java-7-oracle/jre/lib/amd64/libzip.so
7fd943ded000-7fd943dee000 rw-p 00017000 fc:00 15076680                   /usr/lib/jvm/java-7-oracle/jre/lib/amd64/libzip.so
7fd943dee000-7fd943df9000 r-xp 00000000 fc:00 33557455                   /lib/x86_64-linux-gnu/libnss_files-2.23.so
7fd943df9000-7fd943ff8000 ---p 0000b000 fc:00 33557455                   /lib/x86_64-linux-gnu/libnss_files-2.23.so
7fd943ff8000-7fd943ff9000 r--p 0000a000 fc:00 33557455                   /lib/x86_64-linux-gnu/libnss_files-2.23.so
7fd943ff9000-7fd943ffa000 rw-p 0000b000 fc:00 33557455                   /lib/x86_64-linux-gnu/libnss_files-2.23.so
7fd943ffa000-7fd944000000 rw-p 00000000 00:00 0 
7fd944000000-7fd94433d000 rw-p 00000000 00:00 0 
7fd94433d000-7fd948000000 ---p 00000000 00:00 0 
7fd948000000-7fd948001000 r--s 00000000 fc:00 24119519                   /var/cache/fontconfig/b9d506c9ac06c20b433354fa67a72993-le64.cache-6
7fd948001000-7fd948002000 r--s 00000000 fc:00 24119509                   /var/cache/fontconfig/551ecf3b0e8b0bca0f25c0944f561853-le64.cache-6
7fd94801b000-7fd94802f000 rw-p 00000000 00:00 0 
7fd94802f000-7fd948159000 rw-p 00000000 00:00 0 
7fd948159000-7fd948164000 r-xp 00000000 fc:00 33557440                   /lib/x86_64-linux-gnu/libnss_nis-2.23.so
7fd948164000-7fd948363000 ---p 0000b000 fc:00 33557440                   /lib/x86_64-linux-gnu/libnss_nis-2.23.so
7fd948363000-7fd948364000 r--p 0000a000 fc:00 33557440                   /lib/x86_64-linux-gnu/libnss_nis-2.23.so
7fd948364000-7fd948365000 rw-p 0000b000 fc:00 33557440                   /lib/x86_64-linux-gnu/libnss_nis-2.23.so
7fd948365000-7fd94837b000 r-xp 00000000 fc:00 33557451                   /lib/x86_64-linux-gnu/libnsl-2.23.so
7fd94837b000-7fd94857a000 ---p 00016000 fc:00 33557451                   /lib/x86_64-linux-gnu/libnsl-2.23.so
7fd94857a000-7fd94857b000 r--p 00015000 fc:00 33557451                   /lib/x86_64-linux-gnu/libnsl-2.23.so
7fd94857b000-7fd94857c000 rw-p 00016000 fc:00 33557451                   /lib/x86_64-linux-gnu/libnsl-2.23.so
7fd94857c000-7fd94857e000 rw-p 00000000 00:00 0 
7fd94857e000-7fd948586000 r-xp 00000000 fc:00 33557452                   /lib/x86_64-linux-gnu/libnss_compat-2.23.so
7fd948586000-7fd948785000 ---p 00008000 fc:00 33557452                   /lib/x86_64-linux-gnu/libnss_compat-2.23.so
7fd948785000-7fd948786000 r--p 00007000 fc:00 33557452                   /lib/x86_64-linux-gnu/libnss_compat-2.23.so
7fd948786000-7fd948787000 rw-p 00008000 fc:00 33557452                   /lib/x86_64-linux-gnu/libnss_compat-2.23.so
7fd948787000-7fd9487b0000 r-xp 00000000 fc:00 15076646                   /usr/lib/jvm/java-7-oracle/jre/lib/amd64/libjava.so
7fd9487b0000-7fd9489b0000 ---p 00029000 fc:00 15076646                   /usr/lib/jvm/java-7-oracle/jre/lib/amd64/libjava.so
7fd9489b0000-7fd9489b2000 rw-p 00029000 fc:00 15076646                   /usr/lib/jvm/java-7-oracle/jre/lib/amd64/libjava.so
7fd9489b2000-7fd9489bf000 r-xp 00000000 fc:00 15076673                   /usr/lib/jvm/java-7-oracle/jre/lib/amd64/libverify.so
7fd9489bf000-7fd948bbe000 ---p 0000d000 fc:00 15076673                   /usr/lib/jvm/java-7-oracle/jre/lib/amd64/libverify.so
7fd948bbe000-7fd948bc0000 rw-p 0000c000 fc:00 15076673                   /usr/lib/jvm/java-7-oracle/jre/lib/amd64/libverify.so
7fd948bc0000-7fd948bc7000 r-xp 00000000 fc:00 33557439                   /lib/x86_64-linux-gnu/librt-2.23.so
7fd948bc7000-7fd948dc6000 ---p 00007000 fc:00 33557439                   /lib/x86_64-linux-gnu/librt-2.23.so
7fd948dc6000-7fd948dc7000 r--p 00006000 fc:00 33557439                   /lib/x86_64-linux-gnu/librt-2.23.so
7fd948dc7000-7fd948dc8000 rw-p 00007000 fc:00 33557439                   /lib/x86_64-linux-gnu/librt-2.23.so
7fd948dc8000-7fd948ed0000 r-xp 00000000 fc:00 33557449                   /lib/x86_64-linux-gnu/libm-2.23.so
7fd948ed0000-7fd9490cf000 ---p 00108000 fc:00 33557449                   /lib/x86_64-linux-gnu/libm-2.23.so
7fd9490cf000-7fd9490d0000 r--p 00107000 fc:00 33557449                   /lib/x86_64-linux-gnu/libm-2.23.so
7fd9490d0000-7fd9490d1000 rw-p 00108000 fc:00 33557449                   /lib/x86_64-linux-gnu/libm-2.23.so
7fd9490d1000-7fd949c47000 r-xp 00000000 fc:00 15076817                   /usr/lib/jvm/java-7-oracle/jre/lib/amd64/server/libjvm.so
7fd949c47000-7fd949e46000 ---p 00b76000 fc:00 15076817                   /usr/lib/jvm/java-7-oracle/jre/lib/amd64/server/libjvm.so
7fd949e46000-7fd949f0a000 rw-p 00b75000 fc:00 15076817                   /usr/lib/jvm/java-7-oracle/jre/lib/amd64/server/libjvm.so
7fd949f0a000-7fd949f4b000 rw-p 00000000 00:00 0 
7fd949f4b000-7fd94a10a000 r-xp 00000000 fc:00 33557444                   /lib/x86_64-linux-gnu/libc-2.23.so
7fd94a10a000-7fd94a30a000 ---p 001bf000 fc:00 33557444                   /lib/x86_64-linux-gnu/libc-2.23.so
7fd94a30a000-7fd94a30e000 r--p 001bf000 fc:00 33557444                   /lib/x86_64-linux-gnu/libc-2.23.so
7fd94a30e000-7fd94a310000 rw-p 001c3000 fc:00 33557444                   /lib/x86_64-linux-gnu/libc-2.23.so
7fd94a310000-7fd94a314000 rw-p 00000000 00:00 0 
7fd94a314000-7fd94a317000 r-xp 00000000 fc:00 33557443                   /lib/x86_64-linux-gnu/libdl-2.23.so
7fd94a317000-7fd94a516000 ---p 00003000 fc:00 33557443                   /lib/x86_64-linux-gnu/libdl-2.23.so
7fd94a516000-7fd94a517000 r--p 00002000 fc:00 33557443                   /lib/x86_64-linux-gnu/libdl-2.23.so
7fd94a517000-7fd94a518000 rw-p 00003000 fc:00 33557443                   /lib/x86_64-linux-gnu/libdl-2.23.so
7fd94a518000-7fd94a52d000 r-xp 00000000 fc:00 15076809                   /usr/lib/jvm/java-7-oracle/jre/lib/amd64/jli/libjli.so
7fd94a52d000-7fd94a72c000 ---p 00015000 fc:00 15076809                   /usr/lib/jvm/java-7-oracle/jre/lib/amd64/jli/libjli.so
7fd94a72c000-7fd94a72d000 rw-p 00014000 fc:00 15076809                   /usr/lib/jvm/java-7-oracle/jre/lib/amd64/jli/libjli.so
7fd94a72d000-7fd94a745000 r-xp 00000000 fc:00 33557450                   /lib/x86_64-linux-gnu/libpthread-2.23.so
7fd94a745000-7fd94a944000 ---p 00018000 fc:00 33557450                   /lib/x86_64-linux-gnu/libpthread-2.23.so
7fd94a944000-7fd94a945000 r--p 00017000 fc:00 33557450                   /lib/x86_64-linux-gnu/libpthread-2.23.so
7fd94a945000-7fd94a946000 rw-p 00018000 fc:00 33557450                   /lib/x86_64-linux-gnu/libpthread-2.23.so
7fd94a946000-7fd94a94a000 rw-p 00000000 00:00 0 
7fd94a94a000-7fd94a970000 r-xp 00000000 fc:00 33557432                   /lib/x86_64-linux-gnu/ld-2.23.so
7fd94a970000-7fd94a971000 r--s 00000000 fc:00 24119506                   /var/cache/fontconfig/30829fa25452a46451e813d634d7f916-le64.cache-6
7fd94a971000-7fd94a972000 r--s 00000000 fc:00 24119386                   /var/cache/fontconfig/0c9eb80ebd1c36541ebe2852d3bb0c49-le64.cache-6
7fd94a972000-7fd94a973000 r--s 00000000 fc:00 24118963                   /var/cache/fontconfig/573ec803664ed168555e0e8b6d0f0c7f-le64.cache-6
7fd94a973000-7fd94a975000 r--s 00000000 fc:00 24118778                   /var/cache/fontconfig/16326683038b281783a0ef8c680e3a10-le64.cache-6
7fd94a975000-7fd94a976000 r--s 00000000 fc:00 24121133                   /var/cache/fontconfig/e0aa53bcfa504e64f87823c16bc01eb6-le64.cache-6
7fd94a981000-7fd94a982000 r--p 00000000 00:00 0 
7fd94a982000-7fd94a986000 r--s 0008b000 fc:00 15077866                   /usr/lib/jvm/java-7-oracle/jre/lib/jsse.jar
7fd94a986000-7fd94a990000 rw-p 00000000 00:00 0 
7fd94a990000-7fd94aa46000 rw-p 00000000 00:00 0 
7fd94aa46000-7fd94aa49000 ---p 00000000 00:00 0 
7fd94aa49000-7fd94ab4b000 rw-p 00000000 00:00 0 
7fd94ab4b000-7fd94ab4d000 r--s 0000d000 fc:00 15204562                   /usr/share/java/RXTXcomm-2.2pre2.jar
7fd94ab4d000-7fd94ab4e000 r--s 00000000 fc:00 15215398                   /usr/share/java/AbsoluteLayout-8.1.jar
7fd94ab4e000-7fd94ab63000 rw-p 00000000 00:00 0 
7fd94ab63000-7fd94ab6b000 rw-s 00000000 fc:00 18222867                   /tmp/hsperfdata_krtek/9419
7fd94ab6b000-7fd94ab6c000 rw-p 00000000 00:00 0 
7fd94ab6c000-7fd94ab6d000 r--p 00000000 00:00 0 
7fd94ab6d000-7fd94ab6f000 rw-p 00000000 00:00 0 
7fd94ab6f000-7fd94ab70000 r--p 00025000 fc:00 33557432                   /lib/x86_64-linux-gnu/ld-2.23.so
7fd94ab70000-7fd94ab71000 rw-p 00026000 fc:00 33557432                   /lib/x86_64-linux-gnu/ld-2.23.so
7fd94ab71000-7fd94ab72000 rw-p 00000000 00:00 0 
7ffc88df1000-7ffc88e12000 rw-p 00000000 00:00 0                          [stack]
7ffc88e4a000-7ffc88e4c000 r--p 00000000 00:00 0                          [vvar]
7ffc88e4c000-7ffc88e4e000 r-xp 00000000 00:00 0                          [vdso]
ffffffffff600000-ffffffffff601000 r-xp 00000000 00:00 0                  [vsyscall]

VM Arguments:
jvm_args: -Dfile.encoding=UTF-8 
java_command: s3games.S3Games
Launcher Type: SUN_STANDARD

Environment Variables:
JAVA_HOME=/usr/lib/jvm/java-1.8.0-openjdk-amd64
PATH=/home/krtek/bin:/home/krtek/.local/bin:/usr/local/sbin:/usr/local/bin:/usr/sbin:/usr/bin:/sbin:/bin:/usr/games:/usr/local/games:/snap/bin
LD_LIBRARY_PATH=/usr/lib/jvm/java-7-oracle/bin/../jre/lib/amd64:/usr/lib/jvm/java-7-oracle/bin/../jre/lib/i386:
SHELL=/bin/bash
DISPLAY=:0

Signal Handlers:
SIGSEGV: [libjvm.so+0x9a3b20], sa_mask[0]=0x7ffbfeff, sa_flags=0x10000004
SIGBUS: [libjvm.so+0x9a3b20], sa_mask[0]=0x7ffbfeff, sa_flags=0x10000004
SIGFPE: [libjvm.so+0x81e740], sa_mask[0]=0x7ffbfeff, sa_flags=0x10000004
SIGPIPE: [libjvm.so+0x81e740], sa_mask[0]=0x7ffbfeff, sa_flags=0x10000004
SIGXFSZ: [libjvm.so+0x81e740], sa_mask[0]=0x7ffbfeff, sa_flags=0x10000004
SIGILL: [libjvm.so+0x81e740], sa_mask[0]=0x7ffbfeff, sa_flags=0x10000004
SIGUSR1: SIG_DFL, sa_mask[0]=0x00000000, sa_flags=0x00000000
SIGUSR2: [libjvm.so+0x81ffb0], sa_mask[0]=0x00000004, sa_flags=0x10000004
SIGHUP: [libjvm.so+0x8210d0], sa_mask[0]=0x7ffbfeff, sa_flags=0x10000004
SIGINT: SIG_IGN, sa_mask[0]=0x00000000, sa_flags=0x00000000
SIGTERM: [libjvm.so+0x8210d0], sa_mask[0]=0x7ffbfeff, sa_flags=0x10000004
SIGQUIT: [libjvm.so+0x8210d0], sa_mask[0]=0x7ffbfeff, sa_flags=0x10000004


---------------  S Y S T E M  ---------------

OS:stretch/sid

uname:Linux 4.4.0-64-generic #85-Ubuntu SMP Mon Feb 20 11:50:30 UTC 2017 x86_64
libc:glibc 2.23 NPTL 2.23 
rlimit: STACK 8192k, CORE 0k, NPROC 15061, NOFILE 65536, AS infinity
load average:1.55 1.56 1.60

/proc/meminfo:
MemTotal:        3895996 kB
MemFree:          229540 kB
MemAvailable:    1160464 kB
Buffers:           72580 kB
Cached:          1336360 kB
SwapCached:        39524 kB
Active:          2348956 kB
Inactive:        1042108 kB
Active(anon):    1622592 kB
Inactive(anon):   693768 kB
Active(file):     726364 kB
Inactive(file):   348340 kB
Unevictable:        1300 kB
Mlocked:            1300 kB
SwapTotal:       4038652 kB
SwapFree:        3486012 kB
Dirty:               864 kB
Writeback:             0 kB
AnonPages:       1965956 kB
Mapped:           354316 kB
Shmem:            334112 kB
Slab:             163300 kB
SReclaimable:     123748 kB
SUnreclaim:        39552 kB
KernelStack:       11072 kB
PageTables:        49160 kB
NFS_Unstable:          0 kB
Bounce:                0 kB
WritebackTmp:          0 kB
CommitLimit:     5986648 kB
Committed_AS:    8041412 kB
VmallocTotal:   34359738367 kB
VmallocUsed:           0 kB
VmallocChunk:          0 kB
HardwareCorrupted:     0 kB
AnonHugePages:   1069056 kB
CmaTotal:              0 kB
CmaFree:               0 kB
HugePages_Total:       0
HugePages_Free:        0
HugePages_Rsvd:        0
HugePages_Surp:        0
Hugepagesize:       2048 kB
DirectMap4k:      178432 kB
DirectMap2M:     3864576 kB


CPU:total 2 (2 cores per cpu, 1 threads per core) family 6 model 42 stepping 7, cmov, cx8, fxsr, mmx, sse, sse2, sse3, ssse3, sse4.1, sse4.2, popcnt, tsc, tscinvbit

/proc/cpuinfo:
processor	: 0
vendor_id	: GenuineIntel
cpu family	: 6
model		: 42
model name	: Intel(R) Celeron(R) CPU B800 @ 1.50GHz
stepping	: 7
microcode	: 0x29
cpu MHz		: 1499.941
cache size	: 2048 KB
physical id	: 0
siblings	: 2
core id		: 0
cpu cores	: 2
apicid		: 0
initial apicid	: 0
fpu		: yes
fpu_exception	: yes
cpuid level	: 13
wp		: yes
flags		: fpu vme de pse tsc msr pae mce cx8 apic sep mtrr pge mca cmov pat pse36 clflush dts acpi mmx fxsr sse sse2 ss ht tm pbe syscall nx rdtscp lm constant_tsc arch_perfmon pebs bts rep_good nopl xtopology nonstop_tsc aperfmperf eagerfpu pni pclmulqdq dtes64 monitor ds_cpl vmx est tm2 ssse3 cx16 xtpr pdcm pcid sse4_1 sse4_2 x2apic popcnt tsc_deadline_timer xsave lahf_lm epb tpr_shadow vnmi flexpriority ept vpid xsaveopt dtherm arat pln pts
bugs		:
bogomips	: 2992.92
clflush size	: 64
cache_alignment	: 64
address sizes	: 36 bits physical, 48 bits virtual
power management:

processor	: 1
vendor_id	: GenuineIntel
cpu family	: 6
model		: 42
model name	: Intel(R) Celeron(R) CPU B800 @ 1.50GHz
stepping	: 7
microcode	: 0x29
cpu MHz		: 1500.000
cache size	: 2048 KB
physical id	: 0
siblings	: 2
core id		: 1
cpu cores	: 2
apicid		: 2
initial apicid	: 2
fpu		: yes
fpu_exception	: yes
cpuid level	: 13
wp		: yes
flags		: fpu vme de pse tsc msr pae mce cx8 apic sep mtrr pge mca cmov pat pse36 clflush dts acpi mmx fxsr sse sse2 ss ht tm pbe syscall nx rdtscp lm constant_tsc arch_perfmon pebs bts rep_good nopl xtopology nonstop_tsc aperfmperf eagerfpu pni pclmulqdq dtes64 monitor ds_cpl vmx est tm2 ssse3 cx16 xtpr pdcm pcid sse4_1 sse4_2 x2apic popcnt tsc_deadline_timer xsave lahf_lm epb tpr_shadow vnmi flexpriority ept vpid xsaveopt dtherm arat pln pts
bugs		:
bogomips	: 2992.92
clflush size	: 64
cache_alignment	: 64
address sizes	: 36 bits physical, 48 bits virtual
power management:



Memory: 4k page, physical 3895996k(229540k free), swap 4038652k(3486012k free)

vm_info: Java HotSpot(TM) 64-Bit Server VM (24.80-b11) for linux-amd64 JRE (1.7.0_80-b15), built on Apr 10 2015 19:53:14 by "java_re" with gcc 4.3.0 20080428 (Red Hat 4.3.0-8)

time: Sun Mar  5 20:30:03 2017
elapsed time: 18 seconds

