#
# A fatal error has been detected by the Java Runtime Environment:
#
#  SIGSEGV (0xb) at pc=0x00007f01a33a45da, pid=4017, tid=139645014800128
#
# JRE version: Java(TM) SE Runtime Environment (7.0_80-b15) (build 1.7.0_80-b15)
# Java VM: Java HotSpot(TM) 64-Bit Server VM (24.80-b11 mixed mode linux-amd64 compressed oops)
# Problematic frame:
# C  [librxtxSerial.so+0x75da]  Java_gnu_io_RXTXPort_nativeDrain+0xea
#
# Failed to write core dump. Core dumps have been disabled. To enable core dumping, try "ulimit -c unlimited" before starting Java again
#
# If you would like to submit a bug report, please visit:
#   http://bugreport.java.com/bugreport/crash.jsp
# The crash happened outside the Java Virtual Machine in native code.
# See problematic frame for where to report the bug.
#

---------------  T H R E A D  ---------------

Current thread (0x00007f019c043000):  JavaThread "Thread-0" [_thread_in_native, id=4039, stack(0x00007f01a3707000,0x00007f01a3808000)]

siginfo:si_signo=SIGSEGV: si_errno=0, si_code=1 (SEGV_MAPERR), si_addr=0xffffffffa339b7ac

Registers:
RAX=0x000000000000001c, RBX=0x00007f01a3806400, RCX=0x000000007fffffe4, RDX=0x00007f01a33a6e94
RSP=0x00007f01a3806230, RBP=0x0000000000000000, RSI=0x0000000000000001, RDI=0x00007f01a3806400
R8 =0x0000000000000000, R9 =0x000000000000001c, R10=0x0000000000000000, R11=0x0000000000000000
R12=0x0000000000000000, R13=0x00007f019c0431e8, R14=0xffffffffa339b7a0, R15=0x000000000000000b
RIP=0x00007f01a33a45da, EFLAGS=0x0000000000010286, CSGSFS=0x0000000000000033, ERR=0x0000000000000005
  TRAPNO=0x000000000000000e

Top of Stack: (sp=0x00007f01a3806230)
0x00007f01a3806230:   00007f01b4129f68 00007f01a3806510
0x00007f01a3806240:   00000000bf61d3c8 00007f01b4129f60
0x00007f01a3806250:   00007f01a3806310 00007f01e7828469
0x00007f01a3806260:   00007f019c043000 00007f01b4129f58
0x00007f01a3806270:   00007f01a380644f 00007f01b4129f58
0x00007f01a3806280:   00007f01e7e2f390 0000005000000000
0x00007f01a3806290:   0000000000000020 0000000000000000
0x00007f01a38062a0:   0000000000000000 00007f01b4011580
0x00007f01a38062b0:   0000000000000020 0000000000000100
0x00007f01a38062c0:   0000000000000000 0000000000000000
0x00007f01a38062d0:   000000000000000b 00007f01a33a44f0
0x00007f01a38062e0:   0000000000000020 00007f01b4129f58
0x00007f01a38062f0:   0000000000000000 00007f019c043000
0x00007f01a3806300:   00007f01a380644f 0000000000000003
0x00007f01a3806310:   00007f01a3806370 00007f01e7828c1e
0x00007f01a3806320:   00007f019c043000 00007f01a3806360
0x00007f01a3806330:   00007f01b4011550 00007f01b4011440
0x00007f01a3806340:   00007f01b4011450 00007f019c03d450
0x00007f01a3806350:   00007f01b4129f58 00007f019c043000
0x00007f01a3806360:   00007f01b4011440 00007f01b4129f58
0x00007f01a3806370:   00007f01a38063d0 00007f01e782917e
0x00007f01a3806380:   00007f01a380644f 00007f01b4011450
0x00007f01a3806390:   00007f01e7e340f0 00007f01e54abb70
0x00007f01a38063a0:   0000000000000003 00007f01a380644f
0x00007f01a38063b0:   0000000000001428 00007f0100000009
0x00007f01a38063c0:   00007f01b4129f58 00007f01a380644f
0x00007f01a38063d0:   00007f01a3806430 00007f01e7829293
0x00007f01a38063e0:   00007f01a3806568 00007f01a3806508
0x00007f01a38063f0:   00007f01a3806508 00007f01dd01d4c3
0x00007f01a3806400:   74726f5058545852 29286e696172643a
0x00007f01a3806410:   736e727574657220 000000000a30203a
0x00007f01a3806420:   00007f01a38068b0 00007f019c03c9e0 

Instructions: (pc=0x00007f01a33a45da)
0x00007f01a33a45ba:   00 00 48 8d 35 7f 25 00 00 48 89 c1 4c 89 ef e8
0x00007f01a33a45ca:   a2 c2 ff ff 80 7c 24 07 00 75 3b 4d 85 f6 74 36
0x00007f01a33a45da:   45 8b 7e 0c 45 85 ff 74 2d 48 8d 5c 24 10 48 8d
0x00007f01a33a45ea:   54 24 08 4c 89 ee 4c 89 f1 48 89 df e8 a5 c3 ff 

Register to memory mapping:

RAX=0x000000000000001c is an unknown value
RBX=0x00007f01a3806400 is pointing into the stack for thread: 0x00007f019c043000
RCX=0x000000007fffffe4 is an unknown value
RDX=0x00007f01a33a6e94: <offset 0x9e94> in /usr/lib/jvm/java-7-oracle/jre/lib/amd64/librxtxSerial.so at 0x00007f01a339d000
RSP=0x00007f01a3806230 is pointing into the stack for thread: 0x00007f019c043000
RBP=0x0000000000000000 is an unknown value
RSI=0x0000000000000001 is an unknown value
RDI=0x00007f01a3806400 is pointing into the stack for thread: 0x00007f019c043000
R8 =0x0000000000000000 is an unknown value
R9 =0x000000000000001c is an unknown value
R10=0x0000000000000000 is an unknown value
R11=0x0000000000000000 is an unknown value
R12=0x0000000000000000 is an unknown value
R13=0x00007f019c0431e8 is an unknown value
R14=0xffffffffa339b7a0 is an unknown value
R15=0x000000000000000b is an unknown value


Stack: [0x00007f01a3707000,0x00007f01a3808000],  sp=0x00007f01a3806230,  free space=1020k
Native frames: (J=compiled Java code, j=interpreted, Vv=VM code, C=native code)
C  [librxtxSerial.so+0x75da]  Java_gnu_io_RXTXPort_nativeDrain+0xea

[error occurred during error reporting (printing native stack), id 0xb]

Java frames: (J=compiled Java code, j=interpreted, Vv=VM code)
j  gnu.io.RXTXPort.nativeDrain(Z)Z+0
j  gnu.io.RXTXPort$SerialOutputStream.flush()V+92
j  s3games.robot.RobotSerialPort.print(Ljava/lang/String;)V+24
j  s3games.robot.Robot.open()V+48
j  s3games.robot.Robot.<init>(Ljava/lang/String;Ls3games/engine/GameSpecification;)V+38
j  s3games.Controller.run()V+165
j  java.lang.Thread.run()V+11
v  ~StubRoutines::call_stub

---------------  P R O C E S S  ---------------

Java Threads: ( => current thread )
  0x00007f019c04f800 JavaThread "Thread-2" [_thread_in_native, id=4041, stack(0x00007f01a329c000,0x00007f01a339d000)]
=>0x00007f019c043000 JavaThread "Thread-0" [_thread_in_native, id=4039, stack(0x00007f01a3707000,0x00007f01a3808000)]
  0x00007f019c020800 JavaThread "TimerQueue" daemon [_thread_blocked, id=4037, stack(0x00007f01a292a000,0x00007f01a2a2b000)]
  0x00007f01e000a000 JavaThread "DestroyJavaVM" [_thread_blocked, id=4021, stack(0x00007f01e89bb000,0x00007f01e8abc000)]
  0x00007f01e01fc800 JavaThread "AWT-EventQueue-0" [_thread_blocked, id=4035, stack(0x00007f01d8701000,0x00007f01d8802000)]
  0x00007f01e01fb800 JavaThread "AWT-Shutdown" [_thread_blocked, id=4034, stack(0x00007f01d8802000,0x00007f01d8903000)]
  0x00007f01e019f000 JavaThread "AWT-XAWT" daemon [_thread_in_native, id=4033, stack(0x00007f01d8903000,0x00007f01d8a04000)]
  0x00007f01e017d800 JavaThread "Java2D Disposer" daemon [_thread_blocked, id=4032, stack(0x00007f01d8e14000,0x00007f01d8f15000)]
  0x00007f01e0095000 JavaThread "Service Thread" daemon [_thread_blocked, id=4030, stack(0x00007f01e41b3000,0x00007f01e42b4000)]
  0x00007f01e0092800 JavaThread "C2 CompilerThread1" daemon [_thread_blocked, id=4029, stack(0x00007f01e42b4000,0x00007f01e43b5000)]
  0x00007f01e0090000 JavaThread "C2 CompilerThread0" daemon [_thread_blocked, id=4028, stack(0x00007f01e43b5000,0x00007f01e44b6000)]
  0x00007f01e008d800 JavaThread "Signal Dispatcher" daemon [_thread_blocked, id=4027, stack(0x00007f01e44b6000,0x00007f01e45b7000)]
  0x00007f01e006b800 JavaThread "Finalizer" daemon [_thread_blocked, id=4026, stack(0x00007f01e45b7000,0x00007f01e46b8000)]
  0x00007f01e0069800 JavaThread "Reference Handler" daemon [_thread_blocked, id=4025, stack(0x00007f01e46b8000,0x00007f01e47b9000)]

Other Threads:
  0x00007f01e0065000 VMThread [stack: 0x00007f01e47b9000,0x00007f01e48ba000] [id=4024]
  0x00007f01e009f800 WatcherThread [stack: 0x00007f01e40b2000,0x00007f01e41b3000] [id=4031]

VM state:not at safepoint (normal execution)

VM Mutex/Monitor currently owned by a thread: None

Heap
 PSYoungGen      total 17920K, used 8660K [0x00000000ec280000, 0x00000000ed680000, 0x0000000100000000)
  eden space 15360K, 39% used [0x00000000ec280000,0x00000000ec878800,0x00000000ed180000)
  from space 2560K, 99% used [0x00000000ed180000,0x00000000ed3fc820,0x00000000ed400000)
  to   space 2560K, 0% used [0x00000000ed400000,0x00000000ed400000,0x00000000ed680000)
 ParOldGen       total 40448K, used 152K [0x00000000c4800000, 0x00000000c6f80000, 0x00000000ec280000)
  object space 40448K, 0% used [0x00000000c4800000,0x00000000c4826000,0x00000000c6f80000)
 PSPermGen       total 21504K, used 13233K [0x00000000bf600000, 0x00000000c0b00000, 0x00000000c4800000)
  object space 21504K, 61% used [0x00000000bf600000,0x00000000c02ec5a0,0x00000000c0b00000)

Card table byte_map: [0x00007f01e5a98000,0x00007f01e5c9e000] byte_map_base: 0x00007f01e549d000

Polling page: 0x00007f01e8adb000

Code Cache  [0x00007f01dd000000, 0x00007f01dd270000, 0x00007f01e0000000)
 total_blobs=641 nmethods=161 adapters=434 free_code_cache=48316Kb largest_free_block=49451008

Compilation events (10 events):
Event: 25.069 Thread 0x00007f01e0090000  172             sun.awt.SunToolkit::isInstanceOf (71 bytes)
Event: 25.074 Thread 0x00007f01e0092800  173             java.lang.Class::getName (21 bytes)
Event: 25.076 Thread 0x00007f01e0092800 nmethod 173 0x00007f01dd0cf1d0 code [0x00007f01dd0cf320, 0x00007f01dd0cf3c8]
Event: 25.076 Thread 0x00007f01e0092800  174             java.lang.Long::compareTo (9 bytes)
Event: 25.077 Thread 0x00007f01e0092800 nmethod 174 0x00007f01dd0cef10 code [0x00007f01dd0cf060, 0x00007f01dd0cf118]
Event: 25.077 Thread 0x00007f01e0092800  175             java.lang.Long::compareTo (12 bytes)
Event: 25.078 Thread 0x00007f01e0092800 nmethod 175 0x00007f01dd0cecd0 code [0x00007f01dd0cee00, 0x00007f01dd0cee78]
Event: 25.078 Thread 0x00007f01e0092800  176             java.lang.Long::compare (22 bytes)
Event: 25.078 Thread 0x00007f01e0092800 nmethod 176 0x00007f01dd0cead0 code [0x00007f01dd0cec00, 0x00007f01dd0cec58]
Event: 25.110 Thread 0x00007f01e0090000 nmethod 172 0x00007f01dd0cfbd0 code [0x00007f01dd0cfda0, 0x00007f01dd0d0620]

GC Heap History (2 events):
Event: 2.307 GC heap before
{Heap before GC invocations=1 (full 0):
 PSYoungGen      total 17920K, used 15360K [0x00000000ec280000, 0x00000000ed680000, 0x0000000100000000)
  eden space 15360K, 100% used [0x00000000ec280000,0x00000000ed180000,0x00000000ed180000)
  from space 2560K, 0% used [0x00000000ed400000,0x00000000ed400000,0x00000000ed680000)
  to   space 2560K, 0% used [0x00000000ed180000,0x00000000ed180000,0x00000000ed400000)
 ParOldGen       total 40448K, used 0K [0x00000000c4800000, 0x00000000c6f80000, 0x00000000ec280000)
  object space 40448K, 0% used [0x00000000c4800000,0x00000000c4800000,0x00000000c6f80000)
 PSPermGen       total 21504K, used 11877K [0x00000000bf600000, 0x00000000c0b00000, 0x00000000c4800000)
  object space 21504K, 55% used [0x00000000bf600000,0x00000000c01994d8,0x00000000c0b00000)
Event: 2.328 GC heap after
Heap after GC invocations=1 (full 0):
 PSYoungGen      total 17920K, used 2546K [0x00000000ec280000, 0x00000000ed680000, 0x0000000100000000)
  eden space 15360K, 0% used [0x00000000ec280000,0x00000000ec280000,0x00000000ed180000)
  from space 2560K, 99% used [0x00000000ed180000,0x00000000ed3fc820,0x00000000ed400000)
  to   space 2560K, 0% used [0x00000000ed400000,0x00000000ed400000,0x00000000ed680000)
 ParOldGen       total 40448K, used 152K [0x00000000c4800000, 0x00000000c6f80000, 0x00000000ec280000)
  object space 40448K, 0% used [0x00000000c4800000,0x00000000c4826000,0x00000000c6f80000)
 PSPermGen       total 21504K, used 11877K [0x00000000bf600000, 0x00000000c0b00000, 0x00000000c4800000)
  object space 21504K, 55% used [0x00000000bf600000,0x00000000c01994d8,0x00000000c0b00000)
}

Deoptimization events (10 events):
Event: 1.415 Thread 0x00007f01e000a000 Uncommon trap: reason=class_check action=maybe_recompile pc=0x00007f01dd07b394 method=java.lang.String.equals(Ljava/lang/Object;)Z @ 8
Event: 1.433 Thread 0x00007f01e000a000 Uncommon trap: reason=class_check action=maybe_recompile pc=0x00007f01dd07b394 method=java.lang.String.equals(Ljava/lang/Object;)Z @ 8
Event: 1.545 Thread 0x00007f01e019f000 Uncommon trap: reason=unstable_if action=reinterpret pc=0x00007f01dd09a4f0 method=java.lang.ThreadLocal.get()Ljava/lang/Object; @ 11
Event: 1.554 Thread 0x00007f01e019f000 Uncommon trap: reason=unstable_if action=reinterpret pc=0x00007f01dd09a100 method=java.lang.ThreadLocal$ThreadLocalMap.getEntry(Ljava/lang/ThreadLocal;)Ljava/lang/ThreadLocal$ThreadLocalMap$Entry; @ 21
Event: 1.661 Thread 0x00007f01e000a000 Uncommon trap: reason=unstable_if action=reinterpret pc=0x00007f01dd099d3c method=java.lang.ThreadLocal$ThreadLocalMap.getEntry(Ljava/lang/ThreadLocal;)Ljava/lang/ThreadLocal$ThreadLocalMap$Entry; @ 21
Event: 1.661 Thread 0x00007f01e000a000 Uncommon trap: reason=unstable_if action=reinterpret pc=0x00007f01dd086d68 method=java.lang.String.indexOf([CII[CIII)I @ 3
Event: 24.835 Thread 0x00007f01e01fc800 Uncommon trap: reason=unstable_if action=reinterpret pc=0x00007f01dd0d2548 method=java.io.BufferedReader.readLine(Z)Ljava/lang/String; @ 137
Event: 24.974 Thread 0x00007f019c043000 Uncommon trap: reason=unstable_if action=reinterpret pc=0x00007f01dd092cc8 method=java.lang.AbstractStringBuilder.append(Ljava/lang/String;)Ljava/lang/AbstractStringBuilder; @ 1
Event: 24.975 Thread 0x00007f019c043000 Uncommon trap: reason=unstable_if action=reinterpret pc=0x00007f01dd0b4b00 method=java.lang.AbstractStringBuilder.append(Ljava/lang/String;)Ljava/lang/AbstractStringBuilder; @ 1
Event: 25.187 Thread 0x00007f019c043000 Uncommon trap: reason=unstable_if action=reinterpret pc=0x00007f01dd08b044 method=java.io.UnixFileSystem.normalize(Ljava/lang/String;)Ljava/lang/String; @ 60

Internal exceptions (10 events):
Event: 24.975 Thread 0x00007f019c043000 Implicit null exception at 0x00007f01dd0b47a5 to 0x00007f01dd0b4aed
Event: 25.045 Thread 0x00007f019c043000 Threw 0x00000000ec752ef8 at /HUDSON/workspace/7u-2-build-linux-amd64/jdk7u80/2329/hotspot/src/share/vm/prims/jni.cpp:717
Event: 25.058 Thread 0x00007f019c043000 Threw 0x00000000ec754578 at /HUDSON/workspace/7u-2-build-linux-amd64/jdk7u80/2329/hotspot/src/share/vm/prims/jvm.cpp:1319
Event: 25.062 Thread 0x00007f019c043000 Threw 0x00000000ec75afc0 at /HUDSON/workspace/7u-2-build-linux-amd64/jdk7u80/2329/hotspot/src/share/vm/prims/jvm.cpp:1319
Event: 25.099 Thread 0x00007f019c043000 Threw 0x00000000ec79acf8 at /HUDSON/workspace/7u-2-build-linux-amd64/jdk7u80/2329/hotspot/src/share/vm/prims/jvm.cpp:1319
Event: 25.187 Thread 0x00007f019c043000 Threw 0x00000000ec81f3e8 at /HUDSON/workspace/7u-2-build-linux-amd64/jdk7u80/2329/hotspot/src/share/vm/prims/jni.cpp:717
Event: 25.196 Thread 0x00007f019c043000 Threw 0x00000000ec834468 at /HUDSON/workspace/7u-2-build-linux-amd64/jdk7u80/2329/hotspot/src/share/vm/prims/jni.cpp:717
Event: 25.214 Thread 0x00007f019c043000 Threw 0x00000000ec855398 at /HUDSON/workspace/7u-2-build-linux-amd64/jdk7u80/2329/hotspot/src/share/vm/prims/jvm.cpp:1319
Event: 25.217 Thread 0x00007f019c043000 Threw 0x00000000ec858f78 at /HUDSON/workspace/7u-2-build-linux-amd64/jdk7u80/2329/hotspot/src/share/vm/prims/jvm.cpp:1319
Event: 25.219 Thread 0x00007f019c043000 Threw 0x00000000ec85bb80 at /HUDSON/workspace/7u-2-build-linux-amd64/jdk7u80/2329/hotspot/src/share/vm/prims/jvm.cpp:1319

Events (10 events):
Event: 25.204 loading class 0x00007f019c0619d0 done
Event: 25.207 loading class 0x00007f019c081850
Event: 25.207 loading class 0x00007f019c081850 done
Event: 25.209 Thread 0x00007f019c04f800 Thread added: 0x00007f019c04f800
Event: 25.214 loading class 0x00007f019c04f1d0
Event: 25.214 loading class 0x00007f019c04f1d0 done
Event: 25.217 loading class 0x00007f019c055630
Event: 25.217 loading class 0x00007f019c055630 done
Event: 25.219 loading class 0x00007f019c061120
Event: 25.219 loading class 0x00007f019c061120 done


Dynamic libraries:
00400000-00401000 r-xp 00000000 fc:00 17170675                           /usr/lib/jvm/java-7-oracle/jre/bin/java
00600000-00601000 rw-p 00000000 fc:00 17170675                           /usr/lib/jvm/java-7-oracle/jre/bin/java
00977000-00998000 rw-p 00000000 00:00 0                                  [heap]
bf600000-c0b00000 rw-p 00000000 00:00 0 
c0b00000-c4800000 rw-p 00000000 00:00 0 
c4800000-c6f80000 rw-p 00000000 00:00 0 
c6f80000-ec280000 rw-p 00000000 00:00 0 
ec280000-ed680000 rw-p 00000000 00:00 0 
ed680000-100000000 rw-p 00000000 00:00 0 
7f019c000000-7f019c083000 rw-p 00000000 00:00 0 
7f019c083000-7f01a0000000 ---p 00000000 00:00 0 
7f01a292a000-7f01a292d000 ---p 00000000 00:00 0 
7f01a292d000-7f01a2a2b000 rw-p 00000000 00:00 0 
7f01a2a2b000-7f01a2a2f000 r--s 0008b000 fc:00 15077866                   /usr/lib/jvm/java-7-oracle/jre/lib/jsse.jar
7f01a2a2f000-7f01a2aed000 rw-s 00000000 00:05 2883599                    /SYSV00000000 (deleted)
7f01a2bfa000-7f01a2bfe000 r--s 00000000 fc:00 24118785                   /var/cache/fontconfig/6aa41aa22e18b8fa06a12da28ea9c28b-le64.cache-6
7f01a2bfe000-7f01a2c09000 r--s 00000000 fc:00 24120967                   /var/cache/fontconfig/945677eb7aeaf62f1d50efc3fb3ec7d8-le64.cache-6
7f01a2c09000-7f01a2c0f000 r--s 00000000 fc:00 24120964                   /var/cache/fontconfig/2cd17615ca594fa2959ae173292e504c-le64.cache-6
7f01a2c0f000-7f01a2c10000 r--s 00000000 fc:00 24120573                   /var/cache/fontconfig/0d8c3b2ac0904cb8a57a757ad11a4a08-le64.cache-6
7f01a2c10000-7f01a2c25000 r--s 00000000 fc:00 24120572                   /var/cache/fontconfig/04aabc0a78ac019cf9454389977116d2-le64.cache-6
7f01a2c25000-7f01a2c26000 r--s 00000000 fc:00 24120571                   /var/cache/fontconfig/1ac9eb803944fde146138c791f5cc56a-le64.cache-6
7f01a2c26000-7f01a2c2a000 r--s 00000000 fc:00 24120570                   /var/cache/fontconfig/385c0604a188198f04d133e54aba7fe7-le64.cache-6
7f01a2c2a000-7f01a2c2b000 r--s 00000000 fc:00 24120569                   /var/cache/fontconfig/dc05db6664285cc2f12bf69c139ae4c3-le64.cache-6
7f01a2c2b000-7f01a2c2e000 r--s 00000000 fc:00 24120568                   /var/cache/fontconfig/767a8244fc0220cfb567a839d0392e0b-le64.cache-6
7f01a2c2e000-7f01a2c33000 r--s 00000000 fc:00 24120566                   /var/cache/fontconfig/8801497958630a81b71ace7c5f9b32a8-le64.cache-6
7f01a2c33000-7f01a2c3a000 r--s 00000000 fc:00 24119877                   /var/cache/fontconfig/3047814df9a2f067bd2d96a2b9c36e5a-le64.cache-6
7f01a2c3a000-7f01a2c42000 r--s 00000000 fc:00 24119863                   /var/cache/fontconfig/bf3b770c553c462765856025a94f1ce6-le64.cache-6
7f01a2c42000-7f01a2c55000 r--s 00000000 fc:00 24119516                   /var/cache/fontconfig/d52a8644073d54c13679302ca1180695-le64.cache-6
7f01a2c55000-7f01a2c60000 r--s 00000000 fc:00 24119507                   /var/cache/fontconfig/d589a48862398ed80a3d6066f4f56f4c-le64.cache-6
7f01a2c60000-7f01a2c72000 r--s 00000000 fc:00 24118991                   /var/cache/fontconfig/9b89f8e3dae116d678bbf48e5f21f69b-le64.cache-6
7f01a2c72000-7f01a2c92000 r--s 00000000 fc:00 24118783                   /var/cache/fontconfig/e13b20fdb08344e0e664864cc2ede53d-le64.cache-6
7f01a2c92000-7f01a2cb3000 r--s 00000000 fc:00 24117528                   /var/cache/fontconfig/467c019e582ee353435ea5c21d137ef6-le64.cache-6
7f01a329c000-7f01a329f000 ---p 00000000 00:00 0 
7f01a329f000-7f01a339d000 rw-p 00000000 00:00 0 
7f01a339d000-7f01a33aa000 r-xp 00000000 fc:00 15073411                   /usr/lib/jvm/java-7-oracle/jre/lib/amd64/librxtxSerial.so
7f01a33aa000-7f01a35a9000 ---p 0000d000 fc:00 15073411                   /usr/lib/jvm/java-7-oracle/jre/lib/amd64/librxtxSerial.so
7f01a35a9000-7f01a35aa000 rw-p 0000c000 fc:00 15073411                   /usr/lib/jvm/java-7-oracle/jre/lib/amd64/librxtxSerial.so
7f01a35aa000-7f01a365c000 rw-s 00000000 00:05 2949137                    /SYSV00000000 (deleted)
7f01a365c000-7f01a3707000 rw-s 00000000 00:05 2916368                    /SYSV00000000 (deleted)
7f01a3707000-7f01a370a000 ---p 00000000 00:00 0 
7f01a370a000-7f01a3808000 rw-p 00000000 00:00 0 
7f01a3808000-7f01a3809000 r--s 00000000 fc:00 24120567                   /var/cache/fontconfig/4794a0821666d79190d59a36cb4f44b5-le64.cache-6
7f01a3809000-7f01a380a000 r--s 00000000 fc:00 24120429                   /var/cache/fontconfig/bab58bb527bb656aaa9f116d68a48d89-le64.cache-6
7f01a380a000-7f01a380b000 r--s 00000000 fc:00 24119839                   /var/cache/fontconfig/56cf4f4769d0f4abc89a4895d7bd3ae1-le64.cache-6
7f01a380b000-7f01a380c000 r--s 00000000 fc:00 24119519                   /var/cache/fontconfig/b9d506c9ac06c20b433354fa67a72993-le64.cache-6
7f01a380c000-7f01a3817000 r--s 00000000 fc:00 24119064                   /var/cache/fontconfig/83bf95040141907cd45bb53cf7c1c148-le64.cache-6
7f01a3817000-7f01a3824000 r--s 00000000 fc:00 24118776                   /var/cache/fontconfig/8f02d4cb045bd6ce15663e43f347c9f8-le64.cache-6
7f01a386f000-7f01a38d8000 r-xp 00000000 fc:00 15076811                   /usr/lib/jvm/java-7-oracle/jre/lib/amd64/libt2k.so
7f01a38d8000-7f01a3ad7000 ---p 00069000 fc:00 15076811                   /usr/lib/jvm/java-7-oracle/jre/lib/amd64/libt2k.so
7f01a3ad7000-7f01a3ade000 rw-p 00068000 fc:00 15076811                   /usr/lib/jvm/java-7-oracle/jre/lib/amd64/libt2k.so
7f01a3ade000-7f01a3aee000 rw-p 00000000 00:00 0 
7f01a3aee000-7f01a3afe000 r-xp 00000000 fc:00 15076651                   /usr/lib/jvm/java-7-oracle/jre/lib/amd64/libnio.so
7f01a3afe000-7f01a3cfe000 ---p 00010000 fc:00 15076651                   /usr/lib/jvm/java-7-oracle/jre/lib/amd64/libnio.so
7f01a3cfe000-7f01a3cff000 rw-p 00010000 fc:00 15076651                   /usr/lib/jvm/java-7-oracle/jre/lib/amd64/libnio.so
7f01a3cff000-7f01a4000000 rw-p 00000000 00:00 0 
7f01a4000000-7f01a4021000 rw-p 00000000 00:00 0 
7f01a4021000-7f01a8000000 ---p 00000000 00:00 0 
7f01a8000000-7f01a8021000 rw-p 00000000 00:00 0 
7f01a8021000-7f01ac000000 ---p 00000000 00:00 0 
7f01ac000000-7f01ac021000 rw-p 00000000 00:00 0 
7f01ac021000-7f01b0000000 ---p 00000000 00:00 0 
7f01b0000000-7f01b0021000 rw-p 00000000 00:00 0 
7f01b0021000-7f01b4000000 ---p 00000000 00:00 0 
7f01b4000000-7f01b48b0000 rw-p 00000000 00:00 0 
7f01b48b0000-7f01b8000000 ---p 00000000 00:00 0 
7f01b8000000-7f01b8021000 rw-p 00000000 00:00 0 
7f01b8021000-7f01bc000000 ---p 00000000 00:00 0 
7f01bc000000-7f01bc021000 rw-p 00000000 00:00 0 
7f01bc021000-7f01c0000000 ---p 00000000 00:00 0 
7f01c0000000-7f01c0a75000 rw-p 00000000 00:00 0 
7f01c0a75000-7f01c4000000 ---p 00000000 00:00 0 
7f01c4000000-7f01c4021000 rw-p 00000000 00:00 0 
7f01c4021000-7f01c8000000 ---p 00000000 00:00 0 
7f01c8000000-7f01c8021000 rw-p 00000000 00:00 0 
7f01c8021000-7f01cc000000 ---p 00000000 00:00 0 
7f01cc000000-7f01cc021000 rw-p 00000000 00:00 0 
7f01cc021000-7f01d0000000 ---p 00000000 00:00 0 
7f01d0000000-7f01d0021000 rw-p 00000000 00:00 0 
7f01d0021000-7f01d4000000 ---p 00000000 00:00 0 
7f01d4000000-7f01d4021000 rw-p 00000000 00:00 0 
7f01d4021000-7f01d8000000 ---p 00000000 00:00 0 
7f01d8000000-7f01d8006000 r--s 00000000 fc:00 24119518                   /var/cache/fontconfig/b47c4e1ecd0709278f4910c18777a504-le64.cache-6
7f01d8006000-7f01d8007000 r--s 00000000 fc:00 24119509                   /var/cache/fontconfig/551ecf3b0e8b0bca0f25c0944f561853-le64.cache-6
7f01d8007000-7f01d8008000 r--s 00000000 fc:00 24119506                   /var/cache/fontconfig/30829fa25452a46451e813d634d7f916-le64.cache-6
7f01d8008000-7f01d8009000 r--s 00000000 fc:00 24119386                   /var/cache/fontconfig/0c9eb80ebd1c36541ebe2852d3bb0c49-le64.cache-6
7f01d805b000-7f01d8072000 r-xp 00000000 fc:00 15076685                   /usr/lib/jvm/java-7-oracle/jre/lib/amd64/libnet.so
7f01d8072000-7f01d8271000 ---p 00017000 fc:00 15076685                   /usr/lib/jvm/java-7-oracle/jre/lib/amd64/libnet.so
7f01d8271000-7f01d8272000 rw-p 00016000 fc:00 15076685                   /usr/lib/jvm/java-7-oracle/jre/lib/amd64/libnet.so
7f01d8272000-7f01d8288000 r-xp 00000000 fc:00 33558887                   /lib/x86_64-linux-gnu/libgcc_s.so.1
7f01d8288000-7f01d8487000 ---p 00016000 fc:00 33558887                   /lib/x86_64-linux-gnu/libgcc_s.so.1
7f01d8487000-7f01d8488000 rw-p 00015000 fc:00 33558887                   /lib/x86_64-linux-gnu/libgcc_s.so.1
7f01d8488000-7f01d84ed000 r-xp 00000000 fc:00 15076649                   /usr/lib/jvm/java-7-oracle/jre/lib/amd64/libfontmanager.so
7f01d84ed000-7f01d86ec000 ---p 00065000 fc:00 15076649                   /usr/lib/jvm/java-7-oracle/jre/lib/amd64/libfontmanager.so
7f01d86ec000-7f01d86f1000 rw-p 00064000 fc:00 15076649                   /usr/lib/jvm/java-7-oracle/jre/lib/amd64/libfontmanager.so
7f01d86f1000-7f01d8701000 rw-p 00000000 00:00 0 
7f01d8701000-7f01d8704000 ---p 00000000 00:00 0 
7f01d8704000-7f01d8802000 rw-p 00000000 00:00 0 
7f01d8802000-7f01d8805000 ---p 00000000 00:00 0 
7f01d8805000-7f01d8903000 rw-p 00000000 00:00 0 
7f01d8903000-7f01d8906000 ---p 00000000 00:00 0 
7f01d8906000-7f01d8a04000 rw-p 00000000 00:00 0 
7f01d8a04000-7f01d8a09000 r-xp 00000000 fc:00 14687917                   /usr/lib/x86_64-linux-gnu/libXfixes.so.3.1.0
7f01d8a09000-7f01d8c08000 ---p 00005000 fc:00 14687917                   /usr/lib/x86_64-linux-gnu/libXfixes.so.3.1.0
7f01d8c08000-7f01d8c09000 r--p 00004000 fc:00 14687917                   /usr/lib/x86_64-linux-gnu/libXfixes.so.3.1.0
7f01d8c09000-7f01d8c0a000 rw-p 00005000 fc:00 14687917                   /usr/lib/x86_64-linux-gnu/libXfixes.so.3.1.0
7f01d8c0a000-7f01d8c13000 r-xp 00000000 fc:00 14687909                   /usr/lib/x86_64-linux-gnu/libXcursor.so.1.0.2
7f01d8c13000-7f01d8e12000 ---p 00009000 fc:00 14687909                   /usr/lib/x86_64-linux-gnu/libXcursor.so.1.0.2
7f01d8e12000-7f01d8e13000 r--p 00008000 fc:00 14687909                   /usr/lib/x86_64-linux-gnu/libXcursor.so.1.0.2
7f01d8e13000-7f01d8e14000 rw-p 00009000 fc:00 14687909                   /usr/lib/x86_64-linux-gnu/libXcursor.so.1.0.2
7f01d8e14000-7f01d8e17000 ---p 00000000 00:00 0 
7f01d8e17000-7f01d8f15000 rw-p 00000000 00:00 0 
7f01d8f15000-7f01d8f1a000 r-xp 00000000 fc:00 14687913                   /usr/lib/x86_64-linux-gnu/libXdmcp.so.6.0.0
7f01d8f1a000-7f01d9119000 ---p 00005000 fc:00 14687913                   /usr/lib/x86_64-linux-gnu/libXdmcp.so.6.0.0
7f01d9119000-7f01d911a000 r--p 00004000 fc:00 14687913                   /usr/lib/x86_64-linux-gnu/libXdmcp.so.6.0.0
7f01d911a000-7f01d911b000 rw-p 00005000 fc:00 14687913                   /usr/lib/x86_64-linux-gnu/libXdmcp.so.6.0.0
7f01d911b000-7f01d911d000 r-xp 00000000 fc:00 14687902                   /usr/lib/x86_64-linux-gnu/libXau.so.6.0.0
7f01d911d000-7f01d931d000 ---p 00002000 fc:00 14687902                   /usr/lib/x86_64-linux-gnu/libXau.so.6.0.0
7f01d931d000-7f01d931e000 r--p 00002000 fc:00 14687902                   /usr/lib/x86_64-linux-gnu/libXau.so.6.0.0
7f01d931e000-7f01d931f000 rw-p 00003000 fc:00 14687902                   /usr/lib/x86_64-linux-gnu/libXau.so.6.0.0
7f01d931f000-7f01d9340000 r-xp 00000000 fc:00 14689280                   /usr/lib/x86_64-linux-gnu/libxcb.so.1.1.0
7f01d9340000-7f01d953f000 ---p 00021000 fc:00 14689280                   /usr/lib/x86_64-linux-gnu/libxcb.so.1.1.0
7f01d953f000-7f01d9540000 r--p 00020000 fc:00 14689280                   /usr/lib/x86_64-linux-gnu/libxcb.so.1.1.0
7f01d9540000-7f01d9541000 rw-p 00021000 fc:00 14689280                   /usr/lib/x86_64-linux-gnu/libxcb.so.1.1.0
7f01d9541000-7f01d9550000 r-xp 00000000 fc:00 14687923                   /usr/lib/x86_64-linux-gnu/libXi.so.6.1.0
7f01d9550000-7f01d974f000 ---p 0000f000 fc:00 14687923                   /usr/lib/x86_64-linux-gnu/libXi.so.6.1.0
7f01d974f000-7f01d9750000 r--p 0000e000 fc:00 14687923                   /usr/lib/x86_64-linux-gnu/libXi.so.6.1.0
7f01d9750000-7f01d9751000 rw-p 0000f000 fc:00 14687923                   /usr/lib/x86_64-linux-gnu/libXi.so.6.1.0
7f01d9751000-7f01d9756000 r-xp 00000000 fc:00 14687941                   /usr/lib/x86_64-linux-gnu/libXtst.so.6.1.0
7f01d9756000-7f01d9955000 ---p 00005000 fc:00 14687941                   /usr/lib/x86_64-linux-gnu/libXtst.so.6.1.0
7f01d9955000-7f01d9956000 r--p 00004000 fc:00 14687941                   /usr/lib/x86_64-linux-gnu/libXtst.so.6.1.0
7f01d9956000-7f01d9957000 rw-p 00005000 fc:00 14687941                   /usr/lib/x86_64-linux-gnu/libXtst.so.6.1.0
7f01d9957000-7f01d9960000 r-xp 00000000 fc:00 14687935                   /usr/lib/x86_64-linux-gnu/libXrender.so.1.3.0
7f01d9960000-7f01d9b5f000 ---p 00009000 fc:00 14687935                   /usr/lib/x86_64-linux-gnu/libXrender.so.1.3.0
7f01d9b5f000-7f01d9b60000 r--p 00008000 fc:00 14687935                   /usr/lib/x86_64-linux-gnu/libXrender.so.1.3.0
7f01d9b60000-7f01d9b61000 rw-p 00009000 fc:00 14687935                   /usr/lib/x86_64-linux-gnu/libXrender.so.1.3.0
7f01d9b61000-7f01d9c96000 r-xp 00000000 fc:00 14687898                   /usr/lib/x86_64-linux-gnu/libX11.so.6.3.0
7f01d9c96000-7f01d9e96000 ---p 00135000 fc:00 14687898                   /usr/lib/x86_64-linux-gnu/libX11.so.6.3.0
7f01d9e96000-7f01d9e97000 r--p 00135000 fc:00 14687898                   /usr/lib/x86_64-linux-gnu/libX11.so.6.3.0
7f01d9e97000-7f01d9e9b000 rw-p 00136000 fc:00 14687898                   /usr/lib/x86_64-linux-gnu/libX11.so.6.3.0
7f01d9e9b000-7f01d9eac000 r-xp 00000000 fc:00 14687915                   /usr/lib/x86_64-linux-gnu/libXext.so.6.4.0
7f01d9eac000-7f01da0ab000 ---p 00011000 fc:00 14687915                   /usr/lib/x86_64-linux-gnu/libXext.so.6.4.0
7f01da0ab000-7f01da0ac000 r--p 00010000 fc:00 14687915                   /usr/lib/x86_64-linux-gnu/libXext.so.6.4.0
7f01da0ac000-7f01da0ad000 rw-p 00011000 fc:00 14687915                   /usr/lib/x86_64-linux-gnu/libXext.so.6.4.0
7f01da0ad000-7f01da0fd000 r-xp 00000000 fc:00 15076664                   /usr/lib/jvm/java-7-oracle/jre/lib/amd64/xawt/libmawt.so
7f01da0fd000-7f01da2fd000 ---p 00050000 fc:00 15076664                   /usr/lib/jvm/java-7-oracle/jre/lib/amd64/xawt/libmawt.so
7f01da2fd000-7f01da301000 rw-p 00050000 fc:00 15076664                   /usr/lib/jvm/java-7-oracle/jre/lib/amd64/xawt/libmawt.so
7f01da301000-7f01da302000 rw-p 00000000 00:00 0 
7f01da302000-7f01da3a4000 r-xp 00000000 fc:00 15076684                   /usr/lib/jvm/java-7-oracle/jre/lib/amd64/libawt.so
7f01da3a4000-7f01da5a4000 ---p 000a2000 fc:00 15076684                   /usr/lib/jvm/java-7-oracle/jre/lib/amd64/libawt.so
7f01da5a4000-7f01da5b0000 rw-p 000a2000 fc:00 15076684                   /usr/lib/jvm/java-7-oracle/jre/lib/amd64/libawt.so
7f01da5b0000-7f01da5d4000 rw-p 00000000 00:00 0 
7f01da5d4000-7f01dafb0000 r--p 00000000 fc:00 14687016                   /usr/lib/locale/locale-archive
7f01dafb0000-7f01dd000000 rw-p 00000000 00:00 0 
7f01dd000000-7f01dd270000 rwxp 00000000 00:00 0 
7f01dd270000-7f01e0382000 rw-p 00000000 00:00 0 
7f01e0382000-7f01e4000000 ---p 00000000 00:00 0 
7f01e4000000-7f01e400c000 r--s 00000000 fc:00 39064685                   /home/krtek/.cache/fontconfig/785a6cf33364f78b52aca8d4e1f525e7-le64.cache-6
7f01e40b2000-7f01e40b3000 ---p 00000000 00:00 0 
7f01e40b3000-7f01e41b3000 rw-p 00000000 00:00 0 
7f01e41b3000-7f01e41b6000 ---p 00000000 00:00 0 
7f01e41b6000-7f01e42b4000 rw-p 00000000 00:00 0 
7f01e42b4000-7f01e42b7000 ---p 00000000 00:00 0 
7f01e42b7000-7f01e43b5000 rw-p 00000000 00:00 0 
7f01e43b5000-7f01e43b8000 ---p 00000000 00:00 0 
7f01e43b8000-7f01e44b6000 rw-p 00000000 00:00 0 
7f01e44b6000-7f01e44b9000 ---p 00000000 00:00 0 
7f01e44b9000-7f01e45b7000 rw-p 00000000 00:00 0 
7f01e45b7000-7f01e45ba000 ---p 00000000 00:00 0 
7f01e45ba000-7f01e46b8000 rw-p 00000000 00:00 0 
7f01e46b8000-7f01e46bb000 ---p 00000000 00:00 0 
7f01e46bb000-7f01e47b9000 rw-p 00000000 00:00 0 
7f01e47b9000-7f01e47ba000 ---p 00000000 00:00 0 
7f01e47ba000-7f01e5271000 rw-p 00000000 00:00 0 
7f01e5271000-7f01e5431000 r--s 039fb000 fc:00 15077871                   /usr/lib/jvm/java-7-oracle/jre/lib/rt.jar
7f01e5431000-7f01e572f000 rw-p 00000000 00:00 0 
7f01e572f000-7f01e5730000 ---p 00000000 00:00 0 
7f01e5730000-7f01e5830000 rw-p 00000000 00:00 0 
7f01e5830000-7f01e5831000 ---p 00000000 00:00 0 
7f01e5831000-7f01e593c000 rw-p 00000000 00:00 0 
7f01e593c000-7f01e595a000 rw-p 00000000 00:00 0 
7f01e595a000-7f01e596e000 rw-p 00000000 00:00 0 
7f01e596e000-7f01e5a98000 rw-p 00000000 00:00 0 
7f01e5a98000-7f01e5aa3000 rw-p 00000000 00:00 0 
7f01e5aa3000-7f01e5ac1000 rw-p 00000000 00:00 0 
7f01e5ac1000-7f01e5ad5000 rw-p 00000000 00:00 0 
7f01e5ad5000-7f01e5bfe000 rw-p 00000000 00:00 0 
7f01e5bfe000-7f01e5c09000 rw-p 00000000 00:00 0 
7f01e5c09000-7f01e5c9d000 rw-p 00000000 00:00 0 
7f01e5c9d000-7f01e5c9e000 rw-p 00000000 00:00 0 
7f01e5c9e000-7f01e5cb5000 r-xp 00000000 fc:00 15076680                   /usr/lib/jvm/java-7-oracle/jre/lib/amd64/libzip.so
7f01e5cb5000-7f01e5eb5000 ---p 00017000 fc:00 15076680                   /usr/lib/jvm/java-7-oracle/jre/lib/amd64/libzip.so
7f01e5eb5000-7f01e5eb6000 rw-p 00017000 fc:00 15076680                   /usr/lib/jvm/java-7-oracle/jre/lib/amd64/libzip.so
7f01e5eb6000-7f01e5ec1000 r-xp 00000000 fc:00 33558948                   /lib/x86_64-linux-gnu/libnss_files-2.23.so
7f01e5ec1000-7f01e60c0000 ---p 0000b000 fc:00 33558948                   /lib/x86_64-linux-gnu/libnss_files-2.23.so
7f01e60c0000-7f01e60c1000 r--p 0000a000 fc:00 33558948                   /lib/x86_64-linux-gnu/libnss_files-2.23.so
7f01e60c1000-7f01e60c2000 rw-p 0000b000 fc:00 33558948                   /lib/x86_64-linux-gnu/libnss_files-2.23.so
7f01e60c2000-7f01e60c8000 rw-p 00000000 00:00 0 
7f01e60c8000-7f01e60d3000 r-xp 00000000 fc:00 33558958                   /lib/x86_64-linux-gnu/libnss_nis-2.23.so
7f01e60d3000-7f01e62d2000 ---p 0000b000 fc:00 33558958                   /lib/x86_64-linux-gnu/libnss_nis-2.23.so
7f01e62d2000-7f01e62d3000 r--p 0000a000 fc:00 33558958                   /lib/x86_64-linux-gnu/libnss_nis-2.23.so
7f01e62d3000-7f01e62d4000 rw-p 0000b000 fc:00 33558958                   /lib/x86_64-linux-gnu/libnss_nis-2.23.so
7f01e62d4000-7f01e62ea000 r-xp 00000000 fc:00 33558942                   /lib/x86_64-linux-gnu/libnsl-2.23.so
7f01e62ea000-7f01e64e9000 ---p 00016000 fc:00 33558942                   /lib/x86_64-linux-gnu/libnsl-2.23.so
7f01e64e9000-7f01e64ea000 r--p 00015000 fc:00 33558942                   /lib/x86_64-linux-gnu/libnsl-2.23.so
7f01e64ea000-7f01e64eb000 rw-p 00016000 fc:00 33558942                   /lib/x86_64-linux-gnu/libnsl-2.23.so
7f01e64eb000-7f01e64ed000 rw-p 00000000 00:00 0 
7f01e64ed000-7f01e64f5000 r-xp 00000000 fc:00 33558944                   /lib/x86_64-linux-gnu/libnss_compat-2.23.so
7f01e64f5000-7f01e66f4000 ---p 00008000 fc:00 33558944                   /lib/x86_64-linux-gnu/libnss_compat-2.23.so
7f01e66f4000-7f01e66f5000 r--p 00007000 fc:00 33558944                   /lib/x86_64-linux-gnu/libnss_compat-2.23.so
7f01e66f5000-7f01e66f6000 rw-p 00008000 fc:00 33558944                   /lib/x86_64-linux-gnu/libnss_compat-2.23.so
7f01e66f6000-7f01e671f000 r-xp 00000000 fc:00 15076646                   /usr/lib/jvm/java-7-oracle/jre/lib/amd64/libjava.so
7f01e671f000-7f01e691f000 ---p 00029000 fc:00 15076646                   /usr/lib/jvm/java-7-oracle/jre/lib/amd64/libjava.so
7f01e691f000-7f01e6921000 rw-p 00029000 fc:00 15076646                   /usr/lib/jvm/java-7-oracle/jre/lib/amd64/libjava.so
7f01e6921000-7f01e692e000 r-xp 00000000 fc:00 15076673                   /usr/lib/jvm/java-7-oracle/jre/lib/amd64/libverify.so
7f01e692e000-7f01e6b2d000 ---p 0000d000 fc:00 15076673                   /usr/lib/jvm/java-7-oracle/jre/lib/amd64/libverify.so
7f01e6b2d000-7f01e6b2f000 rw-p 0000c000 fc:00 15076673                   /usr/lib/jvm/java-7-oracle/jre/lib/amd64/libverify.so
7f01e6b2f000-7f01e6b36000 r-xp 00000000 fc:00 33559003                   /lib/x86_64-linux-gnu/librt-2.23.so
7f01e6b36000-7f01e6d35000 ---p 00007000 fc:00 33559003                   /lib/x86_64-linux-gnu/librt-2.23.so
7f01e6d35000-7f01e6d36000 r--p 00006000 fc:00 33559003                   /lib/x86_64-linux-gnu/librt-2.23.so
7f01e6d36000-7f01e6d37000 rw-p 00007000 fc:00 33559003                   /lib/x86_64-linux-gnu/librt-2.23.so
7f01e6d37000-7f01e6e3f000 r-xp 00000000 fc:00 33558919                   /lib/x86_64-linux-gnu/libm-2.23.so
7f01e6e3f000-7f01e703e000 ---p 00108000 fc:00 33558919                   /lib/x86_64-linux-gnu/libm-2.23.so
7f01e703e000-7f01e703f000 r--p 00107000 fc:00 33558919                   /lib/x86_64-linux-gnu/libm-2.23.so
7f01e703f000-7f01e7040000 rw-p 00108000 fc:00 33558919                   /lib/x86_64-linux-gnu/libm-2.23.so
7f01e7040000-7f01e7bb6000 r-xp 00000000 fc:00 15076817                   /usr/lib/jvm/java-7-oracle/jre/lib/amd64/server/libjvm.so
7f01e7bb6000-7f01e7db5000 ---p 00b76000 fc:00 15076817                   /usr/lib/jvm/java-7-oracle/jre/lib/amd64/server/libjvm.so
7f01e7db5000-7f01e7e79000 rw-p 00b75000 fc:00 15076817                   /usr/lib/jvm/java-7-oracle/jre/lib/amd64/server/libjvm.so
7f01e7e79000-7f01e7eba000 rw-p 00000000 00:00 0 
7f01e7eba000-7f01e807a000 r-xp 00000000 fc:00 33558849                   /lib/x86_64-linux-gnu/libc-2.23.so
7f01e807a000-7f01e8279000 ---p 001c0000 fc:00 33558849                   /lib/x86_64-linux-gnu/libc-2.23.so
7f01e8279000-7f01e827d000 r--p 001bf000 fc:00 33558849                   /lib/x86_64-linux-gnu/libc-2.23.so
7f01e827d000-7f01e827f000 rw-p 001c3000 fc:00 33558849                   /lib/x86_64-linux-gnu/libc-2.23.so
7f01e827f000-7f01e8283000 rw-p 00000000 00:00 0 
7f01e8283000-7f01e8286000 r-xp 00000000 fc:00 33558873                   /lib/x86_64-linux-gnu/libdl-2.23.so
7f01e8286000-7f01e8485000 ---p 00003000 fc:00 33558873                   /lib/x86_64-linux-gnu/libdl-2.23.so
7f01e8485000-7f01e8486000 r--p 00002000 fc:00 33558873                   /lib/x86_64-linux-gnu/libdl-2.23.so
7f01e8486000-7f01e8487000 rw-p 00003000 fc:00 33558873                   /lib/x86_64-linux-gnu/libdl-2.23.so
7f01e8487000-7f01e849c000 r-xp 00000000 fc:00 15076809                   /usr/lib/jvm/java-7-oracle/jre/lib/amd64/jli/libjli.so
7f01e849c000-7f01e869b000 ---p 00015000 fc:00 15076809                   /usr/lib/jvm/java-7-oracle/jre/lib/amd64/jli/libjli.so
7f01e869b000-7f01e869c000 rw-p 00014000 fc:00 15076809                   /usr/lib/jvm/java-7-oracle/jre/lib/amd64/jli/libjli.so
7f01e869c000-7f01e86b4000 r-xp 00000000 fc:00 33558995                   /lib/x86_64-linux-gnu/libpthread-2.23.so
7f01e86b4000-7f01e88b3000 ---p 00018000 fc:00 33558995                   /lib/x86_64-linux-gnu/libpthread-2.23.so
7f01e88b3000-7f01e88b4000 r--p 00017000 fc:00 33558995                   /lib/x86_64-linux-gnu/libpthread-2.23.so
7f01e88b4000-7f01e88b5000 rw-p 00018000 fc:00 33558995                   /lib/x86_64-linux-gnu/libpthread-2.23.so
7f01e88b5000-7f01e88b9000 rw-p 00000000 00:00 0 
7f01e88b9000-7f01e88df000 r-xp 00000000 fc:00 33558821                   /lib/x86_64-linux-gnu/ld-2.23.so
7f01e88df000-7f01e88e2000 r--s 00000000 fc:00 24119372                   /var/cache/fontconfig/75114ca45c98e8a441da0ff356701271-le64.cache-6
7f01e88e2000-7f01e88e6000 r--s 00000000 fc:00 24119056                   /var/cache/fontconfig/7ef2298fde41cc6eeb7af42e48b7d293-le64.cache-6
7f01e88e6000-7f01e8905000 rw-p 00000000 00:00 0 
7f01e8905000-7f01e89bb000 rw-p 00000000 00:00 0 
7f01e89bb000-7f01e89be000 ---p 00000000 00:00 0 
7f01e89be000-7f01e8ac0000 rw-p 00000000 00:00 0 
7f01e8ac0000-7f01e8ac1000 r--s 00000000 fc:00 24118999                   /var/cache/fontconfig/573ec803664ed168555e0e8b6d0f0c7f-le64.cache-6
7f01e8ac1000-7f01e8ac3000 r--s 00000000 fc:00 24118778                   /var/cache/fontconfig/16326683038b281783a0ef8c680e3a10-le64.cache-6
7f01e8ac3000-7f01e8ac4000 r--s 00000000 fc:00 24121133                   /var/cache/fontconfig/e0aa53bcfa504e64f87823c16bc01eb6-le64.cache-6
7f01e8acc000-7f01e8acd000 r--p 00000000 00:00 0 
7f01e8acd000-7f01e8acf000 r--s 0000d000 fc:00 39847344                   /home/krtek/Documents/matfyz/3-rocnik/bakalarka/source/s3games/s3games/RXTXcomm.jar
7f01e8acf000-7f01e8ad0000 r--s 00000000 fc:00 15215398                   /usr/share/java/AbsoluteLayout-8.1.jar
7f01e8ad0000-7f01e8ad2000 r--s 0000d000 fc:00 17172662                   /usr/lib/jvm/java-7-oracle/jre/lib/ext/RXTXcomm.jar
7f01e8ad2000-7f01e8ada000 rw-s 00000000 fc:00 18880210                   /tmp/hsperfdata_krtek/4017
7f01e8ada000-7f01e8adb000 rw-p 00000000 00:00 0 
7f01e8adb000-7f01e8adc000 r--p 00000000 00:00 0 
7f01e8adc000-7f01e8ade000 rw-p 00000000 00:00 0 
7f01e8ade000-7f01e8adf000 r--p 00025000 fc:00 33558821                   /lib/x86_64-linux-gnu/ld-2.23.so
7f01e8adf000-7f01e8ae0000 rw-p 00026000 fc:00 33558821                   /lib/x86_64-linux-gnu/ld-2.23.so
7f01e8ae0000-7f01e8ae1000 rw-p 00000000 00:00 0 
7ffc976ff000-7ffc97720000 rw-p 00000000 00:00 0                          [stack]
7ffc977a7000-7ffc977a9000 r--p 00000000 00:00 0                          [vvar]
7ffc977a9000-7ffc977ab000 r-xp 00000000 00:00 0                          [vdso]
ffffffffff600000-ffffffffff601000 r-xp 00000000 00:00 0                  [vsyscall]

VM Arguments:
jvm_args: -Dfile.encoding=UTF-8 
java_command: s3games.S3Games
Launcher Type: SUN_STANDARD

Environment Variables:
JAVA_HOME=/usr/lib/jvm/java-7-oracle
PATH=/home/krtek/bin:/home/krtek/.local/bin:/usr/local/sbin:/usr/local/bin:/usr/sbin:/usr/bin:/sbin:/bin:/usr/games:/usr/local/games:/snap/bin
LD_LIBRARY_PATH=/usr/lib/jvm/java-7-oracle/bin/../jre/lib/amd64:/usr/lib/jvm/java-7-oracle/bin/../jre/lib/i386:
SHELL=/bin/bash
DISPLAY=:0

Signal Handlers:
SIGSEGV: [libjvm.so+0x9a3b20], sa_mask[0]=0x7ffbfeff, sa_flags=0x10000004
SIGBUS: [libjvm.so+0x9a3b20], sa_mask[0]=0x7ffbfeff, sa_flags=0x10000004
SIGFPE: [libjvm.so+0x81e740], sa_mask[0]=0x7ffbfeff, sa_flags=0x10000004
SIGPIPE: [libjvm.so+0x81e740], sa_mask[0]=0x7ffbfeff, sa_flags=0x10000004
SIGXFSZ: [libjvm.so+0x81e740], sa_mask[0]=0x7ffbfeff, sa_flags=0x10000004
SIGILL: [libjvm.so+0x81e740], sa_mask[0]=0x7ffbfeff, sa_flags=0x10000004
SIGUSR1: SIG_DFL, sa_mask[0]=0x00000000, sa_flags=0x00000000
SIGUSR2: [libjvm.so+0x81ffb0], sa_mask[0]=0x00000004, sa_flags=0x10000004
SIGHUP: [libjvm.so+0x8210d0], sa_mask[0]=0x7ffbfeff, sa_flags=0x10000004
SIGINT: SIG_IGN, sa_mask[0]=0x00000000, sa_flags=0x00000000
SIGTERM: [libjvm.so+0x8210d0], sa_mask[0]=0x7ffbfeff, sa_flags=0x10000004
SIGQUIT: [libjvm.so+0x8210d0], sa_mask[0]=0x7ffbfeff, sa_flags=0x10000004


---------------  S Y S T E M  ---------------

OS:stretch/sid

uname:Linux 4.4.0-51-generic #72-Ubuntu SMP Thu Nov 24 18:29:54 UTC 2016 x86_64
libc:glibc 2.23 NPTL 2.23 
rlimit: STACK 8192k, CORE 0k, NPROC 15061, NOFILE 65536, AS infinity
load average:0.27 1.05 1.00

/proc/meminfo:
MemTotal:        3896076 kB
MemFree:          599236 kB
MemAvailable:    1381872 kB
Buffers:           50356 kB
Cached:          1226424 kB
SwapCached:           16 kB
Active:          2149848 kB
Inactive:         949936 kB
Active(anon):    1623668 kB
Inactive(anon):   523264 kB
Active(file):     526180 kB
Inactive(file):   426672 kB
Unevictable:         800 kB
Mlocked:             800 kB
SwapTotal:       4038652 kB
SwapFree:        4035172 kB
Dirty:               264 kB
Writeback:             0 kB
AnonPages:       1823836 kB
Mapped:           438712 kB
Shmem:            323932 kB
Slab:             105592 kB
SReclaimable:      70880 kB
SUnreclaim:        34712 kB
KernelStack:        9984 kB
PageTables:        41672 kB
NFS_Unstable:          0 kB
Bounce:                0 kB
WritebackTmp:          0 kB
CommitLimit:     5986688 kB
Committed_AS:    6669360 kB
VmallocTotal:   34359738367 kB
VmallocUsed:           0 kB
VmallocChunk:          0 kB
HardwareCorrupted:     0 kB
AnonHugePages:    876544 kB
CmaTotal:              0 kB
CmaFree:               0 kB
HugePages_Total:       0
HugePages_Free:        0
HugePages_Rsvd:        0
HugePages_Surp:        0
Hugepagesize:       2048 kB
DirectMap4k:      143616 kB
DirectMap2M:     3899392 kB


CPU:total 2 (2 cores per cpu, 1 threads per core) family 6 model 42 stepping 7, cmov, cx8, fxsr, mmx, sse, sse2, sse3, ssse3, sse4.1, sse4.2, popcnt, tsc, tscinvbit

/proc/cpuinfo:
processor	: 0
vendor_id	: GenuineIntel
cpu family	: 6
model		: 42
model name	: Intel(R) Celeron(R) CPU B800 @ 1.50GHz
stepping	: 7
microcode	: 0x29
cpu MHz		: 1499.941
cache size	: 2048 KB
physical id	: 0
siblings	: 2
core id		: 0
cpu cores	: 2
apicid		: 0
initial apicid	: 0
fpu		: yes
fpu_exception	: yes
cpuid level	: 13
wp		: yes
flags		: fpu vme de pse tsc msr pae mce cx8 apic sep mtrr pge mca cmov pat pse36 clflush dts acpi mmx fxsr sse sse2 ss ht tm pbe syscall nx rdtscp lm constant_tsc arch_perfmon pebs bts rep_good nopl xtopology nonstop_tsc aperfmperf eagerfpu pni pclmulqdq dtes64 monitor ds_cpl vmx est tm2 ssse3 cx16 xtpr pdcm pcid sse4_1 sse4_2 x2apic popcnt tsc_deadline_timer xsave lahf_lm epb tpr_shadow vnmi flexpriority ept vpid xsaveopt dtherm arat pln pts
bugs		:
bogomips	: 2992.86
clflush size	: 64
cache_alignment	: 64
address sizes	: 36 bits physical, 48 bits virtual
power management:

processor	: 1
vendor_id	: GenuineIntel
cpu family	: 6
model		: 42
model name	: Intel(R) Celeron(R) CPU B800 @ 1.50GHz
stepping	: 7
microcode	: 0x29
cpu MHz		: 1500.000
cache size	: 2048 KB
physical id	: 0
siblings	: 2
core id		: 1
cpu cores	: 2
apicid		: 2
initial apicid	: 2
fpu		: yes
fpu_exception	: yes
cpuid level	: 13
wp		: yes
flags		: fpu vme de pse tsc msr pae mce cx8 apic sep mtrr pge mca cmov pat pse36 clflush dts acpi mmx fxsr sse sse2 ss ht tm pbe syscall nx rdtscp lm constant_tsc arch_perfmon pebs bts rep_good nopl xtopology nonstop_tsc aperfmperf eagerfpu pni pclmulqdq dtes64 monitor ds_cpl vmx est tm2 ssse3 cx16 xtpr pdcm pcid sse4_1 sse4_2 x2apic popcnt tsc_deadline_timer xsave lahf_lm epb tpr_shadow vnmi flexpriority ept vpid xsaveopt dtherm arat pln pts
bugs		:
bogomips	: 2992.86
clflush size	: 64
cache_alignment	: 64
address sizes	: 36 bits physical, 48 bits virtual
power management:



Memory: 4k page, physical 3896076k(599236k free), swap 4038652k(4035172k free)

vm_info: Java HotSpot(TM) 64-Bit Server VM (24.80-b11) for linux-amd64 JRE (1.7.0_80-b15), built on Apr 10 2015 19:53:14 by "java_re" with gcc 4.3.0 20080428 (Red Hat 4.3.0-8)

time: Tue Dec  6 11:25:29 2016
elapsed time: 25 seconds

