#
# A fatal error has been detected by the Java Runtime Environment:
#
#  SIGSEGV (0xb) at pc=0x00007f4d8d48c5da, pid=29825, tid=139971064166144
#
# JRE version: Java(TM) SE Runtime Environment (7.0_80-b15) (build 1.7.0_80-b15)
# Java VM: Java HotSpot(TM) 64-Bit Server VM (24.80-b11 mixed mode linux-amd64 compressed oops)
# Problematic frame:
# C  [librxtxSerial.so+0x75da]  Java_gnu_io_RXTXPort_nativeDrain+0xea
#
# Failed to write core dump. Core dumps have been disabled. To enable core dumping, try "ulimit -c unlimited" before starting Java again
#
# If you would like to submit a bug report, please visit:
#   http://bugreport.java.com/bugreport/crash.jsp
# The crash happened outside the Java Virtual Machine in native code.
# See problematic frame for where to report the bug.
#

---------------  T H R E A D  ---------------

Current thread (0x00007f4d74036800):  JavaThread "Thread-0" [_thread_in_native, id=29972, stack(0x00007f4d8d7ef000,0x00007f4d8d8f0000)]

siginfo:si_signo=SIGSEGV: si_errno=0, si_code=1 (SEGV_MAPERR), si_addr=0xffffffff8d4837ac

Registers:
RAX=0x000000000000001c, RBX=0x00007f4d8d8ee400, RCX=0x000000007fffffe4, RDX=0x00007f4d8d48ee94
RSP=0x00007f4d8d8ee230, RBP=0x0000000000000000, RSI=0x0000000000000001, RDI=0x00007f4d8d8ee400
R8 =0x0000000000000000, R9 =0x000000000000001c, R10=0x0000000000000000, R11=0x0000000000000000
R12=0x0000000000000000, R13=0x00007f4d740369e8, R14=0xffffffff8d4837a0, R15=0x0000000000000023
RIP=0x00007f4d8d48c5da, EFLAGS=0x0000000000010286, CSGSFS=0x0000000000000033, ERR=0x0000000000000005
  TRAPNO=0x000000000000000e

Top of Stack: (sp=0x00007f4d8d8ee230)
0x00007f4d8d8ee230:   00007f4d90001808 00007f4d8d8ee510
0x00007f4d8d8ee240:   00000000bf61d3c8 00007f4d90001800
0x00007f4d8d8ee250:   00007f4d8d8ee310 00007f4dc1a0c469
0x00007f4d8d8ee260:   00007f4d74036800 00007f4d900017f8
0x00007f4d8d8ee270:   00007f4d8d8ee44f 00007f4d900017f8
0x00007f4d8d8ee280:   00007f4dc2013390 0000005000000000
0x00007f4d8d8ee290:   0000000000000020 0000000000000000
0x00007f4d8d8ee2a0:   0000000000000000 00007f4d90000d30
0x00007f4d8d8ee2b0:   0000000000000020 0000000000000100
0x00007f4d8d8ee2c0:   0000000000000000 0000000000000000
0x00007f4d8d8ee2d0:   000000000000000b 00007f4d8d48c4f0
0x00007f4d8d8ee2e0:   0000000000000020 00007f4d900017f8
0x00007f4d8d8ee2f0:   0000000000000000 00007f4d74036800
0x00007f4d8d8ee300:   00007f4d8d8ee44f 0000000000000003
0x00007f4d8d8ee310:   00007f4d8d8ee370 00007f4dc1a0cc1e
0x00007f4d8d8ee320:   00007f4d74036800 00007f4d8d8ee360
0x00007f4d8d8ee330:   00007f4d90000d00 00007f4d90000bf0
0x00007f4d8d8ee340:   00007f4d90000c00 00007f4d7402fc80
0x00007f4d8d8ee350:   00007f4d900017f8 00007f4d74036800
0x00007f4d8d8ee360:   00007f4d90000bf0 00007f4d900017f8
0x00007f4d8d8ee370:   00007f4d8d8ee3d0 00007f4dc1a0d17e
0x00007f4d8d8ee380:   00007f4d8d8ee44f 00007f4d90000c00
0x00007f4d8d8ee390:   00007f4dc20180f0 00007f4db65f6b70
0x00007f4d8d8ee3a0:   0000000000000003 00007f4d8d8ee44f
0x00007f4d8d8ee3b0:   0000000000001428 00007f4d00000009
0x00007f4d8d8ee3c0:   00007f4d900017f8 00007f4d8d8ee44f
0x00007f4d8d8ee3d0:   00007f4d8d8ee430 00007f4dc1a0d293
0x00007f4d8d8ee3e0:   00007f4d8d8ee568 00007f4d8d8ee508
0x00007f4d8d8ee3f0:   00007f4d8d8ee508 00007f4db8e054c3
0x00007f4d8d8ee400:   74726f5058545852 29286e696172643a
0x00007f4d8d8ee410:   736e727574657220 000000000a30203a
0x00007f4d8d8ee420:   00007f4d8d8ee8b0 00007f4d7402f130 

Instructions: (pc=0x00007f4d8d48c5da)
0x00007f4d8d48c5ba:   00 00 48 8d 35 7f 25 00 00 48 89 c1 4c 89 ef e8
0x00007f4d8d48c5ca:   a2 c2 ff ff 80 7c 24 07 00 75 3b 4d 85 f6 74 36
0x00007f4d8d48c5da:   45 8b 7e 0c 45 85 ff 74 2d 48 8d 5c 24 10 48 8d
0x00007f4d8d48c5ea:   54 24 08 4c 89 ee 4c 89 f1 48 89 df e8 a5 c3 ff 

Register to memory mapping:

RAX=0x000000000000001c is an unknown value
RBX=0x00007f4d8d8ee400 is pointing into the stack for thread: 0x00007f4d74036800
RCX=0x000000007fffffe4 is an unknown value
RDX=0x00007f4d8d48ee94: <offset 0x9e94> in /usr/lib/jvm/java-7-oracle/jre/lib/amd64/librxtxSerial.so at 0x00007f4d8d485000
RSP=0x00007f4d8d8ee230 is pointing into the stack for thread: 0x00007f4d74036800
RBP=0x0000000000000000 is an unknown value
RSI=0x0000000000000001 is an unknown value
RDI=0x00007f4d8d8ee400 is pointing into the stack for thread: 0x00007f4d74036800
R8 =0x0000000000000000 is an unknown value
R9 =0x000000000000001c is an unknown value
R10=0x0000000000000000 is an unknown value
R11=0x0000000000000000 is an unknown value
R12=0x0000000000000000 is an unknown value
R13=0x00007f4d740369e8 is an unknown value
R14=0xffffffff8d4837a0 is an unknown value
R15=0x0000000000000023 is an unknown value


Stack: [0x00007f4d8d7ef000,0x00007f4d8d8f0000],  sp=0x00007f4d8d8ee230,  free space=1020k
Native frames: (J=compiled Java code, j=interpreted, Vv=VM code, C=native code)
C  [librxtxSerial.so+0x75da]  Java_gnu_io_RXTXPort_nativeDrain+0xea

[error occurred during error reporting (printing native stack), id 0xb]

Java frames: (J=compiled Java code, j=interpreted, Vv=VM code)
j  gnu.io.RXTXPort.nativeDrain(Z)Z+0
j  gnu.io.RXTXPort$SerialOutputStream.flush()V+92
j  s3games.robot.RobotSerialPort.print(Ljava/lang/String;)V+24
j  s3games.robot.Robot.open()V+48
j  s3games.robot.Robot.<init>(Ljava/lang/String;Ls3games/engine/GameSpecification;)V+38
j  s3games.Controller.run()V+165
j  java.lang.Thread.run()V+11
v  ~StubRoutines::call_stub

---------------  P R O C E S S  ---------------

Java Threads: ( => current thread )
  0x00007f4d74039000 JavaThread "Thread-2" [_thread_in_native, id=29981, stack(0x00007f4d8d384000,0x00007f4d8d485000)]
=>0x00007f4d74036800 JavaThread "Thread-0" [_thread_in_native, id=29972, stack(0x00007f4d8d7ef000,0x00007f4d8d8f0000)]
  0x00007f4d74011800 JavaThread "TimerQueue" daemon [_thread_blocked, id=29882, stack(0x00007f4d8d8f0000,0x00007f4d8d9f1000)]
  0x00007f4dbc00a000 JavaThread "DestroyJavaVM" [_thread_blocked, id=29829, stack(0x00007f4dc2b99000,0x00007f4dc2c9a000)]
  0x00007f4dbc1ec800 JavaThread "AWT-EventQueue-0" [_thread_blocked, id=29849, stack(0x00007f4d8e967000,0x00007f4d8ea68000)]
  0x00007f4dbc1eb800 JavaThread "AWT-Shutdown" [_thread_blocked, id=29848, stack(0x00007f4d8ea68000,0x00007f4d8eb69000)]
  0x00007f4dbc18f000 JavaThread "AWT-XAWT" daemon [_thread_in_native, id=29846, stack(0x00007f4d8eb69000,0x00007f4d8ec6a000)]
  0x00007f4dbc16d800 JavaThread "Java2D Disposer" daemon [_thread_blocked, id=29845, stack(0x00007f4db4007000,0x00007f4db4108000)]
  0x00007f4dbc095000 JavaThread "Service Thread" daemon [_thread_blocked, id=29840, stack(0x00007f4db4964000,0x00007f4db4a65000)]
  0x00007f4dbc092800 JavaThread "C2 CompilerThread1" daemon [_thread_blocked, id=29839, stack(0x00007f4db4a65000,0x00007f4db4b66000)]
  0x00007f4dbc090000 JavaThread "C2 CompilerThread0" daemon [_thread_blocked, id=29838, stack(0x00007f4db4b66000,0x00007f4db4c67000)]
  0x00007f4dbc08d800 JavaThread "Signal Dispatcher" daemon [_thread_blocked, id=29837, stack(0x00007f4db4c67000,0x00007f4db4d68000)]
  0x00007f4dbc06b800 JavaThread "Finalizer" daemon [_thread_blocked, id=29835, stack(0x00007f4db5744000,0x00007f4db5845000)]
  0x00007f4dbc069800 JavaThread "Reference Handler" daemon [_thread_blocked, id=29834, stack(0x00007f4db5845000,0x00007f4db5946000)]

Other Threads:
  0x00007f4dbc065000 VMThread [stack: 0x00007f4db5946000,0x00007f4db5a47000] [id=29833]
  0x00007f4dbc09f800 WatcherThread [stack: 0x00007f4db4863000,0x00007f4db4964000] [id=29841]

VM state:not at safepoint (normal execution)

VM Mutex/Monitor currently owned by a thread: None

Heap
 PSYoungGen      total 17920K, used 8853K [0x00000000ec280000, 0x00000000ee580000, 0x0000000100000000)
  eden space 15360K, 41% used [0x00000000ec280000,0x00000000ec8ac408,0x00000000ed180000)
  from space 2560K, 98% used [0x00000000ed180000,0x00000000ed3f9060,0x00000000ed400000)
  to   space 2560K, 0% used [0x00000000ee300000,0x00000000ee300000,0x00000000ee580000)
 ParOldGen       total 40448K, used 176K [0x00000000c4800000, 0x00000000c6f80000, 0x00000000ec280000)
  object space 40448K, 0% used [0x00000000c4800000,0x00000000c482c000,0x00000000c6f80000)
 PSPermGen       total 21504K, used 13194K [0x00000000bf600000, 0x00000000c0b00000, 0x00000000c4800000)
  object space 21504K, 61% used [0x00000000bf600000,0x00000000c02e2ac0,0x00000000c0b00000)

Card table byte_map: [0x00007f4db8be2000,0x00007f4db8de8000] byte_map_base: 0x00007f4db85e7000

Polling page: 0x00007f4dc2cbf000

Code Cache  [0x00007f4db8de8000, 0x00007f4db9058000, 0x00007f4dbbde8000)
 total_blobs=633 nmethods=153 adapters=434 free_code_cache=48308Kb largest_free_block=49447872

Compilation events (10 events):
Event: 8.403 Thread 0x00007f4dbc092800 nmethod 151 0x00007f4db8eba750 code [0x00007f4db8eba8c0, 0x00007f4db8ebaa98]
Event: 8.403 Thread 0x00007f4dbc092800  152             sun.util.logging.PlatformLogger::isLoggable (38 bytes)
Event: 8.406 Thread 0x00007f4dbc092800 nmethod 152 0x00007f4db8eba290 code [0x00007f4db8eba3e0, 0x00007f4db8eba538]
Event: 8.406 Thread 0x00007f4dbc092800  153             sun.font.FontDesignMetrics::getLatinCharWidth (29 bytes)
Event: 8.409 Thread 0x00007f4dbc090000 nmethod 150 0x00007f4db8ebdcd0 code [0x00007f4db8ebde60, 0x00007f4db8ebe178]
Event: 8.415 Thread 0x00007f4dbc092800 nmethod 153 0x00007f4db8ea5390 code [0x00007f4db8ea5500, 0x00007f4db8ea5608]
Event: 8.417 Thread 0x00007f4dbc090000  154             java.awt.Component::inside (30 bytes)
Event: 8.420 Thread 0x00007f4dbc090000 nmethod 154 0x00007f4db8ea5190 code [0x00007f4db8ea52c0, 0x00007f4db8ea5338]
Event: 8.577 Thread 0x00007f4dbc092800  156             java.lang.StringCoding::deref (19 bytes)
Event: 8.578 Thread 0x00007f4dbc090000  157             java.lang.StringCoding::access$000 (6 bytes)

GC Heap History (2 events):
Event: 2.256 GC heap before
{Heap before GC invocations=1 (full 0):
 PSYoungGen      total 17920K, used 15360K [0x00000000ec280000, 0x00000000ed680000, 0x0000000100000000)
  eden space 15360K, 100% used [0x00000000ec280000,0x00000000ed180000,0x00000000ed180000)
  from space 2560K, 0% used [0x00000000ed400000,0x00000000ed400000,0x00000000ed680000)
  to   space 2560K, 0% used [0x00000000ed180000,0x00000000ed180000,0x00000000ed400000)
 ParOldGen       total 40448K, used 0K [0x00000000c4800000, 0x00000000c6f80000, 0x00000000ec280000)
  object space 40448K, 0% used [0x00000000c4800000,0x00000000c4800000,0x00000000c6f80000)
 PSPermGen       total 21504K, used 11260K [0x00000000bf600000, 0x00000000c0b00000, 0x00000000c4800000)
  object space 21504K, 52% used [0x00000000bf600000,0x00000000c00ff3f8,0x00000000c0b00000)
Event: 2.292 GC heap after
Heap after GC invocations=1 (full 0):
 PSYoungGen      total 17920K, used 2532K [0x00000000ec280000, 0x00000000ee580000, 0x0000000100000000)
  eden space 15360K, 0% used [0x00000000ec280000,0x00000000ec280000,0x00000000ed180000)
  from space 2560K, 98% used [0x00000000ed180000,0x00000000ed3f9060,0x00000000ed400000)
  to   space 2560K, 0% used [0x00000000ee300000,0x00000000ee300000,0x00000000ee580000)
 ParOldGen       total 40448K, used 176K [0x00000000c4800000, 0x00000000c6f80000, 0x00000000ec280000)
  object space 40448K, 0% used [0x00000000c4800000,0x00000000c482c000,0x00000000c6f80000)
 PSPermGen       total 21504K, used 11260K [0x00000000bf600000, 0x00000000c0b00000, 0x00000000c4800000)
  object space 21504K, 52% used [0x00000000bf600000,0x00000000c00ff3f8,0x00000000c0b00000)
}

Deoptimization events (10 events):
Event: 2.049 Thread 0x00007f4dbc00a000 Uncommon trap: reason=class_check action=maybe_recompile pc=0x00007f4db8e631d4 method=java.lang.String.equals(Ljava/lang/Object;)Z @ 8
Event: 2.049 Thread 0x00007f4dbc00a000 Uncommon trap: reason=class_check action=maybe_recompile pc=0x00007f4db8e631d4 method=java.lang.String.equals(Ljava/lang/Object;)Z @ 8
Event: 2.059 Thread 0x00007f4dbc00a000 Uncommon trap: reason=class_check action=maybe_recompile pc=0x00007f4db8e631d4 method=java.lang.String.equals(Ljava/lang/Object;)Z @ 8
Event: 2.180 Thread 0x00007f4dbc18f000 Uncommon trap: reason=unstable_if action=reinterpret pc=0x00007f4db8e869b0 method=java.lang.ThreadLocal.get()Ljava/lang/Object; @ 11
Event: 2.195 Thread 0x00007f4dbc18f000 Uncommon trap: reason=unstable_if action=reinterpret pc=0x00007f4db8e8a000 method=java.lang.ThreadLocal$ThreadLocalMap.getEntry(Ljava/lang/ThreadLocal;)Ljava/lang/ThreadLocal$ThreadLocalMap$Entry; @ 21
Event: 2.310 Thread 0x00007f4dbc00a000 Uncommon trap: reason=unstable_if action=reinterpret pc=0x00007f4db8e89c3c method=java.lang.ThreadLocal$ThreadLocalMap.getEntry(Ljava/lang/ThreadLocal;)Ljava/lang/ThreadLocal$ThreadLocalMap$Entry; @ 21
Event: 2.310 Thread 0x00007f4dbc00a000 Uncommon trap: reason=unstable_if action=reinterpret pc=0x00007f4db8e72c68 method=java.lang.String.indexOf([CII[CIII)I @ 3
Event: 8.132 Thread 0x00007f4d74036800 Uncommon trap: reason=unstable_if action=reinterpret pc=0x00007f4db8e6a408 method=java.lang.AbstractStringBuilder.append(Ljava/lang/String;)Ljava/lang/AbstractStringBuilder; @ 1
Event: 8.132 Thread 0x00007f4d74036800 Uncommon trap: reason=unstable_if action=reinterpret pc=0x00007f4db8e87280 method=java.lang.AbstractStringBuilder.append(Ljava/lang/String;)Ljava/lang/AbstractStringBuilder; @ 1
Event: 8.532 Thread 0x00007f4d74036800 Uncommon trap: reason=unstable_if action=reinterpret pc=0x00007f4db8e6e4c4 method=java.io.UnixFileSystem.normalize(Ljava/lang/String;)Ljava/lang/String; @ 60

Internal exceptions (10 events):
Event: 8.267 Thread 0x00007f4d74036800 Threw 0x00000000ec73e450 at /HUDSON/workspace/7u-2-build-linux-amd64/jdk7u80/2329/hotspot/src/share/vm/prims/jvm.cpp:1319
Event: 8.365 Thread 0x00007f4dbc1ec800 Threw 0x00000000ec76db48 at /HUDSON/workspace/7u-2-build-linux-amd64/jdk7u80/2329/hotspot/src/share/vm/prims/jni.cpp:743
Event: 8.429 Thread 0x00007f4d74036800 Threw 0x00000000ec7a5d00 at /HUDSON/workspace/7u-2-build-linux-amd64/jdk7u80/2329/hotspot/src/share/vm/prims/jvm.cpp:1319
Event: 8.532 Thread 0x00007f4d74036800 Threw 0x00000000ec829cc8 at /HUDSON/workspace/7u-2-build-linux-amd64/jdk7u80/2329/hotspot/src/share/vm/prims/jni.cpp:717
Event: 8.542 Thread 0x00007f4d74036800 Threw 0x00000000ec83e958 at /HUDSON/workspace/7u-2-build-linux-amd64/jdk7u80/2329/hotspot/src/share/vm/prims/jni.cpp:717
Event: 8.545 Thread 0x00007f4d74036800 Threw 0x00000000ec84fdd8 at /HUDSON/workspace/7u-2-build-linux-amd64/jdk7u80/2329/hotspot/src/share/vm/prims/jni.cpp:717
Event: 8.554 Thread 0x00007f4d74036800 Threw 0x00000000ec864630 at /HUDSON/workspace/7u-2-build-linux-amd64/jdk7u80/2329/hotspot/src/share/vm/prims/jni.cpp:717
Event: 8.576 Thread 0x00007f4d74036800 Threw 0x00000000ec8865c8 at /HUDSON/workspace/7u-2-build-linux-amd64/jdk7u80/2329/hotspot/src/share/vm/prims/jvm.cpp:1319
Event: 8.576 Thread 0x00007f4d74036800 Threw 0x00000000ec88a1a8 at /HUDSON/workspace/7u-2-build-linux-amd64/jdk7u80/2329/hotspot/src/share/vm/prims/jvm.cpp:1319
Event: 8.577 Thread 0x00007f4d74036800 Threw 0x00000000ec88cdb0 at /HUDSON/workspace/7u-2-build-linux-amd64/jdk7u80/2329/hotspot/src/share/vm/prims/jvm.cpp:1319

Events (10 events):
Event: 8.565 loading class 0x00007f4d74071cc0 done
Event: 8.568 loading class 0x00007f4d74075620
Event: 8.568 loading class 0x00007f4d74075620 done
Event: 8.570 Thread 0x00007f4d74039000 Thread added: 0x00007f4d74039000
Event: 8.576 loading class 0x00007f4d74046eb0
Event: 8.576 loading class 0x00007f4d74046eb0 done
Event: 8.576 loading class 0x00007f4d74047330
Event: 8.576 loading class 0x00007f4d74047330 done
Event: 8.577 loading class 0x00007f4d74072e30
Event: 8.577 loading class 0x00007f4d74072e30 done


Dynamic libraries:
00400000-00401000 r-xp 00000000 fc:00 17170675                           /usr/lib/jvm/java-7-oracle/jre/bin/java
00600000-00601000 rw-p 00000000 fc:00 17170675                           /usr/lib/jvm/java-7-oracle/jre/bin/java
0243b000-0245c000 rw-p 00000000 00:00 0                                  [heap]
bf600000-c0b00000 rw-p 00000000 00:00 0 
c0b00000-c4800000 rw-p 00000000 00:00 0 
c4800000-c6f80000 rw-p 00000000 00:00 0 
c6f80000-ec280000 rw-p 00000000 00:00 0 
ec280000-ee580000 rw-p 00000000 00:00 0 
ee580000-100000000 rw-p 00000000 00:00 0 
7f4d74000000-7f4d74077000 rw-p 00000000 00:00 0 
7f4d74077000-7f4d78000000 ---p 00000000 00:00 0 
7f4d7c000000-7f4d7c021000 rw-p 00000000 00:00 0 
7f4d7c021000-7f4d80000000 ---p 00000000 00:00 0 
7f4d80000000-7f4d80021000 rw-p 00000000 00:00 0 
7f4d80021000-7f4d84000000 ---p 00000000 00:00 0 
7f4d84000000-7f4d84021000 rw-p 00000000 00:00 0 
7f4d84021000-7f4d88000000 ---p 00000000 00:00 0 
7f4d88000000-7f4d88021000 rw-p 00000000 00:00 0 
7f4d88021000-7f4d8c000000 ---p 00000000 00:00 0 
7f4d8cdc9000-7f4d8cdcd000 r--s 00000000 fc:00 24118785                   /var/cache/fontconfig/6aa41aa22e18b8fa06a12da28ea9c28b-le64.cache-6
7f4d8cdcd000-7f4d8cdd8000 r--s 00000000 fc:00 24120967                   /var/cache/fontconfig/945677eb7aeaf62f1d50efc3fb3ec7d8-le64.cache-6
7f4d8cdd8000-7f4d8cdda000 r--s 00000000 fc:00 24124554                   /var/cache/fontconfig/99e8ed0e538f840c565b6ed5dad60d56-le64.cache-6
7f4d8cdda000-7f4d8cde3000 r--s 00000000 fc:00 24124553                   /var/cache/fontconfig/a6d8cf8e4ec09cdbc8633c31745a07dd-le64.cache-6
7f4d8cde3000-7f4d8cde9000 r--s 00000000 fc:00 24120964                   /var/cache/fontconfig/2cd17615ca594fa2959ae173292e504c-le64.cache-6
7f4d8cde9000-7f4d8cdea000 r--s 00000000 fc:00 24120573                   /var/cache/fontconfig/0d8c3b2ac0904cb8a57a757ad11a4a08-le64.cache-6
7f4d8cdea000-7f4d8cdff000 r--s 00000000 fc:00 24120572                   /var/cache/fontconfig/04aabc0a78ac019cf9454389977116d2-le64.cache-6
7f4d8cdff000-7f4d8ce00000 r--s 00000000 fc:00 24120571                   /var/cache/fontconfig/1ac9eb803944fde146138c791f5cc56a-le64.cache-6
7f4d8ce00000-7f4d8ce04000 r--s 00000000 fc:00 24120570                   /var/cache/fontconfig/385c0604a188198f04d133e54aba7fe7-le64.cache-6
7f4d8ce04000-7f4d8ce05000 r--s 00000000 fc:00 24120569                   /var/cache/fontconfig/dc05db6664285cc2f12bf69c139ae4c3-le64.cache-6
7f4d8ce05000-7f4d8ce08000 r--s 00000000 fc:00 24120568                   /var/cache/fontconfig/767a8244fc0220cfb567a839d0392e0b-le64.cache-6
7f4d8ce08000-7f4d8ce09000 r--s 00000000 fc:00 24126356                   /var/cache/fontconfig/4794a0821666d79190d59a36cb4f44b5-le64.cache-6
7f4d8ce09000-7f4d8ce10000 r--s 00000000 fc:00 24119877                   /var/cache/fontconfig/3047814df9a2f067bd2d96a2b9c36e5a-le64.cache-6
7f4d8ce10000-7f4d8ce18000 r--s 00000000 fc:00 24119863                   /var/cache/fontconfig/bf3b770c553c462765856025a94f1ce6-le64.cache-6
7f4d8ce18000-7f4d8ce20000 r--s 00000000 fc:00 24124550                   /var/cache/fontconfig/52f7bdb7ce746bfd7eaa1985bd9cfa93-le64.cache-6
7f4d8ce20000-7f4d8ce33000 r--s 00000000 fc:00 24119516                   /var/cache/fontconfig/d52a8644073d54c13679302ca1180695-le64.cache-6
7f4d8ce33000-7f4d8ce3e000 r--s 00000000 fc:00 24119507                   /var/cache/fontconfig/d589a48862398ed80a3d6066f4f56f4c-le64.cache-6
7f4d8ce3e000-7f4d8ce49000 r--s 00000000 fc:00 24119064                   /var/cache/fontconfig/83bf95040141907cd45bb53cf7c1c148-le64.cache-6
7f4d8ce49000-7f4d8ce5b000 r--s 00000000 fc:00 24118991                   /var/cache/fontconfig/9b89f8e3dae116d678bbf48e5f21f69b-le64.cache-6
7f4d8ce5b000-7f4d8ce7b000 r--s 00000000 fc:00 24118783                   /var/cache/fontconfig/e13b20fdb08344e0e664864cc2ede53d-le64.cache-6
7f4d8ce7b000-7f4d8ce9c000 r--s 00000000 fc:00 24117528                   /var/cache/fontconfig/467c019e582ee353435ea5c21d137ef6-le64.cache-6
7f4d8d384000-7f4d8d387000 ---p 00000000 00:00 0 
7f4d8d387000-7f4d8d485000 rw-p 00000000 00:00 0 
7f4d8d485000-7f4d8d492000 r-xp 00000000 fc:00 15073411                   /usr/lib/jvm/java-7-oracle/jre/lib/amd64/librxtxSerial.so
7f4d8d492000-7f4d8d691000 ---p 0000d000 fc:00 15073411                   /usr/lib/jvm/java-7-oracle/jre/lib/amd64/librxtxSerial.so
7f4d8d691000-7f4d8d692000 rw-p 0000c000 fc:00 15073411                   /usr/lib/jvm/java-7-oracle/jre/lib/amd64/librxtxSerial.so
7f4d8d692000-7f4d8d744000 rw-s 00000000 00:05 5013528                    /SYSV00000000 (deleted)
7f4d8d744000-7f4d8d7ef000 rw-s 00000000 00:05 4980759                    /SYSV00000000 (deleted)
7f4d8d7ef000-7f4d8d7f2000 ---p 00000000 00:00 0 
7f4d8d7f2000-7f4d8d8f0000 rw-p 00000000 00:00 0 
7f4d8d8f0000-7f4d8d8f3000 ---p 00000000 00:00 0 
7f4d8d8f3000-7f4d8d9f1000 rw-p 00000000 00:00 0 
7f4d8d9f1000-7f4d8d9f6000 r--s 00000000 fc:00 24120566                   /var/cache/fontconfig/8801497958630a81b71ace7c5f9b32a8-le64.cache-6
7f4d8d9f6000-7f4d8d9f7000 r--s 00000000 fc:00 24120429                   /var/cache/fontconfig/bab58bb527bb656aaa9f116d68a48d89-le64.cache-6
7f4d8d9f7000-7f4d8d9f8000 r--s 00000000 fc:00 24119839                   /var/cache/fontconfig/56cf4f4769d0f4abc89a4895d7bd3ae1-le64.cache-6
7f4d8d9f8000-7f4d8da05000 r--s 00000000 fc:00 24118776                   /var/cache/fontconfig/8f02d4cb045bd6ce15663e43f347c9f8-le64.cache-6
7f4d8da05000-7f4d8da13000 r--s 00000000 fc:00 39065908                   /home/krtek/.cache/fontconfig/785a6cf33364f78b52aca8d4e1f525e7-le64.cache-6
7f4d8da72000-7f4d8db30000 rw-s 00000000 00:05 4947990                    /SYSV00000000 (deleted)
7f4d8db30000-7f4d8db99000 r-xp 00000000 fc:00 15076811                   /usr/lib/jvm/java-7-oracle/jre/lib/amd64/libt2k.so
7f4d8db99000-7f4d8dd98000 ---p 00069000 fc:00 15076811                   /usr/lib/jvm/java-7-oracle/jre/lib/amd64/libt2k.so
7f4d8dd98000-7f4d8dd9f000 rw-p 00068000 fc:00 15076811                   /usr/lib/jvm/java-7-oracle/jre/lib/amd64/libt2k.so
7f4d8dd9f000-7f4d8ddaf000 rw-p 00000000 00:00 0 
7f4d8ddaf000-7f4d8ddbf000 r-xp 00000000 fc:00 15076651                   /usr/lib/jvm/java-7-oracle/jre/lib/amd64/libnio.so
7f4d8ddbf000-7f4d8dfbf000 ---p 00010000 fc:00 15076651                   /usr/lib/jvm/java-7-oracle/jre/lib/amd64/libnio.so
7f4d8dfbf000-7f4d8dfc0000 rw-p 00010000 fc:00 15076651                   /usr/lib/jvm/java-7-oracle/jre/lib/amd64/libnio.so
7f4d8dfc0000-7f4d8e2c1000 rw-p 00000000 00:00 0 
7f4d8e2c1000-7f4d8e2d8000 r-xp 00000000 fc:00 15076685                   /usr/lib/jvm/java-7-oracle/jre/lib/amd64/libnet.so
7f4d8e2d8000-7f4d8e4d7000 ---p 00017000 fc:00 15076685                   /usr/lib/jvm/java-7-oracle/jre/lib/amd64/libnet.so
7f4d8e4d7000-7f4d8e4d8000 rw-p 00016000 fc:00 15076685                   /usr/lib/jvm/java-7-oracle/jre/lib/amd64/libnet.so
7f4d8e4d8000-7f4d8e4ee000 r-xp 00000000 fc:00 33558887                   /lib/x86_64-linux-gnu/libgcc_s.so.1
7f4d8e4ee000-7f4d8e6ed000 ---p 00016000 fc:00 33558887                   /lib/x86_64-linux-gnu/libgcc_s.so.1
7f4d8e6ed000-7f4d8e6ee000 rw-p 00015000 fc:00 33558887                   /lib/x86_64-linux-gnu/libgcc_s.so.1
7f4d8e6ee000-7f4d8e753000 r-xp 00000000 fc:00 15076649                   /usr/lib/jvm/java-7-oracle/jre/lib/amd64/libfontmanager.so
7f4d8e753000-7f4d8e952000 ---p 00065000 fc:00 15076649                   /usr/lib/jvm/java-7-oracle/jre/lib/amd64/libfontmanager.so
7f4d8e952000-7f4d8e957000 rw-p 00064000 fc:00 15076649                   /usr/lib/jvm/java-7-oracle/jre/lib/amd64/libfontmanager.so
7f4d8e957000-7f4d8e967000 rw-p 00000000 00:00 0 
7f4d8e967000-7f4d8e96a000 ---p 00000000 00:00 0 
7f4d8e96a000-7f4d8ea68000 rw-p 00000000 00:00 0 
7f4d8ea68000-7f4d8ea6b000 ---p 00000000 00:00 0 
7f4d8ea6b000-7f4d8eb69000 rw-p 00000000 00:00 0 
7f4d8eb69000-7f4d8eb6c000 ---p 00000000 00:00 0 
7f4d8eb6c000-7f4d8ec6a000 rw-p 00000000 00:00 0 
7f4d8ec6a000-7f4d8ec6f000 r-xp 00000000 fc:00 14687917                   /usr/lib/x86_64-linux-gnu/libXfixes.so.3.1.0
7f4d8ec6f000-7f4d8ee6e000 ---p 00005000 fc:00 14687917                   /usr/lib/x86_64-linux-gnu/libXfixes.so.3.1.0
7f4d8ee6e000-7f4d8ee6f000 r--p 00004000 fc:00 14687917                   /usr/lib/x86_64-linux-gnu/libXfixes.so.3.1.0
7f4d8ee6f000-7f4d8ee70000 rw-p 00005000 fc:00 14687917                   /usr/lib/x86_64-linux-gnu/libXfixes.so.3.1.0
7f4d8ee70000-7f4d8ee79000 r-xp 00000000 fc:00 14687909                   /usr/lib/x86_64-linux-gnu/libXcursor.so.1.0.2
7f4d8ee79000-7f4d8f078000 ---p 00009000 fc:00 14687909                   /usr/lib/x86_64-linux-gnu/libXcursor.so.1.0.2
7f4d8f078000-7f4d8f079000 r--p 00008000 fc:00 14687909                   /usr/lib/x86_64-linux-gnu/libXcursor.so.1.0.2
7f4d8f079000-7f4d8f07a000 rw-p 00009000 fc:00 14687909                   /usr/lib/x86_64-linux-gnu/libXcursor.so.1.0.2
7f4d8f07a000-7f4d8f07f000 r-xp 00000000 fc:00 14687913                   /usr/lib/x86_64-linux-gnu/libXdmcp.so.6.0.0
7f4d8f07f000-7f4d8f27e000 ---p 00005000 fc:00 14687913                   /usr/lib/x86_64-linux-gnu/libXdmcp.so.6.0.0
7f4d8f27e000-7f4d8f27f000 r--p 00004000 fc:00 14687913                   /usr/lib/x86_64-linux-gnu/libXdmcp.so.6.0.0
7f4d8f27f000-7f4d8f280000 rw-p 00005000 fc:00 14687913                   /usr/lib/x86_64-linux-gnu/libXdmcp.so.6.0.0
7f4d8f280000-7f4d8f282000 r-xp 00000000 fc:00 14687902                   /usr/lib/x86_64-linux-gnu/libXau.so.6.0.0
7f4d8f282000-7f4d8f482000 ---p 00002000 fc:00 14687902                   /usr/lib/x86_64-linux-gnu/libXau.so.6.0.0
7f4d8f482000-7f4d8f483000 r--p 00002000 fc:00 14687902                   /usr/lib/x86_64-linux-gnu/libXau.so.6.0.0
7f4d8f483000-7f4d8f484000 rw-p 00003000 fc:00 14687902                   /usr/lib/x86_64-linux-gnu/libXau.so.6.0.0
7f4d8f484000-7f4d8f4a5000 r-xp 00000000 fc:00 14689280                   /usr/lib/x86_64-linux-gnu/libxcb.so.1.1.0
7f4d8f4a5000-7f4d8f6a4000 ---p 00021000 fc:00 14689280                   /usr/lib/x86_64-linux-gnu/libxcb.so.1.1.0
7f4d8f6a4000-7f4d8f6a5000 r--p 00020000 fc:00 14689280                   /usr/lib/x86_64-linux-gnu/libxcb.so.1.1.0
7f4d8f6a5000-7f4d8f6a6000 rw-p 00021000 fc:00 14689280                   /usr/lib/x86_64-linux-gnu/libxcb.so.1.1.0
7f4d8f6a6000-7f4d8f6b5000 r-xp 00000000 fc:00 14687923                   /usr/lib/x86_64-linux-gnu/libXi.so.6.1.0
7f4d8f6b5000-7f4d8f8b4000 ---p 0000f000 fc:00 14687923                   /usr/lib/x86_64-linux-gnu/libXi.so.6.1.0
7f4d8f8b4000-7f4d8f8b5000 r--p 0000e000 fc:00 14687923                   /usr/lib/x86_64-linux-gnu/libXi.so.6.1.0
7f4d8f8b5000-7f4d8f8b6000 rw-p 0000f000 fc:00 14687923                   /usr/lib/x86_64-linux-gnu/libXi.so.6.1.0
7f4d8f8b6000-7f4d8f8bb000 r-xp 00000000 fc:00 14687941                   /usr/lib/x86_64-linux-gnu/libXtst.so.6.1.0
7f4d8f8bb000-7f4d8faba000 ---p 00005000 fc:00 14687941                   /usr/lib/x86_64-linux-gnu/libXtst.so.6.1.0
7f4d8faba000-7f4d8fabb000 r--p 00004000 fc:00 14687941                   /usr/lib/x86_64-linux-gnu/libXtst.so.6.1.0
7f4d8fabb000-7f4d8fabc000 rw-p 00005000 fc:00 14687941                   /usr/lib/x86_64-linux-gnu/libXtst.so.6.1.0
7f4d8fabc000-7f4d8fac5000 r-xp 00000000 fc:00 14687935                   /usr/lib/x86_64-linux-gnu/libXrender.so.1.3.0
7f4d8fac5000-7f4d8fcc4000 ---p 00009000 fc:00 14687935                   /usr/lib/x86_64-linux-gnu/libXrender.so.1.3.0
7f4d8fcc4000-7f4d8fcc5000 r--p 00008000 fc:00 14687935                   /usr/lib/x86_64-linux-gnu/libXrender.so.1.3.0
7f4d8fcc5000-7f4d8fcc6000 rw-p 00009000 fc:00 14687935                   /usr/lib/x86_64-linux-gnu/libXrender.so.1.3.0
7f4d8fcc6000-7f4d8fdfb000 r-xp 00000000 fc:00 14687898                   /usr/lib/x86_64-linux-gnu/libX11.so.6.3.0
7f4d8fdfb000-7f4d8fffb000 ---p 00135000 fc:00 14687898                   /usr/lib/x86_64-linux-gnu/libX11.so.6.3.0
7f4d8fffb000-7f4d8fffc000 r--p 00135000 fc:00 14687898                   /usr/lib/x86_64-linux-gnu/libX11.so.6.3.0
7f4d8fffc000-7f4d90000000 rw-p 00136000 fc:00 14687898                   /usr/lib/x86_64-linux-gnu/libX11.so.6.3.0
7f4d90000000-7f4d9063c000 rw-p 00000000 00:00 0 
7f4d9063c000-7f4d94000000 ---p 00000000 00:00 0 
7f4d94000000-7f4d94021000 rw-p 00000000 00:00 0 
7f4d94021000-7f4d98000000 ---p 00000000 00:00 0 
7f4d98000000-7f4d98021000 rw-p 00000000 00:00 0 
7f4d98021000-7f4d9c000000 ---p 00000000 00:00 0 
7f4d9c000000-7f4d9c7a0000 rw-p 00000000 00:00 0 
7f4d9c7a0000-7f4da0000000 ---p 00000000 00:00 0 
7f4da0000000-7f4da0021000 rw-p 00000000 00:00 0 
7f4da0021000-7f4da4000000 ---p 00000000 00:00 0 
7f4da4000000-7f4da4021000 rw-p 00000000 00:00 0 
7f4da4021000-7f4da8000000 ---p 00000000 00:00 0 
7f4da8000000-7f4da8021000 rw-p 00000000 00:00 0 
7f4da8021000-7f4dac000000 ---p 00000000 00:00 0 
7f4dac000000-7f4dac021000 rw-p 00000000 00:00 0 
7f4dac021000-7f4db0000000 ---p 00000000 00:00 0 
7f4db0000000-7f4db0021000 rw-p 00000000 00:00 0 
7f4db0021000-7f4db4000000 ---p 00000000 00:00 0 
7f4db4000000-7f4db4001000 r--s 00000000 fc:00 24119519                   /var/cache/fontconfig/b9d506c9ac06c20b433354fa67a72993-le64.cache-6
7f4db4001000-7f4db4007000 r--s 00000000 fc:00 24119518                   /var/cache/fontconfig/b47c4e1ecd0709278f4910c18777a504-le64.cache-6
7f4db4007000-7f4db400a000 ---p 00000000 00:00 0 
7f4db400a000-7f4db4108000 rw-p 00000000 00:00 0 
7f4db4108000-7f4db4119000 r-xp 00000000 fc:00 14687915                   /usr/lib/x86_64-linux-gnu/libXext.so.6.4.0
7f4db4119000-7f4db4318000 ---p 00011000 fc:00 14687915                   /usr/lib/x86_64-linux-gnu/libXext.so.6.4.0
7f4db4318000-7f4db4319000 r--p 00010000 fc:00 14687915                   /usr/lib/x86_64-linux-gnu/libXext.so.6.4.0
7f4db4319000-7f4db431a000 rw-p 00011000 fc:00 14687915                   /usr/lib/x86_64-linux-gnu/libXext.so.6.4.0
7f4db431a000-7f4db431b000 r--s 00000000 fc:00 24119509                   /var/cache/fontconfig/551ecf3b0e8b0bca0f25c0944f561853-le64.cache-6
7f4db431b000-7f4db431c000 r--s 00000000 fc:00 24119506                   /var/cache/fontconfig/30829fa25452a46451e813d634d7f916-le64.cache-6
7f4db431c000-7f4db431d000 r--s 00000000 fc:00 24119386                   /var/cache/fontconfig/0c9eb80ebd1c36541ebe2852d3bb0c49-le64.cache-6
7f4db433c000-7f4db438c000 r-xp 00000000 fc:00 15076664                   /usr/lib/jvm/java-7-oracle/jre/lib/amd64/xawt/libmawt.so
7f4db438c000-7f4db458c000 ---p 00050000 fc:00 15076664                   /usr/lib/jvm/java-7-oracle/jre/lib/amd64/xawt/libmawt.so
7f4db458c000-7f4db4590000 rw-p 00050000 fc:00 15076664                   /usr/lib/jvm/java-7-oracle/jre/lib/amd64/xawt/libmawt.so
7f4db4590000-7f4db4591000 rw-p 00000000 00:00 0 
7f4db4591000-7f4db4633000 r-xp 00000000 fc:00 15076684                   /usr/lib/jvm/java-7-oracle/jre/lib/amd64/libawt.so
7f4db4633000-7f4db4833000 ---p 000a2000 fc:00 15076684                   /usr/lib/jvm/java-7-oracle/jre/lib/amd64/libawt.so
7f4db4833000-7f4db483f000 rw-p 000a2000 fc:00 15076684                   /usr/lib/jvm/java-7-oracle/jre/lib/amd64/libawt.so
7f4db483f000-7f4db4863000 rw-p 00000000 00:00 0 
7f4db4863000-7f4db4864000 ---p 00000000 00:00 0 
7f4db4864000-7f4db4964000 rw-p 00000000 00:00 0 
7f4db4964000-7f4db4967000 ---p 00000000 00:00 0 
7f4db4967000-7f4db4a65000 rw-p 00000000 00:00 0 
7f4db4a65000-7f4db4a68000 ---p 00000000 00:00 0 
7f4db4a68000-7f4db4b66000 rw-p 00000000 00:00 0 
7f4db4b66000-7f4db4b69000 ---p 00000000 00:00 0 
7f4db4b69000-7f4db4c67000 rw-p 00000000 00:00 0 
7f4db4c67000-7f4db4c6a000 ---p 00000000 00:00 0 
7f4db4c6a000-7f4db4d68000 rw-p 00000000 00:00 0 
7f4db4d68000-7f4db5744000 r--p 00000000 fc:00 14687016                   /usr/lib/locale/locale-archive
7f4db5744000-7f4db5747000 ---p 00000000 00:00 0 
7f4db5747000-7f4db5845000 rw-p 00000000 00:00 0 
7f4db5845000-7f4db5848000 ---p 00000000 00:00 0 
7f4db5848000-7f4db5946000 rw-p 00000000 00:00 0 
7f4db5946000-7f4db5947000 ---p 00000000 00:00 0 
7f4db5947000-7f4db63bc000 rw-p 00000000 00:00 0 
7f4db63bc000-7f4db657c000 r--s 039fb000 fc:00 15077871                   /usr/lib/jvm/java-7-oracle/jre/lib/rt.jar
7f4db657c000-7f4db88a2000 rw-p 00000000 00:00 0 
7f4db88a2000-7f4db88a3000 ---p 00000000 00:00 0 
7f4db88a3000-7f4db89a3000 rw-p 00000000 00:00 0 
7f4db89a3000-7f4db89a4000 ---p 00000000 00:00 0 
7f4db89a4000-7f4db8ab8000 rw-p 00000000 00:00 0 
7f4db8ab8000-7f4db8be2000 rw-p 00000000 00:00 0 
7f4db8be2000-7f4db8bed000 rw-p 00000000 00:00 0 
7f4db8bed000-7f4db8c0b000 rw-p 00000000 00:00 0 
7f4db8c0b000-7f4db8c1f000 rw-p 00000000 00:00 0 
7f4db8c1f000-7f4db8d48000 rw-p 00000000 00:00 0 
7f4db8d48000-7f4db8d5a000 rw-p 00000000 00:00 0 
7f4db8d5a000-7f4db8de7000 rw-p 00000000 00:00 0 
7f4db8de7000-7f4db8de8000 rw-p 00000000 00:00 0 
7f4db8de8000-7f4db9058000 rwxp 00000000 00:00 0 
7f4db9058000-7f4dbbde8000 rw-p 00000000 00:00 0 
7f4dbbde8000-7f4dbbdff000 r-xp 00000000 fc:00 15076680                   /usr/lib/jvm/java-7-oracle/jre/lib/amd64/libzip.so
7f4dbbdff000-7f4dbbfff000 ---p 00017000 fc:00 15076680                   /usr/lib/jvm/java-7-oracle/jre/lib/amd64/libzip.so
7f4dbbfff000-7f4dbc000000 rw-p 00017000 fc:00 15076680                   /usr/lib/jvm/java-7-oracle/jre/lib/amd64/libzip.so
7f4dbc000000-7f4dbc33a000 rw-p 00000000 00:00 0 
7f4dbc33a000-7f4dc0000000 ---p 00000000 00:00 0 
7f4dc0000000-7f4dc0003000 r--s 00000000 fc:00 24119372                   /var/cache/fontconfig/75114ca45c98e8a441da0ff356701271-le64.cache-6
7f4dc0003000-7f4dc0007000 r--s 00000000 fc:00 24126361                   /var/cache/fontconfig/7ef2298fde41cc6eeb7af42e48b7d293-le64.cache-6
7f4dc0007000-7f4dc007c000 rw-p 00000000 00:00 0 
7f4dc007c000-7f4dc009a000 rw-p 00000000 00:00 0 
7f4dc009a000-7f4dc00a5000 r-xp 00000000 fc:00 33557455                   /lib/x86_64-linux-gnu/libnss_files-2.23.so
7f4dc00a5000-7f4dc02a4000 ---p 0000b000 fc:00 33557455                   /lib/x86_64-linux-gnu/libnss_files-2.23.so
7f4dc02a4000-7f4dc02a5000 r--p 0000a000 fc:00 33557455                   /lib/x86_64-linux-gnu/libnss_files-2.23.so
7f4dc02a5000-7f4dc02a6000 rw-p 0000b000 fc:00 33557455                   /lib/x86_64-linux-gnu/libnss_files-2.23.so
7f4dc02a6000-7f4dc02ac000 rw-p 00000000 00:00 0 
7f4dc02ac000-7f4dc02b7000 r-xp 00000000 fc:00 33557440                   /lib/x86_64-linux-gnu/libnss_nis-2.23.so
7f4dc02b7000-7f4dc04b6000 ---p 0000b000 fc:00 33557440                   /lib/x86_64-linux-gnu/libnss_nis-2.23.so
7f4dc04b6000-7f4dc04b7000 r--p 0000a000 fc:00 33557440                   /lib/x86_64-linux-gnu/libnss_nis-2.23.so
7f4dc04b7000-7f4dc04b8000 rw-p 0000b000 fc:00 33557440                   /lib/x86_64-linux-gnu/libnss_nis-2.23.so
7f4dc04b8000-7f4dc04ce000 r-xp 00000000 fc:00 33557451                   /lib/x86_64-linux-gnu/libnsl-2.23.so
7f4dc04ce000-7f4dc06cd000 ---p 00016000 fc:00 33557451                   /lib/x86_64-linux-gnu/libnsl-2.23.so
7f4dc06cd000-7f4dc06ce000 r--p 00015000 fc:00 33557451                   /lib/x86_64-linux-gnu/libnsl-2.23.so
7f4dc06ce000-7f4dc06cf000 rw-p 00016000 fc:00 33557451                   /lib/x86_64-linux-gnu/libnsl-2.23.so
7f4dc06cf000-7f4dc06d1000 rw-p 00000000 00:00 0 
7f4dc06d1000-7f4dc06d9000 r-xp 00000000 fc:00 33557452                   /lib/x86_64-linux-gnu/libnss_compat-2.23.so
7f4dc06d9000-7f4dc08d8000 ---p 00008000 fc:00 33557452                   /lib/x86_64-linux-gnu/libnss_compat-2.23.so
7f4dc08d8000-7f4dc08d9000 r--p 00007000 fc:00 33557452                   /lib/x86_64-linux-gnu/libnss_compat-2.23.so
7f4dc08d9000-7f4dc08da000 rw-p 00008000 fc:00 33557452                   /lib/x86_64-linux-gnu/libnss_compat-2.23.so
7f4dc08da000-7f4dc0903000 r-xp 00000000 fc:00 15076646                   /usr/lib/jvm/java-7-oracle/jre/lib/amd64/libjava.so
7f4dc0903000-7f4dc0b03000 ---p 00029000 fc:00 15076646                   /usr/lib/jvm/java-7-oracle/jre/lib/amd64/libjava.so
7f4dc0b03000-7f4dc0b05000 rw-p 00029000 fc:00 15076646                   /usr/lib/jvm/java-7-oracle/jre/lib/amd64/libjava.so
7f4dc0b05000-7f4dc0b12000 r-xp 00000000 fc:00 15076673                   /usr/lib/jvm/java-7-oracle/jre/lib/amd64/libverify.so
7f4dc0b12000-7f4dc0d11000 ---p 0000d000 fc:00 15076673                   /usr/lib/jvm/java-7-oracle/jre/lib/amd64/libverify.so
7f4dc0d11000-7f4dc0d13000 rw-p 0000c000 fc:00 15076673                   /usr/lib/jvm/java-7-oracle/jre/lib/amd64/libverify.so
7f4dc0d13000-7f4dc0d1a000 r-xp 00000000 fc:00 33557439                   /lib/x86_64-linux-gnu/librt-2.23.so
7f4dc0d1a000-7f4dc0f19000 ---p 00007000 fc:00 33557439                   /lib/x86_64-linux-gnu/librt-2.23.so
7f4dc0f19000-7f4dc0f1a000 r--p 00006000 fc:00 33557439                   /lib/x86_64-linux-gnu/librt-2.23.so
7f4dc0f1a000-7f4dc0f1b000 rw-p 00007000 fc:00 33557439                   /lib/x86_64-linux-gnu/librt-2.23.so
7f4dc0f1b000-7f4dc1023000 r-xp 00000000 fc:00 33557449                   /lib/x86_64-linux-gnu/libm-2.23.so
7f4dc1023000-7f4dc1222000 ---p 00108000 fc:00 33557449                   /lib/x86_64-linux-gnu/libm-2.23.so
7f4dc1222000-7f4dc1223000 r--p 00107000 fc:00 33557449                   /lib/x86_64-linux-gnu/libm-2.23.so
7f4dc1223000-7f4dc1224000 rw-p 00108000 fc:00 33557449                   /lib/x86_64-linux-gnu/libm-2.23.so
7f4dc1224000-7f4dc1d9a000 r-xp 00000000 fc:00 15076817                   /usr/lib/jvm/java-7-oracle/jre/lib/amd64/server/libjvm.so
7f4dc1d9a000-7f4dc1f99000 ---p 00b76000 fc:00 15076817                   /usr/lib/jvm/java-7-oracle/jre/lib/amd64/server/libjvm.so
7f4dc1f99000-7f4dc205d000 rw-p 00b75000 fc:00 15076817                   /usr/lib/jvm/java-7-oracle/jre/lib/amd64/server/libjvm.so
7f4dc205d000-7f4dc209e000 rw-p 00000000 00:00 0 
7f4dc209e000-7f4dc225d000 r-xp 00000000 fc:00 33557444                   /lib/x86_64-linux-gnu/libc-2.23.so
7f4dc225d000-7f4dc245d000 ---p 001bf000 fc:00 33557444                   /lib/x86_64-linux-gnu/libc-2.23.so
7f4dc245d000-7f4dc2461000 r--p 001bf000 fc:00 33557444                   /lib/x86_64-linux-gnu/libc-2.23.so
7f4dc2461000-7f4dc2463000 rw-p 001c3000 fc:00 33557444                   /lib/x86_64-linux-gnu/libc-2.23.so
7f4dc2463000-7f4dc2467000 rw-p 00000000 00:00 0 
7f4dc2467000-7f4dc246a000 r-xp 00000000 fc:00 33557443                   /lib/x86_64-linux-gnu/libdl-2.23.so
7f4dc246a000-7f4dc2669000 ---p 00003000 fc:00 33557443                   /lib/x86_64-linux-gnu/libdl-2.23.so
7f4dc2669000-7f4dc266a000 r--p 00002000 fc:00 33557443                   /lib/x86_64-linux-gnu/libdl-2.23.so
7f4dc266a000-7f4dc266b000 rw-p 00003000 fc:00 33557443                   /lib/x86_64-linux-gnu/libdl-2.23.so
7f4dc266b000-7f4dc2680000 r-xp 00000000 fc:00 15076809                   /usr/lib/jvm/java-7-oracle/jre/lib/amd64/jli/libjli.so
7f4dc2680000-7f4dc287f000 ---p 00015000 fc:00 15076809                   /usr/lib/jvm/java-7-oracle/jre/lib/amd64/jli/libjli.so
7f4dc287f000-7f4dc2880000 rw-p 00014000 fc:00 15076809                   /usr/lib/jvm/java-7-oracle/jre/lib/amd64/jli/libjli.so
7f4dc2880000-7f4dc2898000 r-xp 00000000 fc:00 33557450                   /lib/x86_64-linux-gnu/libpthread-2.23.so
7f4dc2898000-7f4dc2a97000 ---p 00018000 fc:00 33557450                   /lib/x86_64-linux-gnu/libpthread-2.23.so
7f4dc2a97000-7f4dc2a98000 r--p 00017000 fc:00 33557450                   /lib/x86_64-linux-gnu/libpthread-2.23.so
7f4dc2a98000-7f4dc2a99000 rw-p 00018000 fc:00 33557450                   /lib/x86_64-linux-gnu/libpthread-2.23.so
7f4dc2a99000-7f4dc2a9d000 rw-p 00000000 00:00 0 
7f4dc2a9d000-7f4dc2ac3000 r-xp 00000000 fc:00 33557432                   /lib/x86_64-linux-gnu/ld-2.23.so
7f4dc2ac3000-7f4dc2ac4000 r--s 00000000 fc:00 24118963                   /var/cache/fontconfig/573ec803664ed168555e0e8b6d0f0c7f-le64.cache-6
7f4dc2ac4000-7f4dc2ac6000 r--s 00000000 fc:00 24118778                   /var/cache/fontconfig/16326683038b281783a0ef8c680e3a10-le64.cache-6
7f4dc2ac6000-7f4dc2ac7000 r--s 00000000 fc:00 24121133                   /var/cache/fontconfig/e0aa53bcfa504e64f87823c16bc01eb6-le64.cache-6
7f4dc2ad2000-7f4dc2ad3000 r--p 00000000 00:00 0 
7f4dc2ad3000-7f4dc2ad7000 r--s 0008b000 fc:00 15077866                   /usr/lib/jvm/java-7-oracle/jre/lib/jsse.jar
7f4dc2ad7000-7f4dc2ad9000 r--s 0000d000 fc:00 39848156                   /home/krtek/Documents/matfyz/3-rocnik/bakalarka/rxtx-test/mfz-rxtx-2.2-20081207-linux-i386/RXTXcomm.jar
7f4dc2ad9000-7f4dc2ae3000 rw-p 00000000 00:00 0 
7f4dc2ae3000-7f4dc2b99000 rw-p 00000000 00:00 0 
7f4dc2b99000-7f4dc2b9c000 ---p 00000000 00:00 0 
7f4dc2b9c000-7f4dc2c9e000 rw-p 00000000 00:00 0 
7f4dc2c9e000-7f4dc2c9f000 r--s 00000000 fc:00 15215398                   /usr/share/java/AbsoluteLayout-8.1.jar
7f4dc2c9f000-7f4dc2ca1000 r--s 0000d000 fc:00 17172663                   /usr/lib/jvm/java-7-oracle/jre/lib/ext/RXTXcomm.jar
7f4dc2ca1000-7f4dc2cb6000 rw-p 00000000 00:00 0 
7f4dc2cb6000-7f4dc2cbe000 rw-s 00000000 fc:00 18222695                   /tmp/hsperfdata_krtek/29825
7f4dc2cbe000-7f4dc2cbf000 rw-p 00000000 00:00 0 
7f4dc2cbf000-7f4dc2cc0000 r--p 00000000 00:00 0 
7f4dc2cc0000-7f4dc2cc2000 rw-p 00000000 00:00 0 
7f4dc2cc2000-7f4dc2cc3000 r--p 00025000 fc:00 33557432                   /lib/x86_64-linux-gnu/ld-2.23.so
7f4dc2cc3000-7f4dc2cc4000 rw-p 00026000 fc:00 33557432                   /lib/x86_64-linux-gnu/ld-2.23.so
7f4dc2cc4000-7f4dc2cc5000 rw-p 00000000 00:00 0 
7fff4eb95000-7fff4ebb6000 rw-p 00000000 00:00 0                          [stack]
7fff4ebe9000-7fff4ebeb000 r--p 00000000 00:00 0                          [vvar]
7fff4ebeb000-7fff4ebed000 r-xp 00000000 00:00 0                          [vdso]
ffffffffff600000-ffffffffff601000 r-xp 00000000 00:00 0                  [vsyscall]

VM Arguments:
jvm_args: -Dfile.encoding=UTF-8 
java_command: s3games.S3Games
Launcher Type: SUN_STANDARD

Environment Variables:
JAVA_HOME=/usr/lib/jvm/java-1.8.0-openjdk-amd64
PATH=/home/krtek/bin:/home/krtek/.local/bin:/usr/local/sbin:/usr/local/bin:/usr/sbin:/usr/bin:/sbin:/bin:/usr/games:/usr/local/games:/snap/bin
LD_LIBRARY_PATH=/usr/lib/jvm/java-7-oracle/bin/../jre/lib/amd64:/usr/lib/jvm/java-7-oracle/bin/../jre/lib/i386:
SHELL=/bin/bash
DISPLAY=:0

Signal Handlers:
SIGSEGV: [libjvm.so+0x9a3b20], sa_mask[0]=0x7ffbfeff, sa_flags=0x10000004
SIGBUS: [libjvm.so+0x9a3b20], sa_mask[0]=0x7ffbfeff, sa_flags=0x10000004
SIGFPE: [libjvm.so+0x81e740], sa_mask[0]=0x7ffbfeff, sa_flags=0x10000004
SIGPIPE: [libjvm.so+0x81e740], sa_mask[0]=0x7ffbfeff, sa_flags=0x10000004
SIGXFSZ: [libjvm.so+0x81e740], sa_mask[0]=0x7ffbfeff, sa_flags=0x10000004
SIGILL: [libjvm.so+0x81e740], sa_mask[0]=0x7ffbfeff, sa_flags=0x10000004
SIGUSR1: SIG_DFL, sa_mask[0]=0x00000000, sa_flags=0x00000000
SIGUSR2: [libjvm.so+0x81ffb0], sa_mask[0]=0x00000004, sa_flags=0x10000004
SIGHUP: [libjvm.so+0x8210d0], sa_mask[0]=0x7ffbfeff, sa_flags=0x10000004
SIGINT: SIG_IGN, sa_mask[0]=0x00000000, sa_flags=0x00000000
SIGTERM: [libjvm.so+0x8210d0], sa_mask[0]=0x7ffbfeff, sa_flags=0x10000004
SIGQUIT: [libjvm.so+0x8210d0], sa_mask[0]=0x7ffbfeff, sa_flags=0x10000004


---------------  S Y S T E M  ---------------

OS:stretch/sid

uname:Linux 4.4.0-64-generic #85-Ubuntu SMP Mon Feb 20 11:50:30 UTC 2017 x86_64
libc:glibc 2.23 NPTL 2.23 
rlimit: STACK 8192k, CORE 0k, NPROC 15061, NOFILE 65536, AS infinity
load average:2.45 2.08 2.44

/proc/meminfo:
MemTotal:        3895996 kB
MemFree:          511760 kB
MemAvailable:    1375396 kB
Buffers:           61700 kB
Cached:          1242060 kB
SwapCached:        85104 kB
Active:          2102348 kB
Inactive:        1016300 kB
Active(anon):    1426148 kB
Inactive(anon):   682112 kB
Active(file):     676200 kB
Inactive(file):   334188 kB
Unevictable:        1300 kB
Mlocked:            1300 kB
SwapTotal:       4038652 kB
SwapFree:        3480728 kB
Dirty:               280 kB
Writeback:             0 kB
AnonPages:       1752712 kB
Mapped:           291224 kB
Shmem:            293320 kB
Slab:             157320 kB
SReclaimable:     117804 kB
SUnreclaim:        39516 kB
KernelStack:       10704 kB
PageTables:        46208 kB
NFS_Unstable:          0 kB
Bounce:                0 kB
WritebackTmp:          0 kB
CommitLimit:     5986648 kB
Committed_AS:    7462212 kB
VmallocTotal:   34359738367 kB
VmallocUsed:           0 kB
VmallocChunk:          0 kB
HardwareCorrupted:     0 kB
AnonHugePages:    931840 kB
CmaTotal:              0 kB
CmaFree:               0 kB
HugePages_Total:       0
HugePages_Free:        0
HugePages_Rsvd:        0
HugePages_Surp:        0
Hugepagesize:       2048 kB
DirectMap4k:      174336 kB
DirectMap2M:     3868672 kB


CPU:total 2 (2 cores per cpu, 1 threads per core) family 6 model 42 stepping 7, cmov, cx8, fxsr, mmx, sse, sse2, sse3, ssse3, sse4.1, sse4.2, popcnt, tsc, tscinvbit

/proc/cpuinfo:
processor	: 0
vendor_id	: GenuineIntel
cpu family	: 6
model		: 42
model name	: Intel(R) Celeron(R) CPU B800 @ 1.50GHz
stepping	: 7
microcode	: 0x29
cpu MHz		: 1035.761
cache size	: 2048 KB
physical id	: 0
siblings	: 2
core id		: 0
cpu cores	: 2
apicid		: 0
initial apicid	: 0
fpu		: yes
fpu_exception	: yes
cpuid level	: 13
wp		: yes
flags		: fpu vme de pse tsc msr pae mce cx8 apic sep mtrr pge mca cmov pat pse36 clflush dts acpi mmx fxsr sse sse2 ss ht tm pbe syscall nx rdtscp lm constant_tsc arch_perfmon pebs bts rep_good nopl xtopology nonstop_tsc aperfmperf eagerfpu pni pclmulqdq dtes64 monitor ds_cpl vmx est tm2 ssse3 cx16 xtpr pdcm pcid sse4_1 sse4_2 x2apic popcnt tsc_deadline_timer xsave lahf_lm epb tpr_shadow vnmi flexpriority ept vpid xsaveopt dtherm arat pln pts
bugs		:
bogomips	: 2992.92
clflush size	: 64
cache_alignment	: 64
address sizes	: 36 bits physical, 48 bits virtual
power management:

processor	: 1
vendor_id	: GenuineIntel
cpu family	: 6
model		: 42
model name	: Intel(R) Celeron(R) CPU B800 @ 1.50GHz
stepping	: 7
microcode	: 0x29
cpu MHz		: 1092.187
cache size	: 2048 KB
physical id	: 0
siblings	: 2
core id		: 1
cpu cores	: 2
apicid		: 2
initial apicid	: 2
fpu		: yes
fpu_exception	: yes
cpuid level	: 13
wp		: yes
flags		: fpu vme de pse tsc msr pae mce cx8 apic sep mtrr pge mca cmov pat pse36 clflush dts acpi mmx fxsr sse sse2 ss ht tm pbe syscall nx rdtscp lm constant_tsc arch_perfmon pebs bts rep_good nopl xtopology nonstop_tsc aperfmperf eagerfpu pni pclmulqdq dtes64 monitor ds_cpl vmx est tm2 ssse3 cx16 xtpr pdcm pcid sse4_1 sse4_2 x2apic popcnt tsc_deadline_timer xsave lahf_lm epb tpr_shadow vnmi flexpriority ept vpid xsaveopt dtherm arat pln pts
bugs		:
bogomips	: 2992.92
clflush size	: 64
cache_alignment	: 64
address sizes	: 36 bits physical, 48 bits virtual
power management:



Memory: 4k page, physical 3895996k(511760k free), swap 4038652k(3480728k free)

vm_info: Java HotSpot(TM) 64-Bit Server VM (24.80-b11) for linux-amd64 JRE (1.7.0_80-b15), built on Apr 10 2015 19:53:14 by "java_re" with gcc 4.3.0 20080428 (Red Hat 4.3.0-8)

time: Sun Mar  5 19:15:22 2017
elapsed time: 8 seconds

