#
# A fatal error has been detected by the Java Runtime Environment:
#
#  SIGSEGV (0xb) at pc=0x00007f27020045da, pid=23329, tid=139805518624512
#
# JRE version: Java(TM) SE Runtime Environment (7.0_80-b15) (build 1.7.0_80-b15)
# Java VM: Java HotSpot(TM) 64-Bit Server VM (24.80-b11 mixed mode linux-amd64 compressed oops)
# Problematic frame:
# C  [librxtxSerial.so+0x75da]  Java_gnu_io_RXTXPort_nativeDrain+0xea
#
# Failed to write core dump. Core dumps have been disabled. To enable core dumping, try "ulimit -c unlimited" before starting Java again
#
# If you would like to submit a bug report, please visit:
#   http://bugreport.java.com/bugreport/crash.jsp
# The crash happened outside the Java Virtual Machine in native code.
# See problematic frame for where to report the bug.
#

---------------  T H R E A D  ---------------

Current thread (0x00007f26e8079000):  JavaThread "Thread-0" [_thread_in_native, id=23354, stack(0x00007f2702367000,0x00007f2702468000)]

siginfo:si_signo=SIGSEGV: si_errno=0, si_code=1 (SEGV_MAPERR), si_addr=0x0000000001ffb7ac

Registers:
RAX=0x000000000000001c, RBX=0x00007f2702466400, RCX=0x000000007fffffe4, RDX=0x00007f2702006e94
RSP=0x00007f2702466230, RBP=0x0000000000000000, RSI=0x0000000000000001, RDI=0x00007f2702466400
R8 =0x0000000000000000, R9 =0x000000000000001c, R10=0x0000000000000000, R11=0x0000000000000000
R12=0x0000000000000000, R13=0x00007f26e80791e8, R14=0x0000000001ffb7a0, R15=0x0000000000000023
RIP=0x00007f27020045da, EFLAGS=0x0000000000010206, CSGSFS=0x0000000000000033, ERR=0x0000000000000004
  TRAPNO=0x000000000000000e

Top of Stack: (sp=0x00007f2702466230)
0x00007f2702466230:   00007f271006df18 00007f2702466510
0x00007f2702466240:   00000000bf61d3c8 00007f271006df10
0x00007f2702466250:   00007f2702466310 00007f2736579469
0x00007f2702466260:   00007f26e8079000 00007f271006df08
0x00007f2702466270:   00007f270246644f 00007f271006df08
0x00007f2702466280:   00007f2736b80390 0000005000000000
0x00007f2702466290:   0000000000000020 0000000000000000
0x00007f27024662a0:   0000000000000000 00007f2704064790
0x00007f27024662b0:   0000000000000020 0000000000000100
0x00007f27024662c0:   0000000000000000 0000000000000000
0x00007f27024662d0:   000000000000000b 00007f27020044f0
0x00007f27024662e0:   0000000000000020 00007f271006df08
0x00007f27024662f0:   0000000000000000 00007f26e8079000
0x00007f2702466300:   00007f270246644f 0000000000000003
0x00007f2702466310:   00007f2702466370 00007f2736579c1e
0x00007f2702466320:   00007f26e8079000 00007f2702466360
0x00007f2702466330:   00007f2704064760 00007f2704064650
0x00007f2702466340:   00007f2704064660 00007f26e8072030
0x00007f2702466350:   00007f271006df08 00007f26e8079000
0x00007f2702466360:   00007f2704064650 00007f271006df08
0x00007f2702466370:   00007f27024663d0 00007f273657a17e
0x00007f2702466380:   00007f270246644f 00007f2704064660
0x00007f2702466390:   00007f2736b850f0 00007f27341fcb70
0x00007f27024663a0:   0000000000000003 00007f270246644f
0x00007f27024663b0:   0000000000001428 00007f2600000009
0x00007f27024663c0:   00007f271006df08 00007f270246644f
0x00007f27024663d0:   00007f2702466430 00007f273657a293
0x00007f27024663e0:   00007f2702466568 00007f2702466508
0x00007f27024663f0:   00007f2702466508 00007f272d01d4c3
0x00007f2702466400:   74726f5058545852 29286e696172643a
0x00007f2702466410:   736e727574657220 000000000a30203a
0x00007f2702466420:   00007f27024668b0 00007f26e8071730 

Instructions: (pc=0x00007f27020045da)
0x00007f27020045ba:   00 00 48 8d 35 7f 25 00 00 48 89 c1 4c 89 ef e8
0x00007f27020045ca:   a2 c2 ff ff 80 7c 24 07 00 75 3b 4d 85 f6 74 36
0x00007f27020045da:   45 8b 7e 0c 45 85 ff 74 2d 48 8d 5c 24 10 48 8d
0x00007f27020045ea:   54 24 08 4c 89 ee 4c 89 f1 48 89 df e8 a5 c3 ff 

Register to memory mapping:

RAX=0x000000000000001c is an unknown value
RBX=0x00007f2702466400 is pointing into the stack for thread: 0x00007f26e8079000
RCX=0x000000007fffffe4 is an unknown value
RDX=0x00007f2702006e94: <offset 0x9e94> in /usr/lib/jvm/java-7-oracle/jre/lib/amd64/librxtxSerial.so at 0x00007f2701ffd000
RSP=0x00007f2702466230 is pointing into the stack for thread: 0x00007f26e8079000
RBP=0x0000000000000000 is an unknown value
RSI=0x0000000000000001 is an unknown value
RDI=0x00007f2702466400 is pointing into the stack for thread: 0x00007f26e8079000
R8 =0x0000000000000000 is an unknown value
R9 =0x000000000000001c is an unknown value
R10=0x0000000000000000 is an unknown value
R11=0x0000000000000000 is an unknown value
R12=0x0000000000000000 is an unknown value
R13=0x00007f26e80791e8 is an unknown value
R14=0x0000000001ffb7a0 is an unknown value
R15=0x0000000000000023 is an unknown value


Stack: [0x00007f2702367000,0x00007f2702468000],  sp=0x00007f2702466230,  free space=1020k
Native frames: (J=compiled Java code, j=interpreted, Vv=VM code, C=native code)
C  [librxtxSerial.so+0x75da]  Java_gnu_io_RXTXPort_nativeDrain+0xea

[error occurred during error reporting (printing native stack), id 0xb]

Java frames: (J=compiled Java code, j=interpreted, Vv=VM code)
j  gnu.io.RXTXPort.nativeDrain(Z)Z+0
j  gnu.io.RXTXPort$SerialOutputStream.flush()V+92
j  s3games.robot.RobotSerialPort.print(Ljava/lang/String;)V+24
j  s3games.robot.Robot.open()V+48
j  s3games.robot.Robot.<init>(Ljava/lang/String;Ls3games/engine/GameSpecification;)V+38
j  s3games.Controller.run()V+165
j  java.lang.Thread.run()V+11
v  ~StubRoutines::call_stub

---------------  P R O C E S S  ---------------

Java Threads: ( => current thread )
  0x00007f26e8085800 JavaThread "Thread-2" [_thread_in_native, id=23356, stack(0x00007f2701efc000,0x00007f2701ffd000)]
=>0x00007f26e8079000 JavaThread "Thread-0" [_thread_in_native, id=23354, stack(0x00007f2702367000,0x00007f2702468000)]
  0x00007f26e801a800 JavaThread "TimerQueue" daemon [_thread_blocked, id=23353, stack(0x00007f2702468000,0x00007f2702569000)]
  0x00007f273000a000 JavaThread "DestroyJavaVM" [_thread_blocked, id=23334, stack(0x00007f2737707000,0x00007f2737808000)]
  0x00007f27301b2800 JavaThread "AWT-EventQueue-0" [_thread_blocked, id=23349, stack(0x00007f27033e2000,0x00007f27034e3000)]
  0x00007f27301b1800 JavaThread "AWT-Shutdown" [_thread_blocked, id=23348, stack(0x00007f27034e3000,0x00007f27035e4000)]
  0x00007f2730187000 JavaThread "AWT-XAWT" daemon [_thread_in_native, id=23347, stack(0x00007f27035e4000,0x00007f27036e5000)]
  0x00007f2730165800 JavaThread "Java2D Disposer" daemon [_thread_blocked, id=23346, stack(0x00007f2703af5000,0x00007f2703bf6000)]
  0x00007f2730095000 JavaThread "Service Thread" daemon [_thread_blocked, id=23343, stack(0x00007f27294c3000,0x00007f27295c4000)]
  0x00007f2730092800 JavaThread "C2 CompilerThread1" daemon [_thread_blocked, id=23342, stack(0x00007f27295c4000,0x00007f27296c5000)]
  0x00007f2730090000 JavaThread "C2 CompilerThread0" daemon [_thread_blocked, id=23341, stack(0x00007f27296c5000,0x00007f27297c6000)]
  0x00007f273008d800 JavaThread "Signal Dispatcher" daemon [_thread_blocked, id=23340, stack(0x00007f27297c6000,0x00007f27298c7000)]
  0x00007f273006b800 JavaThread "Finalizer" daemon [_thread_blocked, id=23339, stack(0x00007f272a2a3000,0x00007f272a3a4000)]
  0x00007f2730069800 JavaThread "Reference Handler" daemon [_thread_blocked, id=23338, stack(0x00007f272a3a4000,0x00007f272a4a5000)]

Other Threads:
  0x00007f2730065000 VMThread [stack: 0x00007f272a4a5000,0x00007f272a5a6000] [id=23337]
  0x00007f273009f800 WatcherThread [stack: 0x00007f27293c2000,0x00007f27294c3000] [id=23344]

VM state:not at safepoint (normal execution)

VM Mutex/Monitor currently owned by a thread: None

Heap
 PSYoungGen      total 17920K, used 8709K [0x00000000ec280000, 0x00000000ed680000, 0x0000000100000000)
  eden space 15360K, 40% used [0x00000000ec280000,0x00000000ec8817c0,0x00000000ed180000)
  from space 2560K, 100% used [0x00000000ed180000,0x00000000ed400000,0x00000000ed400000)
  to   space 2560K, 0% used [0x00000000ed400000,0x00000000ed400000,0x00000000ed680000)
 ParOldGen       total 40448K, used 143K [0x00000000c4800000, 0x00000000c6f80000, 0x00000000ec280000)
  object space 40448K, 0% used [0x00000000c4800000,0x00000000c4823c00,0x00000000c6f80000)
 PSPermGen       total 21504K, used 13214K [0x00000000bf600000, 0x00000000c0b00000, 0x00000000c4800000)
  object space 21504K, 61% used [0x00000000bf600000,0x00000000c02e7938,0x00000000c0b00000)

Card table byte_map: [0x00007f27347e9000,0x00007f27349ef000] byte_map_base: 0x00007f27341ee000

Polling page: 0x00007f273782c000

Code Cache  [0x00007f272d000000, 0x00007f272d270000, 0x00007f2730000000)
 total_blobs=629 nmethods=149 adapters=434 free_code_cache=48331Kb largest_free_block=49463872

Compilation events (10 events):
Event: 10.610 Thread 0x00007f2730090000 nmethod 152 0x00007f272d0c90d0 code [0x00007f272d0c9220, 0x00007f272d0c9378]
Event: 10.610 Thread 0x00007f2730090000  154             sun.util.logging.PlatformLogger$Level::valueOf (152 bytes)
Event: 10.618 Thread 0x00007f2730090000 nmethod 154 0x00007f272d0cf690 code [0x00007f272d0cf800, 0x00007f272d0cf9d8]
Event: 10.619 Thread 0x00007f2730092800 nmethod 153 0x00007f272d0d01d0 code [0x00007f272d0d0360, 0x00007f272d0d0678]
Event: 10.660 Thread 0x00007f2730090000  155             java.lang.StringCoding::deref (19 bytes)
Event: 10.661 Thread 0x00007f2730092800  156             java.lang.StringCoding::access$000 (6 bytes)
Event: 10.661 Thread 0x00007f2730092800 nmethod 156 0x00007f272d0d0a90 code [0x00007f272d0d0bc0, 0x00007f272d0d0c18]
Event: 10.661 Thread 0x00007f2730092800  157             java.lang.StringCoding::scale (7 bytes)
Event: 10.662 Thread 0x00007f2730092800 nmethod 157 0x00007f272d0c8ed0 code [0x00007f272d0c9000, 0x00007f272d0c9058]
Event: 10.666 Thread 0x00007f2730090000 nmethod 155 0x00007f272d0919d0 code [0x00007f272d091b40, 0x00007f272d091d18]

GC Heap History (2 events):
Event: 2.846 GC heap before
{Heap before GC invocations=1 (full 0):
 PSYoungGen      total 17920K, used 15360K [0x00000000ec280000, 0x00000000ed680000, 0x0000000100000000)
  eden space 15360K, 100% used [0x00000000ec280000,0x00000000ed180000,0x00000000ed180000)
  from space 2560K, 0% used [0x00000000ed400000,0x00000000ed400000,0x00000000ed680000)
  to   space 2560K, 0% used [0x00000000ed180000,0x00000000ed180000,0x00000000ed400000)
 ParOldGen       total 40448K, used 0K [0x00000000c4800000, 0x00000000c6f80000, 0x00000000ec280000)
  object space 40448K, 0% used [0x00000000c4800000,0x00000000c4800000,0x00000000c6f80000)
 PSPermGen       total 21504K, used 11183K [0x00000000bf600000, 0x00000000c0b00000, 0x00000000c4800000)
  object space 21504K, 52% used [0x00000000bf600000,0x00000000c00ebca0,0x00000000c0b00000)
Event: 2.863 GC heap after
Heap after GC invocations=1 (full 0):
 PSYoungGen      total 17920K, used 2560K [0x00000000ec280000, 0x00000000ed680000, 0x0000000100000000)
  eden space 15360K, 0% used [0x00000000ec280000,0x00000000ec280000,0x00000000ed180000)
  from space 2560K, 100% used [0x00000000ed180000,0x00000000ed400000,0x00000000ed400000)
  to   space 2560K, 0% used [0x00000000ed400000,0x00000000ed400000,0x00000000ed680000)
 ParOldGen       total 40448K, used 143K [0x00000000c4800000, 0x00000000c6f80000, 0x00000000ec280000)
  object space 40448K, 0% used [0x00000000c4800000,0x00000000c4823c00,0x00000000c6f80000)
 PSPermGen       total 21504K, used 11183K [0x00000000bf600000, 0x00000000c0b00000, 0x00000000c4800000)
  object space 21504K, 52% used [0x00000000bf600000,0x00000000c00ebca0,0x00000000c0b00000)
}

Deoptimization events (10 events):
Event: 2.552 Thread 0x00007f273000a000 Uncommon trap: reason=class_check action=maybe_recompile pc=0x00007f272d07b354 method=java.lang.String.equals(Ljava/lang/Object;)Z @ 8
Event: 2.552 Thread 0x00007f273000a000 Uncommon trap: reason=class_check action=maybe_recompile pc=0x00007f272d07b354 method=java.lang.String.equals(Ljava/lang/Object;)Z @ 8
Event: 2.571 Thread 0x00007f273000a000 Uncommon trap: reason=class_check action=maybe_recompile pc=0x00007f272d07b354 method=java.lang.String.equals(Ljava/lang/Object;)Z @ 8
Event: 2.745 Thread 0x00007f2730187000 Uncommon trap: reason=unstable_if action=reinterpret pc=0x00007f272d0a0d30 method=java.lang.ThreadLocal.get()Ljava/lang/Object; @ 11
Event: 2.777 Thread 0x00007f2730187000 Uncommon trap: reason=unstable_if action=reinterpret pc=0x00007f272d0a08c0 method=java.lang.ThreadLocal$ThreadLocalMap.getEntry(Ljava/lang/ThreadLocal;)Ljava/lang/ThreadLocal$ThreadLocalMap$Entry; @ 21
Event: 2.877 Thread 0x00007f273000a000 Uncommon trap: reason=unstable_if action=reinterpret pc=0x00007f272d09defc method=java.lang.ThreadLocal$ThreadLocalMap.getEntry(Ljava/lang/ThreadLocal;)Ljava/lang/ThreadLocal$ThreadLocalMap$Entry; @ 21
Event: 2.878 Thread 0x00007f273000a000 Uncommon trap: reason=unstable_if action=reinterpret pc=0x00007f272d082b68 method=java.lang.String.indexOf([CII[CIII)I @ 3
Event: 10.404 Thread 0x00007f26e8079000 Uncommon trap: reason=unstable_if action=reinterpret pc=0x00007f272d0c2688 method=java.lang.AbstractStringBuilder.append(Ljava/lang/String;)Ljava/lang/AbstractStringBuilder; @ 1
Event: 10.405 Thread 0x00007f26e8079000 Uncommon trap: reason=unstable_if action=reinterpret pc=0x00007f272d0a5100 method=java.lang.AbstractStringBuilder.append(Ljava/lang/String;)Ljava/lang/AbstractStringBuilder; @ 1
Event: 10.607 Thread 0x00007f26e8079000 Uncommon trap: reason=unstable_if action=reinterpret pc=0x00007f272d089dc4 method=java.io.UnixFileSystem.normalize(Ljava/lang/String;)Ljava/lang/String; @ 60

Internal exceptions (10 events):
Event: 10.501 Thread 0x00007f26e8079000 Threw 0x00000000ec75bc40 at /HUDSON/workspace/7u-2-build-linux-amd64/jdk7u80/2329/hotspot/src/share/vm/prims/jvm.cpp:1319
Event: 10.509 Thread 0x00007f26e8079000 Threw 0x00000000ec762688 at /HUDSON/workspace/7u-2-build-linux-amd64/jdk7u80/2329/hotspot/src/share/vm/prims/jvm.cpp:1319
Event: 10.540 Thread 0x00007f26e8079000 Threw 0x00000000ec7a2558 at /HUDSON/workspace/7u-2-build-linux-amd64/jdk7u80/2329/hotspot/src/share/vm/prims/jvm.cpp:1319
Event: 10.606 Thread 0x00007f26e8079000 Threw 0x00000000ec7ff090 at /HUDSON/workspace/7u-2-build-linux-amd64/jdk7u80/2329/hotspot/src/share/vm/prims/jni.cpp:717
Event: 10.633 Thread 0x00007f26e8079000 Threw 0x00000000ec814118 at /HUDSON/workspace/7u-2-build-linux-amd64/jdk7u80/2329/hotspot/src/share/vm/prims/jni.cpp:717
Event: 10.637 Thread 0x00007f26e8079000 Threw 0x00000000ec8257a0 at /HUDSON/workspace/7u-2-build-linux-amd64/jdk7u80/2329/hotspot/src/share/vm/prims/jni.cpp:717
Event: 10.650 Thread 0x00007f26e8079000 Threw 0x00000000ec83a3e8 at /HUDSON/workspace/7u-2-build-linux-amd64/jdk7u80/2329/hotspot/src/share/vm/prims/jni.cpp:717
Event: 10.692 Thread 0x00007f26e8079000 Threw 0x00000000ec85c728 at /HUDSON/workspace/7u-2-build-linux-amd64/jdk7u80/2329/hotspot/src/share/vm/prims/jvm.cpp:1319
Event: 10.693 Thread 0x00007f26e8079000 Threw 0x00000000ec860308 at /HUDSON/workspace/7u-2-build-linux-amd64/jdk7u80/2329/hotspot/src/share/vm/prims/jvm.cpp:1319
Event: 10.694 Thread 0x00007f26e8079000 Threw 0x00000000ec862f10 at /HUDSON/workspace/7u-2-build-linux-amd64/jdk7u80/2329/hotspot/src/share/vm/prims/jvm.cpp:1319

Events (10 events):
Event: 10.662 Thread 0x00007f2730092800 flushing nmethod 0x00007f272d090c90
Event: 10.667 loading class 0x00007f26e80b8270
Event: 10.667 loading class 0x00007f26e80b8270 done
Event: 10.686 Thread 0x00007f26e8085800 Thread added: 0x00007f26e8085800
Event: 10.692 loading class 0x00007f26e8081ad0
Event: 10.692 loading class 0x00007f26e8081ad0 done
Event: 10.693 loading class 0x00007f26e808b480
Event: 10.693 loading class 0x00007f26e808b480 done
Event: 10.694 loading class 0x00007f26e808f380
Event: 10.694 loading class 0x00007f26e808f380 done


Dynamic libraries:
00400000-00401000 r-xp 00000000 fc:00 17170675                           /usr/lib/jvm/java-7-oracle/jre/bin/java
00600000-00601000 rw-p 00000000 fc:00 17170675                           /usr/lib/jvm/java-7-oracle/jre/bin/java
01967000-01988000 rw-p 00000000 00:00 0                                  [heap]
bf600000-c0b00000 rw-p 00000000 00:00 0 
c0b00000-c4800000 rw-p 00000000 00:00 0 
c4800000-c6f80000 rw-p 00000000 00:00 0 
c6f80000-ec280000 rw-p 00000000 00:00 0 
ec280000-ed680000 rw-p 00000000 00:00 0 
ed680000-100000000 rw-p 00000000 00:00 0 
7f26e8000000-7f26e80ba000 rw-p 00000000 00:00 0 
7f26e80ba000-7f26ec000000 ---p 00000000 00:00 0 
7f26f0000000-7f26f0021000 rw-p 00000000 00:00 0 
7f26f0021000-7f26f4000000 ---p 00000000 00:00 0 
7f26f4000000-7f26f4021000 rw-p 00000000 00:00 0 
7f26f4021000-7f26f8000000 ---p 00000000 00:00 0 
7f26f8000000-7f26f8021000 rw-p 00000000 00:00 0 
7f26f8021000-7f26fc000000 ---p 00000000 00:00 0 
7f26fc000000-7f26fc021000 rw-p 00000000 00:00 0 
7f26fc021000-7f2700000000 ---p 00000000 00:00 0 
7f2701936000-7f270193a000 r--s 00000000 fc:00 24118785                   /var/cache/fontconfig/6aa41aa22e18b8fa06a12da28ea9c28b-le64.cache-6
7f270193a000-7f2701945000 r--s 00000000 fc:00 24120967                   /var/cache/fontconfig/945677eb7aeaf62f1d50efc3fb3ec7d8-le64.cache-6
7f2701945000-7f2701947000 r--s 00000000 fc:00 24124554                   /var/cache/fontconfig/99e8ed0e538f840c565b6ed5dad60d56-le64.cache-6
7f2701947000-7f2701950000 r--s 00000000 fc:00 24124553                   /var/cache/fontconfig/a6d8cf8e4ec09cdbc8633c31745a07dd-le64.cache-6
7f2701950000-7f2701956000 r--s 00000000 fc:00 24120964                   /var/cache/fontconfig/2cd17615ca594fa2959ae173292e504c-le64.cache-6
7f2701956000-7f2701957000 r--s 00000000 fc:00 24120573                   /var/cache/fontconfig/0d8c3b2ac0904cb8a57a757ad11a4a08-le64.cache-6
7f2701957000-7f270196c000 r--s 00000000 fc:00 24120572                   /var/cache/fontconfig/04aabc0a78ac019cf9454389977116d2-le64.cache-6
7f270196c000-7f270196d000 r--s 00000000 fc:00 24120571                   /var/cache/fontconfig/1ac9eb803944fde146138c791f5cc56a-le64.cache-6
7f270196d000-7f2701971000 r--s 00000000 fc:00 24120570                   /var/cache/fontconfig/385c0604a188198f04d133e54aba7fe7-le64.cache-6
7f2701971000-7f2701972000 r--s 00000000 fc:00 24120569                   /var/cache/fontconfig/dc05db6664285cc2f12bf69c139ae4c3-le64.cache-6
7f2701972000-7f2701975000 r--s 00000000 fc:00 24120568                   /var/cache/fontconfig/767a8244fc0220cfb567a839d0392e0b-le64.cache-6
7f2701975000-7f2701976000 r--s 00000000 fc:00 24126356                   /var/cache/fontconfig/4794a0821666d79190d59a36cb4f44b5-le64.cache-6
7f2701976000-7f270197b000 r--s 00000000 fc:00 24120566                   /var/cache/fontconfig/8801497958630a81b71ace7c5f9b32a8-le64.cache-6
7f270197b000-7f2701982000 r--s 00000000 fc:00 24119877                   /var/cache/fontconfig/3047814df9a2f067bd2d96a2b9c36e5a-le64.cache-6
7f2701982000-7f270198a000 r--s 00000000 fc:00 24119863                   /var/cache/fontconfig/bf3b770c553c462765856025a94f1ce6-le64.cache-6
7f270198a000-7f2701990000 r--s 00000000 fc:00 24119518                   /var/cache/fontconfig/b47c4e1ecd0709278f4910c18777a504-le64.cache-6
7f2701990000-7f2701998000 r--s 00000000 fc:00 24124550                   /var/cache/fontconfig/52f7bdb7ce746bfd7eaa1985bd9cfa93-le64.cache-6
7f2701998000-7f27019ab000 r--s 00000000 fc:00 24119516                   /var/cache/fontconfig/d52a8644073d54c13679302ca1180695-le64.cache-6
7f27019ab000-7f27019b6000 r--s 00000000 fc:00 24119507                   /var/cache/fontconfig/d589a48862398ed80a3d6066f4f56f4c-le64.cache-6
7f27019b6000-7f27019c1000 r--s 00000000 fc:00 24119064                   /var/cache/fontconfig/83bf95040141907cd45bb53cf7c1c148-le64.cache-6
7f27019c1000-7f27019d3000 r--s 00000000 fc:00 24118991                   /var/cache/fontconfig/9b89f8e3dae116d678bbf48e5f21f69b-le64.cache-6
7f27019d3000-7f27019f3000 r--s 00000000 fc:00 24118783                   /var/cache/fontconfig/e13b20fdb08344e0e664864cc2ede53d-le64.cache-6
7f27019f3000-7f2701a14000 r--s 00000000 fc:00 24117528                   /var/cache/fontconfig/467c019e582ee353435ea5c21d137ef6-le64.cache-6
7f2701efc000-7f2701eff000 ---p 00000000 00:00 0 
7f2701eff000-7f2701ffd000 rw-p 00000000 00:00 0 
7f2701ffd000-7f270200a000 r-xp 00000000 fc:00 15073411                   /usr/lib/jvm/java-7-oracle/jre/lib/amd64/librxtxSerial.so
7f270200a000-7f2702209000 ---p 0000d000 fc:00 15073411                   /usr/lib/jvm/java-7-oracle/jre/lib/amd64/librxtxSerial.so
7f2702209000-7f270220a000 rw-p 0000c000 fc:00 15073411                   /usr/lib/jvm/java-7-oracle/jre/lib/amd64/librxtxSerial.so
7f270220a000-7f27022bc000 rw-s 00000000 00:05 27262992                   /SYSV00000000 (deleted)
7f27022bc000-7f2702367000 rw-s 00000000 00:05 27230223                   /SYSV00000000 (deleted)
7f2702367000-7f270236a000 ---p 00000000 00:00 0 
7f270236a000-7f2702468000 rw-p 00000000 00:00 0 
7f2702468000-7f270246b000 ---p 00000000 00:00 0 
7f270246b000-7f2702569000 rw-p 00000000 00:00 0 
7f2702569000-7f270256a000 r--s 00000000 fc:00 24120429                   /var/cache/fontconfig/bab58bb527bb656aaa9f116d68a48d89-le64.cache-6
7f270256a000-7f270256b000 r--s 00000000 fc:00 24119839                   /var/cache/fontconfig/56cf4f4769d0f4abc89a4895d7bd3ae1-le64.cache-6
7f270256b000-7f270256c000 r--s 00000000 fc:00 24119519                   /var/cache/fontconfig/b9d506c9ac06c20b433354fa67a72993-le64.cache-6
7f270256c000-7f270256f000 r--s 00000000 fc:00 24119372                   /var/cache/fontconfig/75114ca45c98e8a441da0ff356701271-le64.cache-6
7f270256f000-7f270257c000 r--s 00000000 fc:00 24118776                   /var/cache/fontconfig/8f02d4cb045bd6ce15663e43f347c9f8-le64.cache-6
7f270257c000-7f270258a000 r--s 00000000 fc:00 39065908                   /home/krtek/.cache/fontconfig/785a6cf33364f78b52aca8d4e1f525e7-le64.cache-6
7f27025ab000-7f2702614000 r-xp 00000000 fc:00 15076811                   /usr/lib/jvm/java-7-oracle/jre/lib/amd64/libt2k.so
7f2702614000-7f2702813000 ---p 00069000 fc:00 15076811                   /usr/lib/jvm/java-7-oracle/jre/lib/amd64/libt2k.so
7f2702813000-7f270281a000 rw-p 00068000 fc:00 15076811                   /usr/lib/jvm/java-7-oracle/jre/lib/amd64/libt2k.so
7f270281a000-7f270282a000 rw-p 00000000 00:00 0 
7f270282a000-7f270283a000 r-xp 00000000 fc:00 15076651                   /usr/lib/jvm/java-7-oracle/jre/lib/amd64/libnio.so
7f270283a000-7f2702a3a000 ---p 00010000 fc:00 15076651                   /usr/lib/jvm/java-7-oracle/jre/lib/amd64/libnio.so
7f2702a3a000-7f2702a3b000 rw-p 00010000 fc:00 15076651                   /usr/lib/jvm/java-7-oracle/jre/lib/amd64/libnio.so
7f2702a3b000-7f2702d3c000 rw-p 00000000 00:00 0 
7f2702d3c000-7f2702d53000 r-xp 00000000 fc:00 15076685                   /usr/lib/jvm/java-7-oracle/jre/lib/amd64/libnet.so
7f2702d53000-7f2702f52000 ---p 00017000 fc:00 15076685                   /usr/lib/jvm/java-7-oracle/jre/lib/amd64/libnet.so
7f2702f52000-7f2702f53000 rw-p 00016000 fc:00 15076685                   /usr/lib/jvm/java-7-oracle/jre/lib/amd64/libnet.so
7f2702f53000-7f2702f69000 r-xp 00000000 fc:00 33558887                   /lib/x86_64-linux-gnu/libgcc_s.so.1
7f2702f69000-7f2703168000 ---p 00016000 fc:00 33558887                   /lib/x86_64-linux-gnu/libgcc_s.so.1
7f2703168000-7f2703169000 rw-p 00015000 fc:00 33558887                   /lib/x86_64-linux-gnu/libgcc_s.so.1
7f2703169000-7f27031ce000 r-xp 00000000 fc:00 15076649                   /usr/lib/jvm/java-7-oracle/jre/lib/amd64/libfontmanager.so
7f27031ce000-7f27033cd000 ---p 00065000 fc:00 15076649                   /usr/lib/jvm/java-7-oracle/jre/lib/amd64/libfontmanager.so
7f27033cd000-7f27033d2000 rw-p 00064000 fc:00 15076649                   /usr/lib/jvm/java-7-oracle/jre/lib/amd64/libfontmanager.so
7f27033d2000-7f27033e2000 rw-p 00000000 00:00 0 
7f27033e2000-7f27033e5000 ---p 00000000 00:00 0 
7f27033e5000-7f27034e3000 rw-p 00000000 00:00 0 
7f27034e3000-7f27034e6000 ---p 00000000 00:00 0 
7f27034e6000-7f27035e4000 rw-p 00000000 00:00 0 
7f27035e4000-7f27035e7000 ---p 00000000 00:00 0 
7f27035e7000-7f27036e5000 rw-p 00000000 00:00 0 
7f27036e5000-7f27036ea000 r-xp 00000000 fc:00 14687917                   /usr/lib/x86_64-linux-gnu/libXfixes.so.3.1.0
7f27036ea000-7f27038e9000 ---p 00005000 fc:00 14687917                   /usr/lib/x86_64-linux-gnu/libXfixes.so.3.1.0
7f27038e9000-7f27038ea000 r--p 00004000 fc:00 14687917                   /usr/lib/x86_64-linux-gnu/libXfixes.so.3.1.0
7f27038ea000-7f27038eb000 rw-p 00005000 fc:00 14687917                   /usr/lib/x86_64-linux-gnu/libXfixes.so.3.1.0
7f27038eb000-7f27038f4000 r-xp 00000000 fc:00 14687909                   /usr/lib/x86_64-linux-gnu/libXcursor.so.1.0.2
7f27038f4000-7f2703af3000 ---p 00009000 fc:00 14687909                   /usr/lib/x86_64-linux-gnu/libXcursor.so.1.0.2
7f2703af3000-7f2703af4000 r--p 00008000 fc:00 14687909                   /usr/lib/x86_64-linux-gnu/libXcursor.so.1.0.2
7f2703af4000-7f2703af5000 rw-p 00009000 fc:00 14687909                   /usr/lib/x86_64-linux-gnu/libXcursor.so.1.0.2
7f2703af5000-7f2703af8000 ---p 00000000 00:00 0 
7f2703af8000-7f2703bf6000 rw-p 00000000 00:00 0 
7f2703bf6000-7f2703bfb000 r-xp 00000000 fc:00 14687913                   /usr/lib/x86_64-linux-gnu/libXdmcp.so.6.0.0
7f2703bfb000-7f2703dfa000 ---p 00005000 fc:00 14687913                   /usr/lib/x86_64-linux-gnu/libXdmcp.so.6.0.0
7f2703dfa000-7f2703dfb000 r--p 00004000 fc:00 14687913                   /usr/lib/x86_64-linux-gnu/libXdmcp.so.6.0.0
7f2703dfb000-7f2703dfc000 rw-p 00005000 fc:00 14687913                   /usr/lib/x86_64-linux-gnu/libXdmcp.so.6.0.0
7f2703dfc000-7f2703dfe000 r-xp 00000000 fc:00 14687902                   /usr/lib/x86_64-linux-gnu/libXau.so.6.0.0
7f2703dfe000-7f2703ffe000 ---p 00002000 fc:00 14687902                   /usr/lib/x86_64-linux-gnu/libXau.so.6.0.0
7f2703ffe000-7f2703fff000 r--p 00002000 fc:00 14687902                   /usr/lib/x86_64-linux-gnu/libXau.so.6.0.0
7f2703fff000-7f2704000000 rw-p 00003000 fc:00 14687902                   /usr/lib/x86_64-linux-gnu/libXau.so.6.0.0
7f2704000000-7f270486f000 rw-p 00000000 00:00 0 
7f270486f000-7f2708000000 ---p 00000000 00:00 0 
7f2708000000-7f2708021000 rw-p 00000000 00:00 0 
7f2708021000-7f270c000000 ---p 00000000 00:00 0 
7f270c000000-7f270c021000 rw-p 00000000 00:00 0 
7f270c021000-7f2710000000 ---p 00000000 00:00 0 
7f2710000000-7f2710bad000 rw-p 00000000 00:00 0 
7f2710bad000-7f2714000000 ---p 00000000 00:00 0 
7f2714000000-7f2714021000 rw-p 00000000 00:00 0 
7f2714021000-7f2718000000 ---p 00000000 00:00 0 
7f2718000000-7f2718021000 rw-p 00000000 00:00 0 
7f2718021000-7f271c000000 ---p 00000000 00:00 0 
7f271c000000-7f271c021000 rw-p 00000000 00:00 0 
7f271c021000-7f2720000000 ---p 00000000 00:00 0 
7f2720000000-7f2720021000 rw-p 00000000 00:00 0 
7f2720021000-7f2724000000 ---p 00000000 00:00 0 
7f2724000000-7f2724021000 rw-p 00000000 00:00 0 
7f2724021000-7f2728000000 ---p 00000000 00:00 0 
7f272802e000-7f27280ec000 rw-s 00000000 00:05 27197454                   /SYSV00000000 (deleted)
7f27280ec000-7f272810d000 r-xp 00000000 fc:00 14689280                   /usr/lib/x86_64-linux-gnu/libxcb.so.1.1.0
7f272810d000-7f272830c000 ---p 00021000 fc:00 14689280                   /usr/lib/x86_64-linux-gnu/libxcb.so.1.1.0
7f272830c000-7f272830d000 r--p 00020000 fc:00 14689280                   /usr/lib/x86_64-linux-gnu/libxcb.so.1.1.0
7f272830d000-7f272830e000 rw-p 00021000 fc:00 14689280                   /usr/lib/x86_64-linux-gnu/libxcb.so.1.1.0
7f272830e000-7f272831d000 r-xp 00000000 fc:00 14687923                   /usr/lib/x86_64-linux-gnu/libXi.so.6.1.0
7f272831d000-7f272851c000 ---p 0000f000 fc:00 14687923                   /usr/lib/x86_64-linux-gnu/libXi.so.6.1.0
7f272851c000-7f272851d000 r--p 0000e000 fc:00 14687923                   /usr/lib/x86_64-linux-gnu/libXi.so.6.1.0
7f272851d000-7f272851e000 rw-p 0000f000 fc:00 14687923                   /usr/lib/x86_64-linux-gnu/libXi.so.6.1.0
7f272851e000-7f2728523000 r-xp 00000000 fc:00 14687941                   /usr/lib/x86_64-linux-gnu/libXtst.so.6.1.0
7f2728523000-7f2728722000 ---p 00005000 fc:00 14687941                   /usr/lib/x86_64-linux-gnu/libXtst.so.6.1.0
7f2728722000-7f2728723000 r--p 00004000 fc:00 14687941                   /usr/lib/x86_64-linux-gnu/libXtst.so.6.1.0
7f2728723000-7f2728724000 rw-p 00005000 fc:00 14687941                   /usr/lib/x86_64-linux-gnu/libXtst.so.6.1.0
7f2728724000-7f272872d000 r-xp 00000000 fc:00 14687935                   /usr/lib/x86_64-linux-gnu/libXrender.so.1.3.0
7f272872d000-7f272892c000 ---p 00009000 fc:00 14687935                   /usr/lib/x86_64-linux-gnu/libXrender.so.1.3.0
7f272892c000-7f272892d000 r--p 00008000 fc:00 14687935                   /usr/lib/x86_64-linux-gnu/libXrender.so.1.3.0
7f272892d000-7f272892e000 rw-p 00009000 fc:00 14687935                   /usr/lib/x86_64-linux-gnu/libXrender.so.1.3.0
7f272892e000-7f2728a63000 r-xp 00000000 fc:00 14687898                   /usr/lib/x86_64-linux-gnu/libX11.so.6.3.0
7f2728a63000-7f2728c63000 ---p 00135000 fc:00 14687898                   /usr/lib/x86_64-linux-gnu/libX11.so.6.3.0
7f2728c63000-7f2728c64000 r--p 00135000 fc:00 14687898                   /usr/lib/x86_64-linux-gnu/libX11.so.6.3.0
7f2728c64000-7f2728c68000 rw-p 00136000 fc:00 14687898                   /usr/lib/x86_64-linux-gnu/libX11.so.6.3.0
7f2728c68000-7f2728c79000 r-xp 00000000 fc:00 14687915                   /usr/lib/x86_64-linux-gnu/libXext.so.6.4.0
7f2728c79000-7f2728e78000 ---p 00011000 fc:00 14687915                   /usr/lib/x86_64-linux-gnu/libXext.so.6.4.0
7f2728e78000-7f2728e79000 r--p 00010000 fc:00 14687915                   /usr/lib/x86_64-linux-gnu/libXext.so.6.4.0
7f2728e79000-7f2728e7a000 rw-p 00011000 fc:00 14687915                   /usr/lib/x86_64-linux-gnu/libXext.so.6.4.0
7f2728e7a000-7f2728e7b000 r--s 00000000 fc:00 24119509                   /var/cache/fontconfig/551ecf3b0e8b0bca0f25c0944f561853-le64.cache-6
7f2728e7b000-7f2728e7c000 r--s 00000000 fc:00 24119506                   /var/cache/fontconfig/30829fa25452a46451e813d634d7f916-le64.cache-6
7f2728e9b000-7f2728eeb000 r-xp 00000000 fc:00 15076664                   /usr/lib/jvm/java-7-oracle/jre/lib/amd64/xawt/libmawt.so
7f2728eeb000-7f27290eb000 ---p 00050000 fc:00 15076664                   /usr/lib/jvm/java-7-oracle/jre/lib/amd64/xawt/libmawt.so
7f27290eb000-7f27290ef000 rw-p 00050000 fc:00 15076664                   /usr/lib/jvm/java-7-oracle/jre/lib/amd64/xawt/libmawt.so
7f27290ef000-7f27290f0000 rw-p 00000000 00:00 0 
7f27290f0000-7f2729192000 r-xp 00000000 fc:00 15076684                   /usr/lib/jvm/java-7-oracle/jre/lib/amd64/libawt.so
7f2729192000-7f2729392000 ---p 000a2000 fc:00 15076684                   /usr/lib/jvm/java-7-oracle/jre/lib/amd64/libawt.so
7f2729392000-7f272939e000 rw-p 000a2000 fc:00 15076684                   /usr/lib/jvm/java-7-oracle/jre/lib/amd64/libawt.so
7f272939e000-7f27293c2000 rw-p 00000000 00:00 0 
7f27293c2000-7f27293c3000 ---p 00000000 00:00 0 
7f27293c3000-7f27294c3000 rw-p 00000000 00:00 0 
7f27294c3000-7f27294c6000 ---p 00000000 00:00 0 
7f27294c6000-7f27295c4000 rw-p 00000000 00:00 0 
7f27295c4000-7f27295c7000 ---p 00000000 00:00 0 
7f27295c7000-7f27296c5000 rw-p 00000000 00:00 0 
7f27296c5000-7f27296c8000 ---p 00000000 00:00 0 
7f27296c8000-7f27297c6000 rw-p 00000000 00:00 0 
7f27297c6000-7f27297c9000 ---p 00000000 00:00 0 
7f27297c9000-7f27298c7000 rw-p 00000000 00:00 0 
7f27298c7000-7f272a2a3000 r--p 00000000 fc:00 14687016                   /usr/lib/locale/locale-archive
7f272a2a3000-7f272a2a6000 ---p 00000000 00:00 0 
7f272a2a6000-7f272a3a4000 rw-p 00000000 00:00 0 
7f272a3a4000-7f272a3a7000 ---p 00000000 00:00 0 
7f272a3a7000-7f272a4a5000 rw-p 00000000 00:00 0 
7f272a4a5000-7f272a4a6000 ---p 00000000 00:00 0 
7f272a4a6000-7f272adf0000 rw-p 00000000 00:00 0 
7f272adf0000-7f272afb0000 r--s 039fb000 fc:00 15077871                   /usr/lib/jvm/java-7-oracle/jre/lib/rt.jar
7f272afb0000-7f272d000000 rw-p 00000000 00:00 0 
7f272d000000-7f272d270000 rwxp 00000000 00:00 0 
7f272d270000-7f27302d0000 rw-p 00000000 00:00 0 
7f27302d0000-7f2734000000 ---p 00000000 00:00 0 
7f2734000000-7f2734001000 r--s 00000000 fc:00 24119386                   /var/cache/fontconfig/0c9eb80ebd1c36541ebe2852d3bb0c49-le64.cache-6
7f2734001000-7f2734005000 r--s 00000000 fc:00 24126361                   /var/cache/fontconfig/7ef2298fde41cc6eeb7af42e48b7d293-le64.cache-6
7f2734015000-7f2734480000 rw-p 00000000 00:00 0 
7f2734480000-7f2734481000 ---p 00000000 00:00 0 
7f2734481000-7f2734581000 rw-p 00000000 00:00 0 
7f2734581000-7f2734582000 ---p 00000000 00:00 0 
7f2734582000-7f273468d000 rw-p 00000000 00:00 0 
7f273468d000-7f27346ab000 rw-p 00000000 00:00 0 
7f27346ab000-7f27346bf000 rw-p 00000000 00:00 0 
7f27346bf000-7f27347e9000 rw-p 00000000 00:00 0 
7f27347e9000-7f27347f4000 rw-p 00000000 00:00 0 
7f27347f4000-7f2734812000 rw-p 00000000 00:00 0 
7f2734812000-7f2734826000 rw-p 00000000 00:00 0 
7f2734826000-7f273494f000 rw-p 00000000 00:00 0 
7f273494f000-7f273495a000 rw-p 00000000 00:00 0 
7f273495a000-7f27349ee000 rw-p 00000000 00:00 0 
7f27349ee000-7f27349ef000 rw-p 00000000 00:00 0 
7f27349ef000-7f2734a06000 r-xp 00000000 fc:00 15076680                   /usr/lib/jvm/java-7-oracle/jre/lib/amd64/libzip.so
7f2734a06000-7f2734c06000 ---p 00017000 fc:00 15076680                   /usr/lib/jvm/java-7-oracle/jre/lib/amd64/libzip.so
7f2734c06000-7f2734c07000 rw-p 00017000 fc:00 15076680                   /usr/lib/jvm/java-7-oracle/jre/lib/amd64/libzip.so
7f2734c07000-7f2734c12000 r-xp 00000000 fc:00 33557455                   /lib/x86_64-linux-gnu/libnss_files-2.23.so
7f2734c12000-7f2734e11000 ---p 0000b000 fc:00 33557455                   /lib/x86_64-linux-gnu/libnss_files-2.23.so
7f2734e11000-7f2734e12000 r--p 0000a000 fc:00 33557455                   /lib/x86_64-linux-gnu/libnss_files-2.23.so
7f2734e12000-7f2734e13000 rw-p 0000b000 fc:00 33557455                   /lib/x86_64-linux-gnu/libnss_files-2.23.so
7f2734e13000-7f2734e19000 rw-p 00000000 00:00 0 
7f2734e19000-7f2734e24000 r-xp 00000000 fc:00 33557440                   /lib/x86_64-linux-gnu/libnss_nis-2.23.so
7f2734e24000-7f2735023000 ---p 0000b000 fc:00 33557440                   /lib/x86_64-linux-gnu/libnss_nis-2.23.so
7f2735023000-7f2735024000 r--p 0000a000 fc:00 33557440                   /lib/x86_64-linux-gnu/libnss_nis-2.23.so
7f2735024000-7f2735025000 rw-p 0000b000 fc:00 33557440                   /lib/x86_64-linux-gnu/libnss_nis-2.23.so
7f2735025000-7f273503b000 r-xp 00000000 fc:00 33557451                   /lib/x86_64-linux-gnu/libnsl-2.23.so
7f273503b000-7f273523a000 ---p 00016000 fc:00 33557451                   /lib/x86_64-linux-gnu/libnsl-2.23.so
7f273523a000-7f273523b000 r--p 00015000 fc:00 33557451                   /lib/x86_64-linux-gnu/libnsl-2.23.so
7f273523b000-7f273523c000 rw-p 00016000 fc:00 33557451                   /lib/x86_64-linux-gnu/libnsl-2.23.so
7f273523c000-7f273523e000 rw-p 00000000 00:00 0 
7f273523e000-7f2735246000 r-xp 00000000 fc:00 33557452                   /lib/x86_64-linux-gnu/libnss_compat-2.23.so
7f2735246000-7f2735445000 ---p 00008000 fc:00 33557452                   /lib/x86_64-linux-gnu/libnss_compat-2.23.so
7f2735445000-7f2735446000 r--p 00007000 fc:00 33557452                   /lib/x86_64-linux-gnu/libnss_compat-2.23.so
7f2735446000-7f2735447000 rw-p 00008000 fc:00 33557452                   /lib/x86_64-linux-gnu/libnss_compat-2.23.so
7f2735447000-7f2735470000 r-xp 00000000 fc:00 15076646                   /usr/lib/jvm/java-7-oracle/jre/lib/amd64/libjava.so
7f2735470000-7f2735670000 ---p 00029000 fc:00 15076646                   /usr/lib/jvm/java-7-oracle/jre/lib/amd64/libjava.so
7f2735670000-7f2735672000 rw-p 00029000 fc:00 15076646                   /usr/lib/jvm/java-7-oracle/jre/lib/amd64/libjava.so
7f2735672000-7f273567f000 r-xp 00000000 fc:00 15076673                   /usr/lib/jvm/java-7-oracle/jre/lib/amd64/libverify.so
7f273567f000-7f273587e000 ---p 0000d000 fc:00 15076673                   /usr/lib/jvm/java-7-oracle/jre/lib/amd64/libverify.so
7f273587e000-7f2735880000 rw-p 0000c000 fc:00 15076673                   /usr/lib/jvm/java-7-oracle/jre/lib/amd64/libverify.so
7f2735880000-7f2735887000 r-xp 00000000 fc:00 33557439                   /lib/x86_64-linux-gnu/librt-2.23.so
7f2735887000-7f2735a86000 ---p 00007000 fc:00 33557439                   /lib/x86_64-linux-gnu/librt-2.23.so
7f2735a86000-7f2735a87000 r--p 00006000 fc:00 33557439                   /lib/x86_64-linux-gnu/librt-2.23.so
7f2735a87000-7f2735a88000 rw-p 00007000 fc:00 33557439                   /lib/x86_64-linux-gnu/librt-2.23.so
7f2735a88000-7f2735b90000 r-xp 00000000 fc:00 33557449                   /lib/x86_64-linux-gnu/libm-2.23.so
7f2735b90000-7f2735d8f000 ---p 00108000 fc:00 33557449                   /lib/x86_64-linux-gnu/libm-2.23.so
7f2735d8f000-7f2735d90000 r--p 00107000 fc:00 33557449                   /lib/x86_64-linux-gnu/libm-2.23.so
7f2735d90000-7f2735d91000 rw-p 00108000 fc:00 33557449                   /lib/x86_64-linux-gnu/libm-2.23.so
7f2735d91000-7f2736907000 r-xp 00000000 fc:00 15076817                   /usr/lib/jvm/java-7-oracle/jre/lib/amd64/server/libjvm.so
7f2736907000-7f2736b06000 ---p 00b76000 fc:00 15076817                   /usr/lib/jvm/java-7-oracle/jre/lib/amd64/server/libjvm.so
7f2736b06000-7f2736bca000 rw-p 00b75000 fc:00 15076817                   /usr/lib/jvm/java-7-oracle/jre/lib/amd64/server/libjvm.so
7f2736bca000-7f2736c0b000 rw-p 00000000 00:00 0 
7f2736c0b000-7f2736dca000 r-xp 00000000 fc:00 33557444                   /lib/x86_64-linux-gnu/libc-2.23.so
7f2736dca000-7f2736fca000 ---p 001bf000 fc:00 33557444                   /lib/x86_64-linux-gnu/libc-2.23.so
7f2736fca000-7f2736fce000 r--p 001bf000 fc:00 33557444                   /lib/x86_64-linux-gnu/libc-2.23.so
7f2736fce000-7f2736fd0000 rw-p 001c3000 fc:00 33557444                   /lib/x86_64-linux-gnu/libc-2.23.so
7f2736fd0000-7f2736fd4000 rw-p 00000000 00:00 0 
7f2736fd4000-7f2736fd7000 r-xp 00000000 fc:00 33557443                   /lib/x86_64-linux-gnu/libdl-2.23.so
7f2736fd7000-7f27371d6000 ---p 00003000 fc:00 33557443                   /lib/x86_64-linux-gnu/libdl-2.23.so
7f27371d6000-7f27371d7000 r--p 00002000 fc:00 33557443                   /lib/x86_64-linux-gnu/libdl-2.23.so
7f27371d7000-7f27371d8000 rw-p 00003000 fc:00 33557443                   /lib/x86_64-linux-gnu/libdl-2.23.so
7f27371d8000-7f27371ed000 r-xp 00000000 fc:00 15076809                   /usr/lib/jvm/java-7-oracle/jre/lib/amd64/jli/libjli.so
7f27371ed000-7f27373ec000 ---p 00015000 fc:00 15076809                   /usr/lib/jvm/java-7-oracle/jre/lib/amd64/jli/libjli.so
7f27373ec000-7f27373ed000 rw-p 00014000 fc:00 15076809                   /usr/lib/jvm/java-7-oracle/jre/lib/amd64/jli/libjli.so
7f27373ed000-7f2737405000 r-xp 00000000 fc:00 33557450                   /lib/x86_64-linux-gnu/libpthread-2.23.so
7f2737405000-7f2737604000 ---p 00018000 fc:00 33557450                   /lib/x86_64-linux-gnu/libpthread-2.23.so
7f2737604000-7f2737605000 r--p 00017000 fc:00 33557450                   /lib/x86_64-linux-gnu/libpthread-2.23.so
7f2737605000-7f2737606000 rw-p 00018000 fc:00 33557450                   /lib/x86_64-linux-gnu/libpthread-2.23.so
7f2737606000-7f273760a000 rw-p 00000000 00:00 0 
7f273760a000-7f2737630000 r-xp 00000000 fc:00 33557432                   /lib/x86_64-linux-gnu/ld-2.23.so
7f2737630000-7f2737631000 r--s 00000000 fc:00 24118963                   /var/cache/fontconfig/573ec803664ed168555e0e8b6d0f0c7f-le64.cache-6
7f2737631000-7f2737633000 r--s 00000000 fc:00 24118778                   /var/cache/fontconfig/16326683038b281783a0ef8c680e3a10-le64.cache-6
7f2737633000-7f2737634000 r--s 00000000 fc:00 24121133                   /var/cache/fontconfig/e0aa53bcfa504e64f87823c16bc01eb6-le64.cache-6
7f273763f000-7f2737640000 r--p 00000000 00:00 0 
7f2737640000-7f2737644000 r--s 0008b000 fc:00 15077866                   /usr/lib/jvm/java-7-oracle/jre/lib/jsse.jar
7f2737644000-7f2737646000 r--s 0000d000 fc:00 39847344                   /home/krtek/Documents/matfyz/3-rocnik/bakalarka/source/s3games/s3games/RXTXcomm.jar
7f2737646000-7f2737647000 r--s 00000000 fc:00 15215398                   /usr/share/java/AbsoluteLayout-8.1.jar
7f2737647000-7f2737651000 rw-p 00000000 00:00 0 
7f2737651000-7f2737707000 rw-p 00000000 00:00 0 
7f2737707000-7f273770a000 ---p 00000000 00:00 0 
7f273770a000-7f273780c000 rw-p 00000000 00:00 0 
7f273780c000-7f273780e000 r--s 0000d000 fc:00 17172662                   /usr/lib/jvm/java-7-oracle/jre/lib/ext/RXTXcomm.jar
7f273780e000-7f2737823000 rw-p 00000000 00:00 0 
7f2737823000-7f273782b000 rw-s 00000000 fc:00 19268248                   /tmp/hsperfdata_krtek/23329
7f273782b000-7f273782c000 rw-p 00000000 00:00 0 
7f273782c000-7f273782d000 r--p 00000000 00:00 0 
7f273782d000-7f273782f000 rw-p 00000000 00:00 0 
7f273782f000-7f2737830000 r--p 00025000 fc:00 33557432                   /lib/x86_64-linux-gnu/ld-2.23.so
7f2737830000-7f2737831000 rw-p 00026000 fc:00 33557432                   /lib/x86_64-linux-gnu/ld-2.23.so
7f2737831000-7f2737832000 rw-p 00000000 00:00 0 
7ffda854a000-7ffda856b000 rw-p 00000000 00:00 0                          [stack]
7ffda85dd000-7ffda85df000 r--p 00000000 00:00 0                          [vvar]
7ffda85df000-7ffda85e1000 r-xp 00000000 00:00 0                          [vdso]
ffffffffff600000-ffffffffff601000 r-xp 00000000 00:00 0                  [vsyscall]

VM Arguments:
jvm_args: -Dfile.encoding=UTF-8 
java_command: s3games.S3Games
Launcher Type: SUN_STANDARD

Environment Variables:
JAVA_HOME=/usr/lib/jvm/java-1.8.0-openjdk-amd64
PATH=/home/krtek/bin:/home/krtek/.local/bin:/usr/local/sbin:/usr/local/bin:/usr/sbin:/usr/bin:/sbin:/bin:/usr/games:/usr/local/games:/snap/bin
LD_LIBRARY_PATH=/usr/lib/jvm/java-7-oracle/bin/../jre/lib/amd64:/usr/lib/jvm/java-7-oracle/bin/../jre/lib/i386:
SHELL=/bin/bash
DISPLAY=:0

Signal Handlers:
SIGSEGV: [libjvm.so+0x9a3b20], sa_mask[0]=0x7ffbfeff, sa_flags=0x10000004
SIGBUS: [libjvm.so+0x9a3b20], sa_mask[0]=0x7ffbfeff, sa_flags=0x10000004
SIGFPE: [libjvm.so+0x81e740], sa_mask[0]=0x7ffbfeff, sa_flags=0x10000004
SIGPIPE: [libjvm.so+0x81e740], sa_mask[0]=0x7ffbfeff, sa_flags=0x10000004
SIGXFSZ: [libjvm.so+0x81e740], sa_mask[0]=0x7ffbfeff, sa_flags=0x10000004
SIGILL: [libjvm.so+0x81e740], sa_mask[0]=0x7ffbfeff, sa_flags=0x10000004
SIGUSR1: SIG_DFL, sa_mask[0]=0x00000000, sa_flags=0x00000000
SIGUSR2: [libjvm.so+0x81ffb0], sa_mask[0]=0x00000004, sa_flags=0x10000004
SIGHUP: [libjvm.so+0x8210d0], sa_mask[0]=0x7ffbfeff, sa_flags=0x10000004
SIGINT: SIG_IGN, sa_mask[0]=0x00000000, sa_flags=0x00000000
SIGTERM: [libjvm.so+0x8210d0], sa_mask[0]=0x7ffbfeff, sa_flags=0x10000004
SIGQUIT: [libjvm.so+0x8210d0], sa_mask[0]=0x7ffbfeff, sa_flags=0x10000004


---------------  S Y S T E M  ---------------

OS:stretch/sid

uname:Linux 4.4.0-62-generic #83-Ubuntu SMP Wed Jan 18 14:10:15 UTC 2017 x86_64
libc:glibc 2.23 NPTL 2.23 
rlimit: STACK 8192k, CORE 0k, NPROC 15061, NOFILE 65536, AS infinity
load average:1.98 1.77 1.04

/proc/meminfo:
MemTotal:        3896036 kB
MemFree:         1304292 kB
MemAvailable:    1972060 kB
Buffers:           56944 kB
Cached:          1043336 kB
SwapCached:        13272 kB
Active:          1679080 kB
Inactive:         705180 kB
Active(anon):    1255020 kB
Inactive(anon):   293836 kB
Active(file):     424060 kB
Inactive(file):   411344 kB
Unevictable:         840 kB
Mlocked:             840 kB
SwapTotal:       4038652 kB
SwapFree:        3808932 kB
Dirty:               268 kB
Writeback:             0 kB
AnonPages:       1281184 kB
Mapped:           222636 kB
Shmem:            264896 kB
Slab:             111296 kB
SReclaimable:      76040 kB
SUnreclaim:        35256 kB
KernelStack:        9312 kB
PageTables:        36996 kB
NFS_Unstable:          0 kB
Bounce:                0 kB
WritebackTmp:          0 kB
CommitLimit:     5986668 kB
Committed_AS:    5510384 kB
VmallocTotal:   34359738367 kB
VmallocUsed:           0 kB
VmallocChunk:          0 kB
HardwareCorrupted:     0 kB
AnonHugePages:    507904 kB
CmaTotal:              0 kB
CmaFree:               0 kB
HugePages_Total:       0
HugePages_Free:        0
HugePages_Rsvd:        0
HugePages_Surp:        0
Hugepagesize:       2048 kB
DirectMap4k:      200960 kB
DirectMap2M:     3842048 kB


CPU:total 2 (2 cores per cpu, 1 threads per core) family 6 model 42 stepping 7, cmov, cx8, fxsr, mmx, sse, sse2, sse3, ssse3, sse4.1, sse4.2, popcnt, tsc, tscinvbit

/proc/cpuinfo:
processor	: 0
vendor_id	: GenuineIntel
cpu family	: 6
model		: 42
model name	: Intel(R) Celeron(R) CPU B800 @ 1.50GHz
stepping	: 7
microcode	: 0x29
cpu MHz		: 1499.589
cache size	: 2048 KB
physical id	: 0
siblings	: 2
core id		: 0
cpu cores	: 2
apicid		: 0
initial apicid	: 0
fpu		: yes
fpu_exception	: yes
cpuid level	: 13
wp		: yes
flags		: fpu vme de pse tsc msr pae mce cx8 apic sep mtrr pge mca cmov pat pse36 clflush dts acpi mmx fxsr sse sse2 ss ht tm pbe syscall nx rdtscp lm constant_tsc arch_perfmon pebs bts rep_good nopl xtopology nonstop_tsc aperfmperf eagerfpu pni pclmulqdq dtes64 monitor ds_cpl vmx est tm2 ssse3 cx16 xtpr pdcm pcid sse4_1 sse4_2 x2apic popcnt tsc_deadline_timer xsave lahf_lm epb tpr_shadow vnmi flexpriority ept vpid xsaveopt dtherm arat pln pts
bugs		:
bogomips	: 2993.23
clflush size	: 64
cache_alignment	: 64
address sizes	: 36 bits physical, 48 bits virtual
power management:

processor	: 1
vendor_id	: GenuineIntel
cpu family	: 6
model		: 42
model name	: Intel(R) Celeron(R) CPU B800 @ 1.50GHz
stepping	: 7
microcode	: 0x29
cpu MHz		: 1499.648
cache size	: 2048 KB
physical id	: 0
siblings	: 2
core id		: 1
cpu cores	: 2
apicid		: 2
initial apicid	: 2
fpu		: yes
fpu_exception	: yes
cpuid level	: 13
wp		: yes
flags		: fpu vme de pse tsc msr pae mce cx8 apic sep mtrr pge mca cmov pat pse36 clflush dts acpi mmx fxsr sse sse2 ss ht tm pbe syscall nx rdtscp lm constant_tsc arch_perfmon pebs bts rep_good nopl xtopology nonstop_tsc aperfmperf eagerfpu pni pclmulqdq dtes64 monitor ds_cpl vmx est tm2 ssse3 cx16 xtpr pdcm pcid sse4_1 sse4_2 x2apic popcnt tsc_deadline_timer xsave lahf_lm epb tpr_shadow vnmi flexpriority ept vpid xsaveopt dtherm arat pln pts
bugs		:
bogomips	: 2993.23
clflush size	: 64
cache_alignment	: 64
address sizes	: 36 bits physical, 48 bits virtual
power management:



Memory: 4k page, physical 3896036k(1304292k free), swap 4038652k(3808932k free)

vm_info: Java HotSpot(TM) 64-Bit Server VM (24.80-b11) for linux-amd64 JRE (1.7.0_80-b15), built on Apr 10 2015 19:53:14 by "java_re" with gcc 4.3.0 20080428 (Red Hat 4.3.0-8)

time: Wed Mar  1 14:58:41 2017
elapsed time: 10 seconds

