#
# A fatal error has been detected by the Java Runtime Environment:
#
#  SIGSEGV (0xb) at pc=0x00007f2074dc75da, pid=6599, tid=139777380157184
#
# JRE version: Java(TM) SE Runtime Environment (7.0_80-b15) (build 1.7.0_80-b15)
# Java VM: Java HotSpot(TM) 64-Bit Server VM (24.80-b11 mixed mode linux-amd64 compressed oops)
# Problematic frame:
# C  [librxtxSerial.so+0x75da]  Java_gnu_io_RXTXPort_nativeDrain+0xea
#
# Failed to write core dump. Core dumps have been disabled. To enable core dumping, try "ulimit -c unlimited" before starting Java again
#
# If you would like to submit a bug report, please visit:
#   http://bugreport.java.com/bugreport/crash.jsp
# The crash happened outside the Java Virtual Machine in native code.
# See problematic frame for where to report the bug.
#

---------------  T H R E A D  ---------------

Current thread (0x00007f205c042000):  JavaThread "Thread-0" [_thread_in_native, id=6776, stack(0x00007f2075078000,0x00007f2075179000)]

siginfo:si_signo=SIGSEGV: si_errno=0, si_code=1 (SEGV_MAPERR), si_addr=0x0000000074d0c4ac

Registers:
RAX=0x000000000000001c, RBX=0x00007f2075177700, RCX=0x000000007fffffe4, RDX=0x00007f2074dc9e94
RSP=0x00007f2075177530, RBP=0x0000000000000000, RSI=0x0000000000000001, RDI=0x00007f2075177700
R8 =0x0000000000000000, R9 =0x000000000000001c, R10=0x0000000000000000, R11=0x0000000000000000
R12=0x0000000000000000, R13=0x00007f205c0421e8, R14=0x0000000074d0c4a0, R15=0x000000000000000a
RIP=0x00007f2074dc75da, EFLAGS=0x0000000000010206, CSGSFS=0x0000000000000033, ERR=0x0000000000000004
  TRAPNO=0x000000000000000e

Top of Stack: (sp=0x00007f2075177530)
0x00007f2075177530:   00007f2078077c28 00007f2075177810
0x00007f2075177540:   00000000bf61d3c8 00007f2078077c20
0x00007f2075177550:   00007f2075177610 00007f20a934a469
0x00007f2075177560:   00007f205c042000 00007f2078077c18
0x00007f2075177570:   00007f207517774f 00007f2078077c18
0x00007f2075177580:   00007f20a9951390 0000005000000000
0x00007f2075177590:   0000000000000020 0000000000000000
0x00007f20751775a0:   0000000000000000 00007f208406e230
0x00007f20751775b0:   0000000000000020 0000000000000100
0x00007f20751775c0:   0000000000000000 0000000000000000
0x00007f20751775d0:   000000000000000b 00007f2074dc74f0
0x00007f20751775e0:   0000000000000020 00007f2078077c18
0x00007f20751775f0:   0000000000000000 00007f205c042000
0x00007f2075177600:   00007f207517774f 0000000000000003
0x00007f2075177610:   00007f2075177670 00007f20a934ac1e
0x00007f2075177620:   00007f205c042000 00007f2075177660
0x00007f2075177630:   00007f208406e200 00007f208406e0f0
0x00007f2075177640:   00007f208406e100 00007f205c03b040
0x00007f2075177650:   00007f2078077c18 00007f205c042000
0x00007f2075177660:   00007f208406e0f0 00007f2078077c18
0x00007f2075177670:   00007f20751776d0 00007f20a934b17e
0x00007f2075177680:   00007f207517774f 00007f208406e100
0x00007f2075177690:   00007f20a99560f0 00007f209df6eb70
0x00007f20751776a0:   0000000000000003 00007f207517774f
0x00007f20751776b0:   0000000000001428 00007f2000000009
0x00007f20751776c0:   00007f2078077c18 00007f207517774f
0x00007f20751776d0:   00007f2075177730 00007f20a934b293
0x00007f20751776e0:   00007f2075177868 00007f2075177808
0x00007f20751776f0:   00007f2075177808 00007f20a07ce4c3
0x00007f2075177700:   74726f5058545852 29286e696172643a
0x00007f2075177710:   736e727574657220 000000000a30203a
0x00007f2075177720:   00007f2075177bb0 00007f205c03a4f0 

Instructions: (pc=0x00007f2074dc75da)
0x00007f2074dc75ba:   00 00 48 8d 35 7f 25 00 00 48 89 c1 4c 89 ef e8
0x00007f2074dc75ca:   a2 c2 ff ff 80 7c 24 07 00 75 3b 4d 85 f6 74 36
0x00007f2074dc75da:   45 8b 7e 0c 45 85 ff 74 2d 48 8d 5c 24 10 48 8d
0x00007f2074dc75ea:   54 24 08 4c 89 ee 4c 89 f1 48 89 df e8 a5 c3 ff 

Register to memory mapping:

RAX=0x000000000000001c is an unknown value
RBX=0x00007f2075177700 is pointing into the stack for thread: 0x00007f205c042000
RCX=0x000000007fffffe4 is an unknown value
RDX=0x00007f2074dc9e94: <offset 0x9e94> in /usr/lib/jvm/java-7-oracle/jre/lib/amd64/librxtxSerial.so at 0x00007f2074dc0000
RSP=0x00007f2075177530 is pointing into the stack for thread: 0x00007f205c042000
RBP=0x0000000000000000 is an unknown value
RSI=0x0000000000000001 is an unknown value
RDI=0x00007f2075177700 is pointing into the stack for thread: 0x00007f205c042000
R8 =0x0000000000000000 is an unknown value
R9 =0x000000000000001c is an unknown value
R10=0x0000000000000000 is an unknown value
R11=0x0000000000000000 is an unknown value
R12=0x0000000000000000 is an unknown value
R13=0x00007f205c0421e8 is an unknown value
R14=0x0000000074d0c4a0 is an unknown value
R15=0x000000000000000a is an unknown value


Stack: [0x00007f2075078000,0x00007f2075179000],  sp=0x00007f2075177530,  free space=1021k
Native frames: (J=compiled Java code, j=interpreted, Vv=VM code, C=native code)
C  [librxtxSerial.so+0x75da]  Java_gnu_io_RXTXPort_nativeDrain+0xea

[error occurred during error reporting (printing native stack), id 0xb]

Java frames: (J=compiled Java code, j=interpreted, Vv=VM code)
j  gnu.io.RXTXPort.nativeDrain(Z)Z+0
j  gnu.io.RXTXPort$SerialOutputStream.flush()V+92
j  s3games.robot.RobotSerialPort.print(Ljava/lang/String;)V+24
j  s3games.robot.Robot.open()V+48
j  s3games.robot.Robot.<init>(Ljava/lang/String;Ls3games/engine/GameSpecification;)V+38
j  s3games.Controller.run()V+165
j  java.lang.Thread.run()V+11
v  ~StubRoutines::call_stub

---------------  P R O C E S S  ---------------

Java Threads: ( => current thread )
  0x00007f205c057000 JavaThread "Thread-2" daemon [_thread_in_native, id=6788, stack(0x00007f2074c0d000,0x00007f2074d0e000)]
=>0x00007f205c042000 JavaThread "Thread-0" [_thread_in_native, id=6776, stack(0x00007f2075078000,0x00007f2075179000)]
  0x00007f205c01b000 JavaThread "TimerQueue" daemon [_thread_blocked, id=6700, stack(0x00007f2075179000,0x00007f207527a000)]
  0x00007f20a400a000 JavaThread "DestroyJavaVM" [_thread_blocked, id=6601, stack(0x00007f20aa4d7000,0x00007f20aa5d8000)]
  0x00007f20a41b8800 JavaThread "AWT-EventQueue-0" [_thread_blocked, id=6629, stack(0x00007f207622e000,0x00007f207632f000)]
  0x00007f20a41b7800 JavaThread "AWT-Shutdown" [_thread_blocked, id=6627, stack(0x00007f207632f000,0x00007f2076430000)]
  0x00007f20a418c800 JavaThread "AWT-XAWT" daemon [_thread_in_native, id=6625, stack(0x00007f2076430000,0x00007f2076531000)]
  0x00007f20a416b800 JavaThread "Java2D Disposer" daemon [_thread_blocked, id=6623, stack(0x00007f209c098000,0x00007f209c199000)]
  0x00007f20a4095000 JavaThread "Service Thread" daemon [_thread_blocked, id=6617, stack(0x00007f209c29a000,0x00007f209c39b000)]
  0x00007f20a4092800 JavaThread "C2 CompilerThread1" daemon [_thread_in_native, id=6616, stack(0x00007f209c39b000,0x00007f209c49c000)]
  0x00007f20a408f800 JavaThread "C2 CompilerThread0" daemon [_thread_in_native, id=6615, stack(0x00007f209c49c000,0x00007f209c59d000)]
  0x00007f20a408d800 JavaThread "Signal Dispatcher" daemon [_thread_blocked, id=6614, stack(0x00007f209c59d000,0x00007f209c69e000)]
  0x00007f20a406b800 JavaThread "Finalizer" daemon [_thread_blocked, id=6610, stack(0x00007f209d07a000,0x00007f209d17b000)]
  0x00007f20a4069800 JavaThread "Reference Handler" daemon [_thread_blocked, id=6609, stack(0x00007f209d17b000,0x00007f209d27c000)]

Other Threads:
  0x00007f20a4065000 VMThread [stack: 0x00007f209d27c000,0x00007f209d37d000] [id=6608]
  0x00007f20a409f800 WatcherThread [stack: 0x00007f209c199000,0x00007f209c29a000] [id=6618]

VM state:not at safepoint (normal execution)

VM Mutex/Monitor currently owned by a thread: None

Heap
 PSYoungGen      total 17920K, used 9551K [0x00000000ec280000, 0x00000000ed680000, 0x0000000100000000)
  eden space 15360K, 45% used [0x00000000ec280000,0x00000000ec95ade8,0x00000000ed180000)
  from space 2560K, 98% used [0x00000000ed180000,0x00000000ed3f9060,0x00000000ed400000)
  to   space 2560K, 0% used [0x00000000ed400000,0x00000000ed400000,0x00000000ed680000)
 ParOldGen       total 40448K, used 186K [0x00000000c4800000, 0x00000000c6f80000, 0x00000000ec280000)
  object space 40448K, 0% used [0x00000000c4800000,0x00000000c482ebf0,0x00000000c6f80000)
 PSPermGen       total 21504K, used 13192K [0x00000000bf600000, 0x00000000c0b00000, 0x00000000c4800000)
  object space 21504K, 61% used [0x00000000bf600000,0x00000000c02e2368,0x00000000c0b00000)

Card table byte_map: [0x00007f20a05ab000,0x00007f20a07b1000] byte_map_base: 0x00007f209ffb0000

Polling page: 0x00007f20aa5fd000

Code Cache  [0x00007f20a07b1000, 0x00007f20a0a21000, 0x00007f20a37b1000)
 total_blobs=634 nmethods=154 adapters=434 free_code_cache=48273Kb largest_free_block=49403328

Compilation events (10 events):
Event: 8.437 Thread 0x00007f20a4092800 nmethod 152 0x00007f20a088e110 code [0x00007f20a088e280, 0x00007f20a088e5d8]
Event: 8.437 Thread 0x00007f20a4092800  153             java.lang.Character::toUpperCaseEx (30 bytes)
Event: 8.444 Thread 0x00007f20a4092800 nmethod 153 0x00007f20a088bc10 code [0x00007f20a088bd80, 0x00007f20a088bf38]
Event: 8.444 Thread 0x00007f20a4092800  154             java.lang.CharacterDataLatin1::toUpperCaseEx (71 bytes)
Event: 8.446 Thread 0x00007f20a408f800 nmethod 149 0x00007f20a088f150 code [0x00007f20a088f320, 0x00007f20a088fab8]
Event: 8.447 Thread 0x00007f20a4092800 nmethod 154 0x00007f20a0890690 code [0x00007f20a08907e0, 0x00007f20a08908b8]
Event: 8.458 Thread 0x00007f20a408f800  155             java.lang.String::toLowerCase (8 bytes)
Event: 8.459 Thread 0x00007f20a408f800 nmethod 155 0x00007f20a08903d0 code [0x00007f20a0890520, 0x00007f20a08905c8]
Event: 8.464 Thread 0x00007f20a408f800  156             gnu.io.RXTXCommDriver::registerValidPorts (228 bytes)
Event: 8.482 Thread 0x00007f20a4092800  157             java.lang.StringCoding::deref (19 bytes)

GC Heap History (2 events):
Event: 2.736 GC heap before
{Heap before GC invocations=1 (full 0):
 PSYoungGen      total 17920K, used 15360K [0x00000000ec280000, 0x00000000ed680000, 0x0000000100000000)
  eden space 15360K, 100% used [0x00000000ec280000,0x00000000ed180000,0x00000000ed180000)
  from space 2560K, 0% used [0x00000000ed400000,0x00000000ed400000,0x00000000ed680000)
  to   space 2560K, 0% used [0x00000000ed180000,0x00000000ed180000,0x00000000ed400000)
 ParOldGen       total 40448K, used 0K [0x00000000c4800000, 0x00000000c6f80000, 0x00000000ec280000)
  object space 40448K, 0% used [0x00000000c4800000,0x00000000c4800000,0x00000000c6f80000)
 PSPermGen       total 21504K, used 11301K [0x00000000bf600000, 0x00000000c0b00000, 0x00000000c4800000)
  object space 21504K, 52% used [0x00000000bf600000,0x00000000c0109568,0x00000000c0b00000)
Event: 2.761 GC heap after
Heap after GC invocations=1 (full 0):
 PSYoungGen      total 17920K, used 2532K [0x00000000ec280000, 0x00000000ed680000, 0x0000000100000000)
  eden space 15360K, 0% used [0x00000000ec280000,0x00000000ec280000,0x00000000ed180000)
  from space 2560K, 98% used [0x00000000ed180000,0x00000000ed3f9060,0x00000000ed400000)
  to   space 2560K, 0% used [0x00000000ed400000,0x00000000ed400000,0x00000000ed680000)
 ParOldGen       total 40448K, used 186K [0x00000000c4800000, 0x00000000c6f80000, 0x00000000ec280000)
  object space 40448K, 0% used [0x00000000c4800000,0x00000000c482ebf0,0x00000000c6f80000)
 PSPermGen       total 21504K, used 11301K [0x00000000bf600000, 0x00000000c0b00000, 0x00000000c4800000)
  object space 21504K, 52% used [0x00000000bf600000,0x00000000c0109568,0x00000000c0b00000)
}

Deoptimization events (10 events):
Event: 2.434 Thread 0x00007f20a400a000 Uncommon trap: reason=class_check action=maybe_recompile pc=0x00007f20a082b794 method=java.lang.String.equals(Ljava/lang/Object;)Z @ 8
Event: 2.434 Thread 0x00007f20a400a000 Uncommon trap: reason=class_check action=maybe_recompile pc=0x00007f20a082b794 method=java.lang.String.equals(Ljava/lang/Object;)Z @ 8
Event: 2.448 Thread 0x00007f20a400a000 Uncommon trap: reason=class_check action=maybe_recompile pc=0x00007f20a082b794 method=java.lang.String.equals(Ljava/lang/Object;)Z @ 8
Event: 2.563 Thread 0x00007f20a418c800 Uncommon trap: reason=unstable_if action=reinterpret pc=0x00007f20a084c230 method=java.lang.ThreadLocal.get()Ljava/lang/Object; @ 11
Event: 2.597 Thread 0x00007f20a418c800 Uncommon trap: reason=unstable_if action=reinterpret pc=0x00007f20a0850000 method=java.lang.ThreadLocal$ThreadLocalMap.getEntry(Ljava/lang/ThreadLocal;)Ljava/lang/ThreadLocal$ThreadLocalMap$Entry; @ 21
Event: 2.733 Thread 0x00007f20a400a000 Uncommon trap: reason=unstable_if action=reinterpret pc=0x00007f20a08538fc method=java.lang.ThreadLocal$ThreadLocalMap.getEntry(Ljava/lang/ThreadLocal;)Ljava/lang/ThreadLocal$ThreadLocalMap$Entry; @ 21
Event: 2.733 Thread 0x00007f20a400a000 Uncommon trap: reason=unstable_if action=reinterpret pc=0x00007f20a0838668 method=java.lang.String.indexOf([CII[CIII)I @ 3
Event: 7.957 Thread 0x00007f205c042000 Uncommon trap: reason=unstable_if action=reinterpret pc=0x00007f20a086fac8 method=java.lang.AbstractStringBuilder.append(Ljava/lang/String;)Ljava/lang/AbstractStringBuilder; @ 1
Event: 7.957 Thread 0x00007f205c042000 Uncommon trap: reason=unstable_if action=reinterpret pc=0x00007f20a0850840 method=java.lang.AbstractStringBuilder.append(Ljava/lang/String;)Ljava/lang/AbstractStringBuilder; @ 1
Event: 8.308 Thread 0x00007f205c042000 Uncommon trap: reason=unstable_if action=reinterpret pc=0x00007f20a08328f8 method=java.io.UnixFileSystem.normalize(Ljava/lang/String;)Ljava/lang/String; @ 60

Internal exceptions (10 events):
Event: 8.459 Thread 0x00007f205c042000 Threw 0x00000000ec8feda0 at /HUDSON/workspace/7u-2-build-linux-amd64/jdk7u80/2329/hotspot/src/share/vm/prims/jni.cpp:717
Event: 8.462 Thread 0x00007f205c042000 Threw 0x00000000ec90fc48 at /HUDSON/workspace/7u-2-build-linux-amd64/jdk7u80/2329/hotspot/src/share/vm/prims/jvm.cpp:1319
Event: 8.464 Thread 0x00007f205c042000 Threw 0x00000000ec911dd0 at /HUDSON/workspace/7u-2-build-linux-amd64/jdk7u80/2329/hotspot/src/share/vm/prims/jvm.cpp:1319
Event: 8.465 Thread 0x00007f205c042000 Threw 0x00000000ec914d50 at /HUDSON/workspace/7u-2-build-linux-amd64/jdk7u80/2329/hotspot/src/share/vm/prims/jvm.cpp:1319
Event: 8.467 Thread 0x00007f205c042000 Threw 0x00000000ec919238 at /HUDSON/workspace/7u-2-build-linux-amd64/jdk7u80/2329/hotspot/src/share/vm/prims/jvm.cpp:1319
Event: 8.468 Thread 0x00007f205c042000 Threw 0x00000000ec91c230 at /HUDSON/workspace/7u-2-build-linux-amd64/jdk7u80/2329/hotspot/src/share/vm/prims/jvm.cpp:1319
Event: 8.471 Thread 0x00007f205c042000 Threw 0x00000000ec91e828 at /HUDSON/workspace/7u-2-build-linux-amd64/jdk7u80/2329/hotspot/src/share/vm/prims/jvm.cpp:1319
Event: 8.479 Thread 0x00007f205c042000 Threw 0x00000000ec921988 at /HUDSON/workspace/7u-2-build-linux-amd64/jdk7u80/2329/hotspot/src/share/vm/prims/jvm.cpp:1319
Event: 8.480 Thread 0x00007f205c042000 Threw 0x00000000ec925458 at /HUDSON/workspace/7u-2-build-linux-amd64/jdk7u80/2329/hotspot/src/share/vm/prims/jvm.cpp:1319
Event: 8.481 Thread 0x00007f205c042000 Threw 0x00000000ec941d10 at /HUDSON/workspace/7u-2-build-linux-amd64/jdk7u80/2329/hotspot/src/share/vm/prims/jvm.cpp:1319

Events (10 events):
Event: 8.468 loading class 0x00007f205c058240 done
Event: 8.471 loading class 0x00007f205c0811f0
Event: 8.471 loading class 0x00007f205c0811f0 done
Event: 8.474 Thread 0x00007f205c057000 Thread added: 0x00007f205c057000
Event: 8.479 loading class 0x00007f205c051360
Event: 8.479 loading class 0x00007f205c051360 done
Event: 8.480 loading class 0x00007f205c054360
Event: 8.480 loading class 0x00007f205c054360 done
Event: 8.481 loading class 0x00007f205c07fc60
Event: 8.481 loading class 0x00007f205c07fc60 done


Dynamic libraries:
00400000-00401000 r-xp 00000000 fc:00 17170675                           /usr/lib/jvm/java-7-oracle/jre/bin/java
00600000-00601000 rw-p 00000000 fc:00 17170675                           /usr/lib/jvm/java-7-oracle/jre/bin/java
0199a000-019bb000 rw-p 00000000 00:00 0                                  [heap]
bf600000-c0b00000 rw-p 00000000 00:00 0 
c0b00000-c4800000 rw-p 00000000 00:00 0 
c4800000-c6f80000 rw-p 00000000 00:00 0 
c6f80000-ec280000 rw-p 00000000 00:00 0 
ec280000-ed680000 rw-p 00000000 00:00 0 
ed680000-100000000 rw-p 00000000 00:00 0 
7f205c000000-7f205c083000 rw-p 00000000 00:00 0 
7f205c083000-7f2060000000 ---p 00000000 00:00 0 
7f2064000000-7f2064021000 rw-p 00000000 00:00 0 
7f2064021000-7f2068000000 ---p 00000000 00:00 0 
7f2068000000-7f2068021000 rw-p 00000000 00:00 0 
7f2068021000-7f206c000000 ---p 00000000 00:00 0 
7f206c000000-7f206c021000 rw-p 00000000 00:00 0 
7f206c021000-7f2070000000 ---p 00000000 00:00 0 
7f2070000000-7f2070021000 rw-p 00000000 00:00 0 
7f2070021000-7f2074000000 ---p 00000000 00:00 0 
7f20745f8000-7f20745fc000 r--s 0008b000 fc:00 15077866                   /usr/lib/jvm/java-7-oracle/jre/lib/jsse.jar
7f2074709000-7f207470d000 r--s 00000000 fc:00 24118785                   /var/cache/fontconfig/6aa41aa22e18b8fa06a12da28ea9c28b-le64.cache-6
7f207470d000-7f2074718000 r--s 00000000 fc:00 24120967                   /var/cache/fontconfig/945677eb7aeaf62f1d50efc3fb3ec7d8-le64.cache-6
7f2074718000-7f207471a000 r--s 00000000 fc:00 24124554                   /var/cache/fontconfig/99e8ed0e538f840c565b6ed5dad60d56-le64.cache-6
7f207471a000-7f2074723000 r--s 00000000 fc:00 24124553                   /var/cache/fontconfig/a6d8cf8e4ec09cdbc8633c31745a07dd-le64.cache-6
7f2074723000-7f2074729000 r--s 00000000 fc:00 24120964                   /var/cache/fontconfig/2cd17615ca594fa2959ae173292e504c-le64.cache-6
7f2074729000-7f207472a000 r--s 00000000 fc:00 24120573                   /var/cache/fontconfig/0d8c3b2ac0904cb8a57a757ad11a4a08-le64.cache-6
7f207472a000-7f207473f000 r--s 00000000 fc:00 24120572                   /var/cache/fontconfig/04aabc0a78ac019cf9454389977116d2-le64.cache-6
7f207473f000-7f2074740000 r--s 00000000 fc:00 24120571                   /var/cache/fontconfig/1ac9eb803944fde146138c791f5cc56a-le64.cache-6
7f2074740000-7f2074744000 r--s 00000000 fc:00 24120570                   /var/cache/fontconfig/385c0604a188198f04d133e54aba7fe7-le64.cache-6
7f2074744000-7f2074745000 r--s 00000000 fc:00 24120569                   /var/cache/fontconfig/dc05db6664285cc2f12bf69c139ae4c3-le64.cache-6
7f2074745000-7f2074748000 r--s 00000000 fc:00 24120568                   /var/cache/fontconfig/767a8244fc0220cfb567a839d0392e0b-le64.cache-6
7f2074748000-7f2074749000 r--s 00000000 fc:00 24126356                   /var/cache/fontconfig/4794a0821666d79190d59a36cb4f44b5-le64.cache-6
7f2074749000-7f207474e000 r--s 00000000 fc:00 24120566                   /var/cache/fontconfig/8801497958630a81b71ace7c5f9b32a8-le64.cache-6
7f207474e000-7f207474f000 r--s 00000000 fc:00 24120429                   /var/cache/fontconfig/bab58bb527bb656aaa9f116d68a48d89-le64.cache-6
7f207474f000-7f2074756000 r--s 00000000 fc:00 24119877                   /var/cache/fontconfig/3047814df9a2f067bd2d96a2b9c36e5a-le64.cache-6
7f2074756000-7f207475e000 r--s 00000000 fc:00 24119863                   /var/cache/fontconfig/bf3b770c553c462765856025a94f1ce6-le64.cache-6
7f207475e000-7f207475f000 r--s 00000000 fc:00 24119839                   /var/cache/fontconfig/56cf4f4769d0f4abc89a4895d7bd3ae1-le64.cache-6
7f207475f000-7f2074767000 r--s 00000000 fc:00 24124550                   /var/cache/fontconfig/52f7bdb7ce746bfd7eaa1985bd9cfa93-le64.cache-6
7f2074767000-7f207477a000 r--s 00000000 fc:00 24119516                   /var/cache/fontconfig/d52a8644073d54c13679302ca1180695-le64.cache-6
7f207477a000-7f2074785000 r--s 00000000 fc:00 24119507                   /var/cache/fontconfig/d589a48862398ed80a3d6066f4f56f4c-le64.cache-6
7f2074785000-7f2074790000 r--s 00000000 fc:00 24119064                   /var/cache/fontconfig/83bf95040141907cd45bb53cf7c1c148-le64.cache-6
7f2074790000-7f20747a2000 r--s 00000000 fc:00 24118991                   /var/cache/fontconfig/9b89f8e3dae116d678bbf48e5f21f69b-le64.cache-6
7f20747a2000-7f20747c2000 r--s 00000000 fc:00 24118783                   /var/cache/fontconfig/e13b20fdb08344e0e664864cc2ede53d-le64.cache-6
7f20747c2000-7f20747e3000 r--s 00000000 fc:00 24117528                   /var/cache/fontconfig/467c019e582ee353435ea5c21d137ef6-le64.cache-6
7f2074c0d000-7f2074c10000 ---p 00000000 00:00 0 
7f2074c10000-7f2074d0e000 rw-p 00000000 00:00 0 
7f2074d0e000-7f2074dc0000 rw-s 00000000 00:05 5996567                    /SYSV00000000 (deleted)
7f2074dc0000-7f2074dcd000 r-xp 00000000 fc:00 15073411                   /usr/lib/jvm/java-7-oracle/jre/lib/amd64/librxtxSerial.so
7f2074dcd000-7f2074fcc000 ---p 0000d000 fc:00 15073411                   /usr/lib/jvm/java-7-oracle/jre/lib/amd64/librxtxSerial.so
7f2074fcc000-7f2074fcd000 rw-p 0000c000 fc:00 15073411                   /usr/lib/jvm/java-7-oracle/jre/lib/amd64/librxtxSerial.so
7f2074fcd000-7f2075078000 rw-s 00000000 00:05 5963795                    /SYSV00000000 (deleted)
7f2075078000-7f207507b000 ---p 00000000 00:00 0 
7f207507b000-7f2075179000 rw-p 00000000 00:00 0 
7f2075179000-7f207517c000 ---p 00000000 00:00 0 
7f207517c000-7f207527a000 rw-p 00000000 00:00 0 
7f207527a000-7f2075338000 rw-s 00000000 00:05 5931026                    /SYSV00000000 (deleted)
7f2075338000-7f2075339000 r--s 00000000 fc:00 24119519                   /var/cache/fontconfig/b9d506c9ac06c20b433354fa67a72993-le64.cache-6
7f2075339000-7f207533f000 r--s 00000000 fc:00 24119518                   /var/cache/fontconfig/b47c4e1ecd0709278f4910c18777a504-le64.cache-6
7f207533f000-7f207534c000 r--s 00000000 fc:00 24118776                   /var/cache/fontconfig/8f02d4cb045bd6ce15663e43f347c9f8-le64.cache-6
7f207534c000-7f207535a000 r--s 00000000 fc:00 39065908                   /home/krtek/.cache/fontconfig/785a6cf33364f78b52aca8d4e1f525e7-le64.cache-6
7f20753f7000-7f2075460000 r-xp 00000000 fc:00 15076811                   /usr/lib/jvm/java-7-oracle/jre/lib/amd64/libt2k.so
7f2075460000-7f207565f000 ---p 00069000 fc:00 15076811                   /usr/lib/jvm/java-7-oracle/jre/lib/amd64/libt2k.so
7f207565f000-7f2075666000 rw-p 00068000 fc:00 15076811                   /usr/lib/jvm/java-7-oracle/jre/lib/amd64/libt2k.so
7f2075666000-7f2075676000 rw-p 00000000 00:00 0 
7f2075676000-7f2075686000 r-xp 00000000 fc:00 15076651                   /usr/lib/jvm/java-7-oracle/jre/lib/amd64/libnio.so
7f2075686000-7f2075886000 ---p 00010000 fc:00 15076651                   /usr/lib/jvm/java-7-oracle/jre/lib/amd64/libnio.so
7f2075886000-7f2075887000 rw-p 00010000 fc:00 15076651                   /usr/lib/jvm/java-7-oracle/jre/lib/amd64/libnio.so
7f2075887000-7f2075b88000 rw-p 00000000 00:00 0 
7f2075b88000-7f2075b9f000 r-xp 00000000 fc:00 15076685                   /usr/lib/jvm/java-7-oracle/jre/lib/amd64/libnet.so
7f2075b9f000-7f2075d9e000 ---p 00017000 fc:00 15076685                   /usr/lib/jvm/java-7-oracle/jre/lib/amd64/libnet.so
7f2075d9e000-7f2075d9f000 rw-p 00016000 fc:00 15076685                   /usr/lib/jvm/java-7-oracle/jre/lib/amd64/libnet.so
7f2075d9f000-7f2075db5000 r-xp 00000000 fc:00 33558887                   /lib/x86_64-linux-gnu/libgcc_s.so.1
7f2075db5000-7f2075fb4000 ---p 00016000 fc:00 33558887                   /lib/x86_64-linux-gnu/libgcc_s.so.1
7f2075fb4000-7f2075fb5000 rw-p 00015000 fc:00 33558887                   /lib/x86_64-linux-gnu/libgcc_s.so.1
7f2075fb5000-7f207601a000 r-xp 00000000 fc:00 15076649                   /usr/lib/jvm/java-7-oracle/jre/lib/amd64/libfontmanager.so
7f207601a000-7f2076219000 ---p 00065000 fc:00 15076649                   /usr/lib/jvm/java-7-oracle/jre/lib/amd64/libfontmanager.so
7f2076219000-7f207621e000 rw-p 00064000 fc:00 15076649                   /usr/lib/jvm/java-7-oracle/jre/lib/amd64/libfontmanager.so
7f207621e000-7f207622e000 rw-p 00000000 00:00 0 
7f207622e000-7f2076231000 ---p 00000000 00:00 0 
7f2076231000-7f207632f000 rw-p 00000000 00:00 0 
7f207632f000-7f2076332000 ---p 00000000 00:00 0 
7f2076332000-7f2076430000 rw-p 00000000 00:00 0 
7f2076430000-7f2076433000 ---p 00000000 00:00 0 
7f2076433000-7f2076531000 rw-p 00000000 00:00 0 
7f2076531000-7f2076536000 r-xp 00000000 fc:00 14687917                   /usr/lib/x86_64-linux-gnu/libXfixes.so.3.1.0
7f2076536000-7f2076735000 ---p 00005000 fc:00 14687917                   /usr/lib/x86_64-linux-gnu/libXfixes.so.3.1.0
7f2076735000-7f2076736000 r--p 00004000 fc:00 14687917                   /usr/lib/x86_64-linux-gnu/libXfixes.so.3.1.0
7f2076736000-7f2076737000 rw-p 00005000 fc:00 14687917                   /usr/lib/x86_64-linux-gnu/libXfixes.so.3.1.0
7f2076737000-7f2076740000 r-xp 00000000 fc:00 14687909                   /usr/lib/x86_64-linux-gnu/libXcursor.so.1.0.2
7f2076740000-7f207693f000 ---p 00009000 fc:00 14687909                   /usr/lib/x86_64-linux-gnu/libXcursor.so.1.0.2
7f207693f000-7f2076940000 r--p 00008000 fc:00 14687909                   /usr/lib/x86_64-linux-gnu/libXcursor.so.1.0.2
7f2076940000-7f2076941000 rw-p 00009000 fc:00 14687909                   /usr/lib/x86_64-linux-gnu/libXcursor.so.1.0.2
7f2076941000-7f2076946000 r-xp 00000000 fc:00 14687913                   /usr/lib/x86_64-linux-gnu/libXdmcp.so.6.0.0
7f2076946000-7f2076b45000 ---p 00005000 fc:00 14687913                   /usr/lib/x86_64-linux-gnu/libXdmcp.so.6.0.0
7f2076b45000-7f2076b46000 r--p 00004000 fc:00 14687913                   /usr/lib/x86_64-linux-gnu/libXdmcp.so.6.0.0
7f2076b46000-7f2076b47000 rw-p 00005000 fc:00 14687913                   /usr/lib/x86_64-linux-gnu/libXdmcp.so.6.0.0
7f2076b47000-7f2076b49000 r-xp 00000000 fc:00 14687902                   /usr/lib/x86_64-linux-gnu/libXau.so.6.0.0
7f2076b49000-7f2076d49000 ---p 00002000 fc:00 14687902                   /usr/lib/x86_64-linux-gnu/libXau.so.6.0.0
7f2076d49000-7f2076d4a000 r--p 00002000 fc:00 14687902                   /usr/lib/x86_64-linux-gnu/libXau.so.6.0.0
7f2076d4a000-7f2076d4b000 rw-p 00003000 fc:00 14687902                   /usr/lib/x86_64-linux-gnu/libXau.so.6.0.0
7f2076d4b000-7f2076d6c000 r-xp 00000000 fc:00 14689280                   /usr/lib/x86_64-linux-gnu/libxcb.so.1.1.0
7f2076d6c000-7f2076f6b000 ---p 00021000 fc:00 14689280                   /usr/lib/x86_64-linux-gnu/libxcb.so.1.1.0
7f2076f6b000-7f2076f6c000 r--p 00020000 fc:00 14689280                   /usr/lib/x86_64-linux-gnu/libxcb.so.1.1.0
7f2076f6c000-7f2076f6d000 rw-p 00021000 fc:00 14689280                   /usr/lib/x86_64-linux-gnu/libxcb.so.1.1.0
7f2076f6d000-7f2076f7c000 r-xp 00000000 fc:00 14687923                   /usr/lib/x86_64-linux-gnu/libXi.so.6.1.0
7f2076f7c000-7f207717b000 ---p 0000f000 fc:00 14687923                   /usr/lib/x86_64-linux-gnu/libXi.so.6.1.0
7f207717b000-7f207717c000 r--p 0000e000 fc:00 14687923                   /usr/lib/x86_64-linux-gnu/libXi.so.6.1.0
7f207717c000-7f207717d000 rw-p 0000f000 fc:00 14687923                   /usr/lib/x86_64-linux-gnu/libXi.so.6.1.0
7f207717d000-7f2077182000 r-xp 00000000 fc:00 14687941                   /usr/lib/x86_64-linux-gnu/libXtst.so.6.1.0
7f2077182000-7f2077381000 ---p 00005000 fc:00 14687941                   /usr/lib/x86_64-linux-gnu/libXtst.so.6.1.0
7f2077381000-7f2077382000 r--p 00004000 fc:00 14687941                   /usr/lib/x86_64-linux-gnu/libXtst.so.6.1.0
7f2077382000-7f2077383000 rw-p 00005000 fc:00 14687941                   /usr/lib/x86_64-linux-gnu/libXtst.so.6.1.0
7f2077383000-7f207738c000 r-xp 00000000 fc:00 14687935                   /usr/lib/x86_64-linux-gnu/libXrender.so.1.3.0
7f207738c000-7f207758b000 ---p 00009000 fc:00 14687935                   /usr/lib/x86_64-linux-gnu/libXrender.so.1.3.0
7f207758b000-7f207758c000 r--p 00008000 fc:00 14687935                   /usr/lib/x86_64-linux-gnu/libXrender.so.1.3.0
7f207758c000-7f207758d000 rw-p 00009000 fc:00 14687935                   /usr/lib/x86_64-linux-gnu/libXrender.so.1.3.0
7f207758d000-7f20776c2000 r-xp 00000000 fc:00 14687898                   /usr/lib/x86_64-linux-gnu/libX11.so.6.3.0
7f20776c2000-7f20778c2000 ---p 00135000 fc:00 14687898                   /usr/lib/x86_64-linux-gnu/libX11.so.6.3.0
7f20778c2000-7f20778c3000 r--p 00135000 fc:00 14687898                   /usr/lib/x86_64-linux-gnu/libX11.so.6.3.0
7f20778c3000-7f20778c7000 rw-p 00136000 fc:00 14687898                   /usr/lib/x86_64-linux-gnu/libX11.so.6.3.0
7f20778c7000-7f20778d8000 r-xp 00000000 fc:00 14687915                   /usr/lib/x86_64-linux-gnu/libXext.so.6.4.0
7f20778d8000-7f2077ad7000 ---p 00011000 fc:00 14687915                   /usr/lib/x86_64-linux-gnu/libXext.so.6.4.0
7f2077ad7000-7f2077ad8000 r--p 00010000 fc:00 14687915                   /usr/lib/x86_64-linux-gnu/libXext.so.6.4.0
7f2077ad8000-7f2077ad9000 rw-p 00011000 fc:00 14687915                   /usr/lib/x86_64-linux-gnu/libXext.so.6.4.0
7f2077ad9000-7f2077b29000 r-xp 00000000 fc:00 15076664                   /usr/lib/jvm/java-7-oracle/jre/lib/amd64/xawt/libmawt.so
7f2077b29000-7f2077d29000 ---p 00050000 fc:00 15076664                   /usr/lib/jvm/java-7-oracle/jre/lib/amd64/xawt/libmawt.so
7f2077d29000-7f2077d2d000 rw-p 00050000 fc:00 15076664                   /usr/lib/jvm/java-7-oracle/jre/lib/amd64/xawt/libmawt.so
7f2077d2d000-7f2077d2e000 rw-p 00000000 00:00 0 
7f2077d2e000-7f2077dd0000 r-xp 00000000 fc:00 15076684                   /usr/lib/jvm/java-7-oracle/jre/lib/amd64/libawt.so
7f2077dd0000-7f2077fd0000 ---p 000a2000 fc:00 15076684                   /usr/lib/jvm/java-7-oracle/jre/lib/amd64/libawt.so
7f2077fd0000-7f2077fdc000 rw-p 000a2000 fc:00 15076684                   /usr/lib/jvm/java-7-oracle/jre/lib/amd64/libawt.so
7f2077fdc000-7f2078000000 rw-p 00000000 00:00 0 
7f2078000000-7f2078843000 rw-p 00000000 00:00 0 
7f2078843000-7f207c000000 ---p 00000000 00:00 0 
7f207c000000-7f207c021000 rw-p 00000000 00:00 0 
7f207c021000-7f2080000000 ---p 00000000 00:00 0 
7f2080000000-7f2080021000 rw-p 00000000 00:00 0 
7f2080021000-7f2084000000 ---p 00000000 00:00 0 
7f2084000000-7f20848c9000 rw-p 00000000 00:00 0 
7f20848c9000-7f2088000000 ---p 00000000 00:00 0 
7f2088000000-7f2088021000 rw-p 00000000 00:00 0 
7f2088021000-7f208c000000 ---p 00000000 00:00 0 
7f208c000000-7f208c021000 rw-p 00000000 00:00 0 
7f208c021000-7f2090000000 ---p 00000000 00:00 0 
7f2090000000-7f2090021000 rw-p 00000000 00:00 0 
7f2090021000-7f2094000000 ---p 00000000 00:00 0 
7f2094000000-7f2094021000 rw-p 00000000 00:00 0 
7f2094021000-7f2098000000 ---p 00000000 00:00 0 
7f2098000000-7f2098021000 rw-p 00000000 00:00 0 
7f2098021000-7f209c000000 ---p 00000000 00:00 0 
7f209c000000-7f209c001000 r--s 00000000 fc:00 24119509                   /var/cache/fontconfig/551ecf3b0e8b0bca0f25c0944f561853-le64.cache-6
7f209c001000-7f209c004000 r--s 00000000 fc:00 24119372                   /var/cache/fontconfig/75114ca45c98e8a441da0ff356701271-le64.cache-6
7f209c004000-7f209c008000 r--s 00000000 fc:00 24126361                   /var/cache/fontconfig/7ef2298fde41cc6eeb7af42e48b7d293-le64.cache-6
7f209c098000-7f209c09b000 ---p 00000000 00:00 0 
7f209c09b000-7f209c199000 rw-p 00000000 00:00 0 
7f209c199000-7f209c19a000 ---p 00000000 00:00 0 
7f209c19a000-7f209c29a000 rw-p 00000000 00:00 0 
7f209c29a000-7f209c29d000 ---p 00000000 00:00 0 
7f209c29d000-7f209c39b000 rw-p 00000000 00:00 0 
7f209c39b000-7f209c39e000 ---p 00000000 00:00 0 
7f209c39e000-7f209c49c000 rw-p 00000000 00:00 0 
7f209c49c000-7f209c49f000 ---p 00000000 00:00 0 
7f209c49f000-7f209c59d000 rw-p 00000000 00:00 0 
7f209c59d000-7f209c5a0000 ---p 00000000 00:00 0 
7f209c5a0000-7f209c69e000 rw-p 00000000 00:00 0 
7f209c69e000-7f209d07a000 r--p 00000000 fc:00 14687016                   /usr/lib/locale/locale-archive
7f209d07a000-7f209d07d000 ---p 00000000 00:00 0 
7f209d07d000-7f209d17b000 rw-p 00000000 00:00 0 
7f209d17b000-7f209d17e000 ---p 00000000 00:00 0 
7f209d17e000-7f209d27c000 rw-p 00000000 00:00 0 
7f209d27c000-7f209d27d000 ---p 00000000 00:00 0 
7f209d27d000-7f209dd34000 rw-p 00000000 00:00 0 
7f209dd34000-7f209def4000 r--s 039fb000 fc:00 15077871                   /usr/lib/jvm/java-7-oracle/jre/lib/rt.jar
7f209def4000-7f20a0242000 rw-p 00000000 00:00 0 
7f20a0242000-7f20a0243000 ---p 00000000 00:00 0 
7f20a0243000-7f20a0343000 rw-p 00000000 00:00 0 
7f20a0343000-7f20a0344000 ---p 00000000 00:00 0 
7f20a0344000-7f20a044f000 rw-p 00000000 00:00 0 
7f20a044f000-7f20a046d000 rw-p 00000000 00:00 0 
7f20a046d000-7f20a0481000 rw-p 00000000 00:00 0 
7f20a0481000-7f20a05ab000 rw-p 00000000 00:00 0 
7f20a05ab000-7f20a05b6000 rw-p 00000000 00:00 0 
7f20a05b6000-7f20a05d4000 rw-p 00000000 00:00 0 
7f20a05d4000-7f20a05e8000 rw-p 00000000 00:00 0 
7f20a05e8000-7f20a0711000 rw-p 00000000 00:00 0 
7f20a0711000-7f20a071c000 rw-p 00000000 00:00 0 
7f20a071c000-7f20a07b0000 rw-p 00000000 00:00 0 
7f20a07b0000-7f20a07b1000 rw-p 00000000 00:00 0 
7f20a07b1000-7f20a0a21000 rwxp 00000000 00:00 0 
7f20a0a21000-7f20a37b1000 rw-p 00000000 00:00 0 
7f20a37b1000-7f20a37c8000 r-xp 00000000 fc:00 15076680                   /usr/lib/jvm/java-7-oracle/jre/lib/amd64/libzip.so
7f20a37c8000-7f20a39c8000 ---p 00017000 fc:00 15076680                   /usr/lib/jvm/java-7-oracle/jre/lib/amd64/libzip.so
7f20a39c8000-7f20a39c9000 rw-p 00017000 fc:00 15076680                   /usr/lib/jvm/java-7-oracle/jre/lib/amd64/libzip.so
7f20a39c9000-7f20a39d4000 r-xp 00000000 fc:00 33557455                   /lib/x86_64-linux-gnu/libnss_files-2.23.so
7f20a39d4000-7f20a3bd3000 ---p 0000b000 fc:00 33557455                   /lib/x86_64-linux-gnu/libnss_files-2.23.so
7f20a3bd3000-7f20a3bd4000 r--p 0000a000 fc:00 33557455                   /lib/x86_64-linux-gnu/libnss_files-2.23.so
7f20a3bd4000-7f20a3bd5000 rw-p 0000b000 fc:00 33557455                   /lib/x86_64-linux-gnu/libnss_files-2.23.so
7f20a3bd5000-7f20a3bdb000 rw-p 00000000 00:00 0 
7f20a3bdb000-7f20a3be6000 r-xp 00000000 fc:00 33557440                   /lib/x86_64-linux-gnu/libnss_nis-2.23.so
7f20a3be6000-7f20a3de5000 ---p 0000b000 fc:00 33557440                   /lib/x86_64-linux-gnu/libnss_nis-2.23.so
7f20a3de5000-7f20a3de6000 r--p 0000a000 fc:00 33557440                   /lib/x86_64-linux-gnu/libnss_nis-2.23.so
7f20a3de6000-7f20a3de7000 rw-p 0000b000 fc:00 33557440                   /lib/x86_64-linux-gnu/libnss_nis-2.23.so
7f20a3de7000-7f20a3dfd000 r-xp 00000000 fc:00 33557451                   /lib/x86_64-linux-gnu/libnsl-2.23.so
7f20a3dfd000-7f20a3ffc000 ---p 00016000 fc:00 33557451                   /lib/x86_64-linux-gnu/libnsl-2.23.so
7f20a3ffc000-7f20a3ffd000 r--p 00015000 fc:00 33557451                   /lib/x86_64-linux-gnu/libnsl-2.23.so
7f20a3ffd000-7f20a3ffe000 rw-p 00016000 fc:00 33557451                   /lib/x86_64-linux-gnu/libnsl-2.23.so
7f20a3ffe000-7f20a4000000 rw-p 00000000 00:00 0 
7f20a4000000-7f20a433a000 rw-p 00000000 00:00 0 
7f20a433a000-7f20a8000000 ---p 00000000 00:00 0 
7f20a800f000-7f20a8017000 r-xp 00000000 fc:00 33557452                   /lib/x86_64-linux-gnu/libnss_compat-2.23.so
7f20a8017000-7f20a8216000 ---p 00008000 fc:00 33557452                   /lib/x86_64-linux-gnu/libnss_compat-2.23.so
7f20a8216000-7f20a8217000 r--p 00007000 fc:00 33557452                   /lib/x86_64-linux-gnu/libnss_compat-2.23.so
7f20a8217000-7f20a8218000 rw-p 00008000 fc:00 33557452                   /lib/x86_64-linux-gnu/libnss_compat-2.23.so
7f20a8218000-7f20a8241000 r-xp 00000000 fc:00 15076646                   /usr/lib/jvm/java-7-oracle/jre/lib/amd64/libjava.so
7f20a8241000-7f20a8441000 ---p 00029000 fc:00 15076646                   /usr/lib/jvm/java-7-oracle/jre/lib/amd64/libjava.so
7f20a8441000-7f20a8443000 rw-p 00029000 fc:00 15076646                   /usr/lib/jvm/java-7-oracle/jre/lib/amd64/libjava.so
7f20a8443000-7f20a8450000 r-xp 00000000 fc:00 15076673                   /usr/lib/jvm/java-7-oracle/jre/lib/amd64/libverify.so
7f20a8450000-7f20a864f000 ---p 0000d000 fc:00 15076673                   /usr/lib/jvm/java-7-oracle/jre/lib/amd64/libverify.so
7f20a864f000-7f20a8651000 rw-p 0000c000 fc:00 15076673                   /usr/lib/jvm/java-7-oracle/jre/lib/amd64/libverify.so
7f20a8651000-7f20a8658000 r-xp 00000000 fc:00 33557439                   /lib/x86_64-linux-gnu/librt-2.23.so
7f20a8658000-7f20a8857000 ---p 00007000 fc:00 33557439                   /lib/x86_64-linux-gnu/librt-2.23.so
7f20a8857000-7f20a8858000 r--p 00006000 fc:00 33557439                   /lib/x86_64-linux-gnu/librt-2.23.so
7f20a8858000-7f20a8859000 rw-p 00007000 fc:00 33557439                   /lib/x86_64-linux-gnu/librt-2.23.so
7f20a8859000-7f20a8961000 r-xp 00000000 fc:00 33557449                   /lib/x86_64-linux-gnu/libm-2.23.so
7f20a8961000-7f20a8b60000 ---p 00108000 fc:00 33557449                   /lib/x86_64-linux-gnu/libm-2.23.so
7f20a8b60000-7f20a8b61000 r--p 00107000 fc:00 33557449                   /lib/x86_64-linux-gnu/libm-2.23.so
7f20a8b61000-7f20a8b62000 rw-p 00108000 fc:00 33557449                   /lib/x86_64-linux-gnu/libm-2.23.so
7f20a8b62000-7f20a96d8000 r-xp 00000000 fc:00 15076817                   /usr/lib/jvm/java-7-oracle/jre/lib/amd64/server/libjvm.so
7f20a96d8000-7f20a98d7000 ---p 00b76000 fc:00 15076817                   /usr/lib/jvm/java-7-oracle/jre/lib/amd64/server/libjvm.so
7f20a98d7000-7f20a999b000 rw-p 00b75000 fc:00 15076817                   /usr/lib/jvm/java-7-oracle/jre/lib/amd64/server/libjvm.so
7f20a999b000-7f20a99dc000 rw-p 00000000 00:00 0 
7f20a99dc000-7f20a9b9b000 r-xp 00000000 fc:00 33557444                   /lib/x86_64-linux-gnu/libc-2.23.so
7f20a9b9b000-7f20a9d9b000 ---p 001bf000 fc:00 33557444                   /lib/x86_64-linux-gnu/libc-2.23.so
7f20a9d9b000-7f20a9d9f000 r--p 001bf000 fc:00 33557444                   /lib/x86_64-linux-gnu/libc-2.23.so
7f20a9d9f000-7f20a9da1000 rw-p 001c3000 fc:00 33557444                   /lib/x86_64-linux-gnu/libc-2.23.so
7f20a9da1000-7f20a9da5000 rw-p 00000000 00:00 0 
7f20a9da5000-7f20a9da8000 r-xp 00000000 fc:00 33557443                   /lib/x86_64-linux-gnu/libdl-2.23.so
7f20a9da8000-7f20a9fa7000 ---p 00003000 fc:00 33557443                   /lib/x86_64-linux-gnu/libdl-2.23.so
7f20a9fa7000-7f20a9fa8000 r--p 00002000 fc:00 33557443                   /lib/x86_64-linux-gnu/libdl-2.23.so
7f20a9fa8000-7f20a9fa9000 rw-p 00003000 fc:00 33557443                   /lib/x86_64-linux-gnu/libdl-2.23.so
7f20a9fa9000-7f20a9fbe000 r-xp 00000000 fc:00 15076809                   /usr/lib/jvm/java-7-oracle/jre/lib/amd64/jli/libjli.so
7f20a9fbe000-7f20aa1bd000 ---p 00015000 fc:00 15076809                   /usr/lib/jvm/java-7-oracle/jre/lib/amd64/jli/libjli.so
7f20aa1bd000-7f20aa1be000 rw-p 00014000 fc:00 15076809                   /usr/lib/jvm/java-7-oracle/jre/lib/amd64/jli/libjli.so
7f20aa1be000-7f20aa1d6000 r-xp 00000000 fc:00 33557450                   /lib/x86_64-linux-gnu/libpthread-2.23.so
7f20aa1d6000-7f20aa3d5000 ---p 00018000 fc:00 33557450                   /lib/x86_64-linux-gnu/libpthread-2.23.so
7f20aa3d5000-7f20aa3d6000 r--p 00017000 fc:00 33557450                   /lib/x86_64-linux-gnu/libpthread-2.23.so
7f20aa3d6000-7f20aa3d7000 rw-p 00018000 fc:00 33557450                   /lib/x86_64-linux-gnu/libpthread-2.23.so
7f20aa3d7000-7f20aa3db000 rw-p 00000000 00:00 0 
7f20aa3db000-7f20aa401000 r-xp 00000000 fc:00 33557432                   /lib/x86_64-linux-gnu/ld-2.23.so
7f20aa401000-7f20aa402000 r--s 00000000 fc:00 24119506                   /var/cache/fontconfig/30829fa25452a46451e813d634d7f916-le64.cache-6
7f20aa402000-7f20aa403000 r--s 00000000 fc:00 24119386                   /var/cache/fontconfig/0c9eb80ebd1c36541ebe2852d3bb0c49-le64.cache-6
7f20aa403000-7f20aa404000 r--s 00000000 fc:00 24118963                   /var/cache/fontconfig/573ec803664ed168555e0e8b6d0f0c7f-le64.cache-6
7f20aa404000-7f20aa406000 r--s 00000000 fc:00 24118778                   /var/cache/fontconfig/16326683038b281783a0ef8c680e3a10-le64.cache-6
7f20aa406000-7f20aa407000 r--s 00000000 fc:00 24121133                   /var/cache/fontconfig/e0aa53bcfa504e64f87823c16bc01eb6-le64.cache-6
7f20aa416000-7f20aa417000 r--p 00000000 00:00 0 
7f20aa417000-7f20aa421000 rw-p 00000000 00:00 0 
7f20aa421000-7f20aa4d7000 rw-p 00000000 00:00 0 
7f20aa4d7000-7f20aa4da000 ---p 00000000 00:00 0 
7f20aa4da000-7f20aa5dc000 rw-p 00000000 00:00 0 
7f20aa5dc000-7f20aa5de000 r--s 0000d000 fc:00 15204562                   /usr/share/java/RXTXcomm-2.2pre2.jar
7f20aa5de000-7f20aa5df000 r--s 00000000 fc:00 15215398                   /usr/share/java/AbsoluteLayout-8.1.jar
7f20aa5df000-7f20aa5f4000 rw-p 00000000 00:00 0 
7f20aa5f4000-7f20aa5fc000 rw-s 00000000 fc:00 18222867                   /tmp/hsperfdata_krtek/6599
7f20aa5fc000-7f20aa5fd000 rw-p 00000000 00:00 0 
7f20aa5fd000-7f20aa5fe000 r--p 00000000 00:00 0 
7f20aa5fe000-7f20aa600000 rw-p 00000000 00:00 0 
7f20aa600000-7f20aa601000 r--p 00025000 fc:00 33557432                   /lib/x86_64-linux-gnu/ld-2.23.so
7f20aa601000-7f20aa602000 rw-p 00026000 fc:00 33557432                   /lib/x86_64-linux-gnu/ld-2.23.so
7f20aa602000-7f20aa603000 rw-p 00000000 00:00 0 
7ffc55105000-7ffc55126000 rw-p 00000000 00:00 0                          [stack]
7ffc55147000-7ffc55149000 r--p 00000000 00:00 0                          [vvar]
7ffc55149000-7ffc5514b000 r-xp 00000000 00:00 0                          [vdso]
ffffffffff600000-ffffffffff601000 r-xp 00000000 00:00 0                  [vsyscall]

VM Arguments:
jvm_args: -Dfile.encoding=UTF-8 
java_command: s3games.S3Games
Launcher Type: SUN_STANDARD

Environment Variables:
JAVA_HOME=/usr/lib/jvm/java-1.8.0-openjdk-amd64
PATH=/home/krtek/bin:/home/krtek/.local/bin:/usr/local/sbin:/usr/local/bin:/usr/sbin:/usr/bin:/sbin:/bin:/usr/games:/usr/local/games:/snap/bin
LD_LIBRARY_PATH=/usr/lib/jvm/java-7-oracle/bin/../jre/lib/amd64:/usr/lib/jvm/java-7-oracle/bin/../jre/lib/i386:
SHELL=/bin/bash
DISPLAY=:0

Signal Handlers:
SIGSEGV: [libjvm.so+0x9a3b20], sa_mask[0]=0x7ffbfeff, sa_flags=0x10000004
SIGBUS: [libjvm.so+0x9a3b20], sa_mask[0]=0x7ffbfeff, sa_flags=0x10000004
SIGFPE: [libjvm.so+0x81e740], sa_mask[0]=0x7ffbfeff, sa_flags=0x10000004
SIGPIPE: [libjvm.so+0x81e740], sa_mask[0]=0x7ffbfeff, sa_flags=0x10000004
SIGXFSZ: [libjvm.so+0x81e740], sa_mask[0]=0x7ffbfeff, sa_flags=0x10000004
SIGILL: [libjvm.so+0x81e740], sa_mask[0]=0x7ffbfeff, sa_flags=0x10000004
SIGUSR1: SIG_DFL, sa_mask[0]=0x00000000, sa_flags=0x00000000
SIGUSR2: [libjvm.so+0x81ffb0], sa_mask[0]=0x00000004, sa_flags=0x10000004
SIGHUP: [libjvm.so+0x8210d0], sa_mask[0]=0x7ffbfeff, sa_flags=0x10000004
SIGINT: SIG_IGN, sa_mask[0]=0x00000000, sa_flags=0x00000000
SIGTERM: [libjvm.so+0x8210d0], sa_mask[0]=0x7ffbfeff, sa_flags=0x10000004
SIGQUIT: [libjvm.so+0x8210d0], sa_mask[0]=0x7ffbfeff, sa_flags=0x10000004


---------------  S Y S T E M  ---------------

OS:stretch/sid

uname:Linux 4.4.0-64-generic #85-Ubuntu SMP Mon Feb 20 11:50:30 UTC 2017 x86_64
libc:glibc 2.23 NPTL 2.23 
rlimit: STACK 8192k, CORE 0k, NPROC 15061, NOFILE 65536, AS infinity
load average:1.82 1.73 1.67

/proc/meminfo:
MemTotal:        3895996 kB
MemFree:          245084 kB
MemAvailable:    1175452 kB
Buffers:           72176 kB
Cached:          1335984 kB
SwapCached:        39524 kB
Active:          2330352 kB
Inactive:        1045104 kB
Active(anon):    1604828 kB
Inactive(anon):   696444 kB
Active(file):     725524 kB
Inactive(file):   348660 kB
Unevictable:        1300 kB
Mlocked:            1300 kB
SwapTotal:       4038652 kB
SwapFree:        3486000 kB
Dirty:               392 kB
Writeback:             0 kB
AnonPages:       1951132 kB
Mapped:           354268 kB
Shmem:            333972 kB
Slab:             163300 kB
SReclaimable:     123676 kB
SUnreclaim:        39624 kB
KernelStack:       11136 kB
PageTables:        49168 kB
NFS_Unstable:          0 kB
Bounce:                0 kB
WritebackTmp:          0 kB
CommitLimit:     5986648 kB
Committed_AS:    8023064 kB
VmallocTotal:   34359738367 kB
VmallocUsed:           0 kB
VmallocChunk:          0 kB
HardwareCorrupted:     0 kB
AnonHugePages:   1034240 kB
CmaTotal:              0 kB
CmaFree:               0 kB
HugePages_Total:       0
HugePages_Free:        0
HugePages_Rsvd:        0
HugePages_Surp:        0
Hugepagesize:       2048 kB
DirectMap4k:      178432 kB
DirectMap2M:     3864576 kB


CPU:total 2 (2 cores per cpu, 1 threads per core) family 6 model 42 stepping 7, cmov, cx8, fxsr, mmx, sse, sse2, sse3, ssse3, sse4.1, sse4.2, popcnt, tsc, tscinvbit

/proc/cpuinfo:
processor	: 0
vendor_id	: GenuineIntel
cpu family	: 6
model		: 42
model name	: Intel(R) Celeron(R) CPU B800 @ 1.50GHz
stepping	: 7
microcode	: 0x29
cpu MHz		: 1500.000
cache size	: 2048 KB
physical id	: 0
siblings	: 2
core id		: 0
cpu cores	: 2
apicid		: 0
initial apicid	: 0
fpu		: yes
fpu_exception	: yes
cpuid level	: 13
wp		: yes
flags		: fpu vme de pse tsc msr pae mce cx8 apic sep mtrr pge mca cmov pat pse36 clflush dts acpi mmx fxsr sse sse2 ss ht tm pbe syscall nx rdtscp lm constant_tsc arch_perfmon pebs bts rep_good nopl xtopology nonstop_tsc aperfmperf eagerfpu pni pclmulqdq dtes64 monitor ds_cpl vmx est tm2 ssse3 cx16 xtpr pdcm pcid sse4_1 sse4_2 x2apic popcnt tsc_deadline_timer xsave lahf_lm epb tpr_shadow vnmi flexpriority ept vpid xsaveopt dtherm arat pln pts
bugs		:
bogomips	: 2992.92
clflush size	: 64
cache_alignment	: 64
address sizes	: 36 bits physical, 48 bits virtual
power management:

processor	: 1
vendor_id	: GenuineIntel
cpu family	: 6
model		: 42
model name	: Intel(R) Celeron(R) CPU B800 @ 1.50GHz
stepping	: 7
microcode	: 0x29
cpu MHz		: 1499.941
cache size	: 2048 KB
physical id	: 0
siblings	: 2
core id		: 1
cpu cores	: 2
apicid		: 2
initial apicid	: 2
fpu		: yes
fpu_exception	: yes
cpuid level	: 13
wp		: yes
flags		: fpu vme de pse tsc msr pae mce cx8 apic sep mtrr pge mca cmov pat pse36 clflush dts acpi mmx fxsr sse sse2 ss ht tm pbe syscall nx rdtscp lm constant_tsc arch_perfmon pebs bts rep_good nopl xtopology nonstop_tsc aperfmperf eagerfpu pni pclmulqdq dtes64 monitor ds_cpl vmx est tm2 ssse3 cx16 xtpr pdcm pcid sse4_1 sse4_2 x2apic popcnt tsc_deadline_timer xsave lahf_lm epb tpr_shadow vnmi flexpriority ept vpid xsaveopt dtherm arat pln pts
bugs		:
bogomips	: 2992.92
clflush size	: 64
cache_alignment	: 64
address sizes	: 36 bits physical, 48 bits virtual
power management:



Memory: 4k page, physical 3895996k(245084k free), swap 4038652k(3486000k free)

vm_info: Java HotSpot(TM) 64-Bit Server VM (24.80-b11) for linux-amd64 JRE (1.7.0_80-b15), built on Apr 10 2015 19:53:14 by "java_re" with gcc 4.3.0 20080428 (Red Hat 4.3.0-8)

time: Sun Mar  5 20:27:46 2017
elapsed time: 8 seconds

